[10/02/2026 14:34:50,07] Servidor iniciado 
::1 - - [10/Feb/2026 14:34:54] "GET / HTTP/1.1" 200 -
::1 - - [10/Feb/2026 14:34:55] "GET /favicon.ico HTTP/1.1" 304 -
::1 - - [10/Feb/2026 14:35:00] "GET / HTTP/1.1" 200 -
::1 - - [10/Feb/2026 14:35:08] "GET /Portal.html HTTP/1.1" 200 -
::1 - - [10/Feb/2026 14:35:08] "GET /portal.css HTTP/1.1" 200 -
::1 - - [10/Feb/2026 14:35:08] "GET /logo111.png HTTP/1.1" 200 -
::1 - - [10/Feb/2026 14:35:08] "GET /tryvia.png HTTP/1.1" 200 -
::1 - - [10/Feb/2026 14:35:08] "GET /portal.js HTTP/1.1" 200 -
::1 - - [10/Feb/2026 14:35:08] "GET /audit-utility.js HTTP/1.1" 200 -
::1 - - [10/Feb/2026 14:35:08] "GET /SING-Service/consultar_integracao_IDCliente.js HTTP/1.1" 200 -
::1 - - [10/Feb/2026 14:35:08] "GET /audit.js HTTP/1.1" 200 -
::1 - - [10/Feb/2026 14:35:08] "GET /SING-Service/obter-token.js HTTP/1.1" 200 -
::1 - - [10/Feb/2026 14:35:08] "GET /raio-x/index.html HTTP/1.1" 200 -
::1 - - [10/Feb/2026 14:35:08] "GET /login/index.html HTTP/1.1" 200 -
::1 - - [10/Feb/2026 14:35:08] "GET /raio-x/styles.css HTTP/1.1" 200 -
----------------------------------------
Exception occurred during processing of request from ('::1', 64574, 0, 0)
::1 - - [10/Feb/2026 14:35:08] "GET /login/styles.css HTTP/1.1" 200 -
::1 - - [10/Feb/2026 14:35:08] "GET /login/images/logo-globe.png HTTP/1.1" 200 -
::1 - - [10/Feb/2026 14:35:08] "GET /login/images/logo-compass.png HTTP/1.1" 200 -
::1 - - [10/Feb/2026 14:35:08] "GET /login/images/logo-clock.png HTTP/1.1" 200 -
::1 - - [10/Feb/2026 14:35:08] "GET /raio-x/script.js HTTP/1.1" 200 -
::1 - - [10/Feb/2026 14:35:08] "GET /login/images/logo-target.png HTTP/1.1" 200 -
----------------------------------------
Exception occurred during processing of request from ('::1', 57024, 0, 0)
::1 - - [10/Feb/2026 14:35:08] "GET /login/images/logo-group.png HTTP/1.1" 200 -
::1 - - [10/Feb/2026 14:35:09] "GET /login/script.js HTTP/1.1" 200 -
Traceback (most recent call last):
Traceback (most recent call last):
  File "C:\Program Files\WindowsApps\PythonSoftwareFoundation.Python.3.13_3.13.3312.0_x64__qbz5n2kfra8p0\Lib\socketserver.py", line 697, in process_request_thread
    self.finish_request(request, client_address)
    ~~~~~~~~~~~~~~~~~~~^^^^^^^^^^^^^^^^^^^^^^^^^
  File "C:\Program Files\WindowsApps\PythonSoftwareFoundation.Python.3.13_3.13.3312.0_x64__qbz5n2kfra8p0\Lib\socketserver.py", line 697, in process_request_thread
    self.finish_request(request, client_address)
    ~~~~~~~~~~~~~~~~~~~^^^^^^^^^^^^^^^^^^^^^^^^^
  File "C:\Program Files\WindowsApps\PythonSoftwareFoundation.Python.3.13_3.13.3312.0_x64__qbz5n2kfra8p0\Lib\http\server.py", line 1342, in finish_request
    self.RequestHandlerClass(request, client_address, self,
    ~~~~~~~~~~~~~~~~~~~~~~~~^^^^^^^^^^^^^^^^^^^^^^^^^^^^^^^
                             directory=args.directory)
                             ^^^^^^^^^^^^^^^^^^^^^^^^^
  File "C:\Program Files\WindowsApps\PythonSoftwareFoundation.Python.3.13_3.13.3312.0_x64__qbz5n2kfra8p0\Lib\http\server.py", line 683, in __init__
    super().__init__(*args, **kwargs)
    ~~~~~~~~~~~~~~~~^^^^^^^^^^^^^^^^^
  File "C:\Program Files\WindowsApps\PythonSoftwareFoundation.Python.3.13_3.13.3312.0_x64__qbz5n2kfra8p0\Lib\http\server.py", line 1342, in finish_request
    self.RequestHandlerClass(request, client_address, self,
    ~~~~~~~~~~~~~~~~~~~~~~~~^^^^^^^^^^^^^^^^^^^^^^^^^^^^^^^
                             directory=args.directory)
                             ^^^^^^^^^^^^^^^^^^^^^^^^^
  File "C:\Program Files\WindowsApps\PythonSoftwareFoundation.Python.3.13_3.13.3312.0_x64__qbz5n2kfra8p0\Lib\socketserver.py", line 766, in __init__
    self.handle()
    ~~~~~~~~~~~^^
  File "C:\Program Files\WindowsApps\PythonSoftwareFoundation.Python.3.13_3.13.3312.0_x64__qbz5n2kfra8p0\Lib\http\server.py", line 683, in __init__
    super().__init__(*args, **kwargs)
    ~~~~~~~~~~~~~~~~^^^^^^^^^^^^^^^^^
  File "C:\Program Files\WindowsApps\PythonSoftwareFoundation.Python.3.13_3.13.3312.0_x64__qbz5n2kfra8p0\Lib\http\server.py", line 447, in handle
    self.handle_one_request()
    ~~~~~~~~~~~~~~~~~~~~~~~^^
  File "C:\Program Files\WindowsApps\PythonSoftwareFoundation.Python.3.13_3.13.3312.0_x64__qbz5n2kfra8p0\Lib\socketserver.py", line 766, in __init__
    self.handle()
    ~~~~~~~~~~~^^
  File "C:\Program Files\WindowsApps\PythonSoftwareFoundation.Python.3.13_3.13.3312.0_x64__qbz5n2kfra8p0\Lib\http\server.py", line 435, in handle_one_request
    method()
    ~~~~~~^^
  File "C:\Program Files\WindowsApps\PythonSoftwareFoundation.Python.3.13_3.13.3312.0_x64__qbz5n2kfra8p0\Lib\http\server.py", line 447, in handle
    self.handle_one_request()
    ~~~~~~~~~~~~~~~~~~~~~~~^^
  File "C:\Program Files\WindowsApps\PythonSoftwareFoundation.Python.3.13_3.13.3312.0_x64__qbz5n2kfra8p0\Lib\http\server.py", line 690, in do_GET
    self.copyfile(f, self.wfile)
    ~~~~~~~~~~~~~^^^^^^^^^^^^^^^
  File "C:\Program Files\WindowsApps\PythonSoftwareFoundation.Python.3.13_3.13.3312.0_x64__qbz5n2kfra8p0\Lib\http\server.py", line 435, in handle_one_request
    method()
    ~~~~~~^^
  File "C:\Program Files\WindowsApps\PythonSoftwareFoundation.Python.3.13_3.13.3312.0_x64__qbz5n2kfra8p0\Lib\http\server.py", line 892, in copyfile
    shutil.copyfileobj(source, outputfile)
    ~~~~~~~~~~~~~~~~~~^^^^^^^^^^^^^^^^^^^^
  File "C:\Program Files\WindowsApps\PythonSoftwareFoundation.Python.3.13_3.13.3312.0_x64__qbz5n2kfra8p0\Lib\http\server.py", line 690, in do_GET
    self.copyfile(f, self.wfile)
    ~~~~~~~~~~~~~^^^^^^^^^^^^^^^
  File "C:\Program Files\WindowsApps\PythonSoftwareFoundation.Python.3.13_3.13.3312.0_x64__qbz5n2kfra8p0\Lib\shutil.py", line 204, in copyfileobj
    fdst_write(buf)
    ~~~~~~~~~~^^^^^
  File "C:\Program Files\WindowsApps\PythonSoftwareFoundation.Python.3.13_3.13.3312.0_x64__qbz5n2kfra8p0\Lib\http\server.py", line 892, in copyfile
    shutil.copyfileobj(source, outputfile)
    ~~~~~~~~~~~~~~~~~~^^^^^^^^^^^^^^^^^^^^
  File "C:\Program Files\WindowsApps\PythonSoftwareFoundation.Python.3.13_3.13.3312.0_x64__qbz5n2kfra8p0\Lib\socketserver.py", line 845, in write
    self._sock.sendall(b)
    ~~~~~~~~~~~~~~~~~~^^^
  File "C:\Program Files\WindowsApps\PythonSoftwareFoundation.Python.3.13_3.13.3312.0_x64__qbz5n2kfra8p0\Lib\shutil.py", line 204, in copyfileobj
    fdst_write(buf)
    ~~~~~~~~~~^^^^^
ConnectionAbortedError: [WinError 10053] Uma conexão estabelecida foi anulada pelo software no computador host
  File "C:\Program Files\WindowsApps\PythonSoftwareFoundation.Python.3.13_3.13.3312.0_x64__qbz5n2kfra8p0\Lib\socketserver.py", line 845, in write
    self._sock.sendall(b)
    ~~~~~~~~~~~~~~~~~~^^^
----------------------------------------
ConnectionAbortedError: [WinError 10053] Uma conexão estabelecida foi anulada pelo software no computador host
----------------------------------------
::1 - - [10/Feb/2026 14:35:15] "GET /Portal.html HTTP/1.1" 304 -
::1 - - [10/Feb/2026 14:35:15] "GET /raio-x/styles.css HTTP/1.1" 200 -
::1 - - [10/Feb/2026 14:35:15] "GET /raio-x/script.js HTTP/1.1" 200 -
::1 - - [10/Feb/2026 14:35:27] "GET /mapa_visitas.html HTTP/1.1" 200 -
::1 - - [10/Feb/2026 14:41:26] "GET /Portal.html HTTP/1.1" 200 -
::1 - - [10/Feb/2026 14:41:26] "GET /portal.css HTTP/1.1" 200 -
::1 - - [10/Feb/2026 14:41:26] "GET /logo111.png HTTP/1.1" 200 -
::1 - - [10/Feb/2026 14:41:26] "GET /tryvia.png HTTP/1.1" 200 -
::1 - - [10/Feb/2026 14:41:26] "GET /portal.js HTTP/1.1" 200 -
::1 - - [10/Feb/2026 14:41:26] "GET /audit.js HTTP/1.1" 200 -
::1 - - [10/Feb/2026 14:41:26] "GET /audit-utility.js HTTP/1.1" 200 -
::1 - - [10/Feb/2026 14:41:26] "GET /SING-Service/consultar_integracao_IDCliente.js HTTP/1.1" 200 -
::1 - - [10/Feb/2026 14:41:26] "GET /SING-Service/obter-token.js HTTP/1.1" 200 -
::1 - - [10/Feb/2026 14:41:26] "GET /raio-x/index.html HTTP/1.1" 200 -
::1 - - [10/Feb/2026 14:41:26] "GET /raio-x/styles.css HTTP/1.1" 200 -
::1 - - [10/Feb/2026 14:41:26] "GET /raio-x/script.js HTTP/1.1" 200 -
::1 - - [10/Feb/2026 14:41:38] "GET /Portal.html HTTP/1.1" 200 -
::1 - - [10/Feb/2026 14:41:38] "GET /portal.css HTTP/1.1" 200 -
::1 - - [10/Feb/2026 14:41:38] "GET /logo111.png HTTP/1.1" 200 -
::1 - - [10/Feb/2026 14:41:38] "GET /tryvia.png HTTP/1.1" 200 -
::1 - - [10/Feb/2026 14:41:38] "GET /portal.js HTTP/1.1" 200 -
::1 - - [10/Feb/2026 14:41:38] "GET /audit.js HTTP/1.1" 200 -
::1 - - [10/Feb/2026 14:41:38] "GET /audit-utility.js HTTP/1.1" 200 -
::1 - - [10/Feb/2026 14:41:38] "GET /SING-Service/consultar_integracao_IDCliente.js HTTP/1.1" 200 -
::1 - - [10/Feb/2026 14:41:38] "GET /SING-Service/obter-token.js HTTP/1.1" 200 -
::1 - - [10/Feb/2026 14:41:38] "GET /raio-x/index.html HTTP/1.1" 200 -
::1 - - [10/Feb/2026 14:41:38] "GET /raio-x/styles.css HTTP/1.1" 200 -
::1 - - [10/Feb/2026 14:41:38] "GET /raio-x/script.js HTTP/1.1" 200 -
::1 - - [10/Feb/2026 14:41:45] "GET /mapa_visitas.html HTTP/1.1" 200 -
::1 - - [10/Feb/2026 14:41:45] "GET /tryvia.png HTTP/1.1" 200 -
::1 - - [10/Feb/2026 14:42:04] "GET /calendario.html HTTP/1.1" 200 -
::1 - - [10/Feb/2026 14:42:04] "GET /calendario.html HTTP/1.1" 200 -
----------------------------------------
Exception occurred during processing of request from ('::1', 57028, 0, 0)
Traceback (most recent call last):
  File "C:\Program Files\WindowsApps\PythonSoftwareFoundation.Python.3.13_3.13.3312.0_x64__qbz5n2kfra8p0\Lib\socketserver.py", line 697, in process_request_thread
    self.finish_request(request, client_address)
    ~~~~~~~~~~~~~~~~~~~^^^^^^^^^^^^^^^^^^^^^^^^^
  File "C:\Program Files\WindowsApps\PythonSoftwareFoundation.Python.3.13_3.13.3312.0_x64__qbz5n2kfra8p0\Lib\http\server.py", line 1342, in finish_request
    self.RequestHandlerClass(request, client_address, self,
    ~~~~~~~~~~~~~~~~~~~~~~~~^^^^^^^^^^^^^^^^^^^^^^^^^^^^^^^
                             directory=args.directory)
                             ^^^^^^^^^^^^^^^^^^^^^^^^^
  File "C:\Program Files\WindowsApps\PythonSoftwareFoundation.Python.3.13_3.13.3312.0_x64__qbz5n2kfra8p0\Lib\http\server.py", line 683, in __init__
    super().__init__(*args, **kwargs)
    ~~~~~~~~~~~~~~~~^^^^^^^^^^^^^^^^^
  File "C:\Program Files\WindowsApps\PythonSoftwareFoundation.Python.3.13_3.13.3312.0_x64__qbz5n2kfra8p0\Lib\socketserver.py", line 766, in __init__
    self.handle()
    ~~~~~~~~~~~^^
  File "C:\Program Files\WindowsApps\PythonSoftwareFoundation.Python.3.13_3.13.3312.0_x64__qbz5n2kfra8p0\Lib\http\server.py", line 447, in handle
    self.handle_one_request()
    ~~~~~~~~~~~~~~~~~~~~~~~^^
  File "C:\Program Files\WindowsApps\PythonSoftwareFoundation.Python.3.13_3.13.3312.0_x64__qbz5n2kfra8p0\Lib\http\server.py", line 435, in handle_one_request
    method()
    ~~~~~~^^
  File "C:\Program Files\WindowsApps\PythonSoftwareFoundation.Python.3.13_3.13.3312.0_x64__qbz5n2kfra8p0\Lib\http\server.py", line 690, in do_GET
    self.copyfile(f, self.wfile)
    ~~~~~~~~~~~~~^^^^^^^^^^^^^^^
  File "C:\Program Files\WindowsApps\PythonSoftwareFoundation.Python.3.13_3.13.3312.0_x64__qbz5n2kfra8p0\Lib\http\server.py", line 892, in copyfile
    shutil.copyfileobj(source, outputfile)
    ~~~~~~~~~~~~~~~~~~^^^^^^^^^^^^^^^^^^^^
  File "C:\Program Files\WindowsApps\PythonSoftwareFoundation.Python.3.13_3.13.3312.0_x64__qbz5n2kfra8p0\Lib\shutil.py", line 204, in copyfileobj
    fdst_write(buf)
    ~~~~~~~~~~^^^^^
  File "C:\Program Files\WindowsApps\PythonSoftwareFoundation.Python.3.13_3.13.3312.0_x64__qbz5n2kfra8p0\Lib\socketserver.py", line 845, in write
    self._sock.sendall(b)
    ~~~~~~~~~~~~~~~~~~^^^
ConnectionAbortedError: [WinError 10053] Uma conexão estabelecida foi anulada pelo software no computador host
----------------------------------------
::1 - - [10/Feb/2026 14:42:25] "GET /linha%20do%20tempo.html HTTP/1.1" 200 -
::1 - - [10/Feb/2026 14:42:28] "GET /Portal.html HTTP/1.1" 304 -
::1 - - [10/Feb/2026 14:42:33] "GET /implanta%C3%A7%C3%A3o.html HTTP/1.1" 200 -
::1 - - [10/Feb/2026 14:42:35] "GET /style.css HTTP/1.1" 200 -
::1 - - [10/Feb/2026 14:42:35] "GET /supabase-config.js HTTP/1.1" 200 -
::1 - - [10/Feb/2026 14:42:36] "GET /script_modificado.js HTTP/1.1" 200 -
