[20/02/2026 10:05:00,13] Servidor iniciado 
::1 - - [20/Feb/2026 10:05:02] "GET / HTTP/1.1" 200 -
::1 - - [20/Feb/2026 10:05:02] "GET /favicon.ico HTTP/1.1" 200 -
::1 - - [20/Feb/2026 10:05:04] "GET /Portal.html HTTP/1.1" 200 -
::1 - - [20/Feb/2026 10:05:04] "GET /portal.css HTTP/1.1" 200 -
::1 - - [20/Feb/2026 10:05:04] "GET /tryvia.png HTTP/1.1" 200 -
::1 - - [20/Feb/2026 10:05:04] "GET /logo111.png HTTP/1.1" 200 -
::1 - - [20/Feb/2026 10:05:04] "GET /portal.js HTTP/1.1" 200 -
::1 - - [20/Feb/2026 10:05:04] "GET /audit.js HTTP/1.1" 200 -
::1 - - [20/Feb/2026 10:05:04] "GET /audit-utility.js HTTP/1.1" 200 -
::1 - - [20/Feb/2026 10:05:04] "GET /SING-Service/consultar_integracao_IDCliente.js HTTP/1.1" 200 -
::1 - - [20/Feb/2026 10:05:04] "GET /SING-Service/obter-token.js HTTP/1.1" 200 -
::1 - - [20/Feb/2026 10:05:05] "GET /raio-x/index.html HTTP/1.1" 200 -
::1 - - [20/Feb/2026 10:05:05] "GET /login/index.html HTTP/1.1" 200 -
::1 - - [20/Feb/2026 10:05:05] "GET /raio-x/styles.css HTTP/1.1" 200 -
::1 - - [20/Feb/2026 10:05:05] "GET /login/styles.css HTTP/1.1" 200 -
::1 - - [20/Feb/2026 10:05:05] "GET /login/script.js HTTP/1.1" 200 -
::1 - - [20/Feb/2026 10:05:05] "GET /login/images/logo-target.png HTTP/1.1" 200 -
::1 - - [20/Feb/2026 10:05:05] "GET /login/images/logo-compass.png HTTP/1.1" 200 -
::1 - - [20/Feb/2026 10:05:05] "GET /login/images/logo-group.png HTTP/1.1" 200 -
::1 - - [20/Feb/2026 10:05:05] "GET /login/images/logo-globe.png HTTP/1.1" 200 -
::1 - - [20/Feb/2026 10:05:05] "GET /login/images/logo-clock.png HTTP/1.1" 200 -
::1 - - [20/Feb/2026 10:05:16] "GET /raio-x/script.js HTTP/1.1" 200 -
::1 - - [20/Feb/2026 10:05:19] "GET /melhorias/index.html HTTP/1.1" 200 -
::1 - - [20/Feb/2026 10:05:19] "GET /melhorias/styles.css HTTP/1.1" 200 -
::1 - - [20/Feb/2026 10:05:19] "GET /melhorias/app.js HTTP/1.1" 200 -
::1 - - [20/Feb/2026 10:06:20] code 404, message File not found
::1 - - [20/Feb/2026 10:06:20] "GET /.well-known/appspecific/com.chrome.devtools.json HTTP/1.1" 404 -
::1 - - [20/Feb/2026 10:06:45] "GET /melhorias/index.html HTTP/1.1" 200 -
::1 - - [20/Feb/2026 10:06:45] code 404, message File not found
::1 - - [20/Feb/2026 10:06:45] "GET /.well-known/appspecific/com.chrome.devtools.json HTTP/1.1" 404 -
::1 - - [20/Feb/2026 10:06:45] "GET /melhorias/app.js HTTP/1.1" 200 -
