[25/03/2026 14:54:22,66] Servidor iniciado 
::1 - - [25/Mar/2026 14:54:26] "GET / HTTP/1.1" 200 -
::1 - - [25/Mar/2026 14:54:26] code 404, message File not found
::1 - - [25/Mar/2026 14:54:26] "GET /favicon.ico HTTP/1.1" 404 -
::1 - - [25/Mar/2026 14:54:28] "GET /Portal.html HTTP/1.1" 200 -
::1 - - [25/Mar/2026 14:54:28] "GET /css/portal.css HTTP/1.1" 200 -
::1 - - [25/Mar/2026 14:54:28] "GET /tryvia.png HTTP/1.1" 200 -
::1 - - [25/Mar/2026 14:54:28] "GET /logo111.png HTTP/1.1" 200 -
::1 - - [25/Mar/2026 14:54:28] "GET /portal-function/function-ocultarabas.js HTTP/1.1" 200 -
::1 - - [25/Mar/2026 14:54:28] "GET /portal-function/audit.js HTTP/1.1" 200 -
::1 - - [25/Mar/2026 14:54:28] "GET /portal-function/audit-utility.js HTTP/1.1" 200 -
::1 - - [25/Mar/2026 14:54:28] "GET /SING-Service/obter-token.js HTTP/1.1" 200 -
::1 - - [25/Mar/2026 14:54:28] "GET /SING-Service/consultar_integracao_IDCliente.js HTTP/1.1" 200 -
::1 - - [25/Mar/2026 14:54:28] "GET /portal-function/portal.js HTTP/1.1" 200 -
::1 - - [25/Mar/2026 14:54:28] "GET /raio-x/index.html HTTP/1.1" 200 -
::1 - - [25/Mar/2026 14:54:28] "GET /raio-x/styles.css HTTP/1.1" 200 -
::1 - - [25/Mar/2026 14:54:28] "GET /login/index.html HTTP/1.1" 200 -
::1 - - [25/Mar/2026 14:54:28] "GET /raio-x/script.js HTTP/1.1" 200 -
::1 - - [25/Mar/2026 14:54:28] "GET /login/images/logo-compass.png HTTP/1.1" 200 -
::1 - - [25/Mar/2026 14:54:28] "GET /login/images/logo-target.png HTTP/1.1" 200 -
::1 - - [25/Mar/2026 14:54:28] "GET /login/styles.css HTTP/1.1" 200 -
::1 - - [25/Mar/2026 14:54:28] "GET /login/images/logo-globe.png HTTP/1.1" 200 -
::1 - - [25/Mar/2026 14:54:28] "GET /login/images/logo-group.png HTTP/1.1" 200 -
::1 - - [25/Mar/2026 14:54:28] "GET /login/images/logo-clock.png HTTP/1.1" 200 -
::1 - - [25/Mar/2026 14:54:28] "GET /login/script.js HTTP/1.1" 200 -
::1 - - [25/Mar/2026 14:56:59] "GET /Portal.html HTTP/1.1" 200 -
::1 - - [25/Mar/2026 14:59:58] "GET /Portal.html HTTP/1.1" 200 -
::1 - - [25/Mar/2026 15:04:27] "GET /Portal.html HTTP/1.1" 304 -
::1 - - [25/Mar/2026 15:04:30] "GET /Portal.html HTTP/1.1" 200 -
::1 - - [25/Mar/2026 15:04:30] "GET /css/portal.css HTTP/1.1" 200 -
::1 - - [25/Mar/2026 15:04:30] "GET /portal-function/function-ocultarabas.js HTTP/1.1" 200 -
::1 - - [25/Mar/2026 15:04:30] "GET /logo111.png HTTP/1.1" 200 -
::1 - - [25/Mar/2026 15:04:30] "GET /tryvia.png HTTP/1.1" 200 -
::1 - - [25/Mar/2026 15:04:30] "GET /portal-function/portal.js HTTP/1.1" 200 -
::1 - - [25/Mar/2026 15:04:30] "GET /portal-function/audit.js HTTP/1.1" 200 -
::1 - - [25/Mar/2026 15:04:30] "GET /portal-function/audit-utility.js HTTP/1.1" 200 -
::1 - - [25/Mar/2026 15:04:30] "GET /SING-Service/consultar_integracao_IDCliente.js HTTP/1.1" 200 -
::1 - - [25/Mar/2026 15:04:30] "GET /SING-Service/obter-token.js HTTP/1.1" 200 -
::1 - - [25/Mar/2026 15:04:30] "GET /raio-x/index.html HTTP/1.1" 200 -
::1 - - [25/Mar/2026 15:04:31] "GET /raio-x/styles.css HTTP/1.1" 200 -
::1 - - [25/Mar/2026 15:04:31] "GET /raio-x/script.js HTTP/1.1" 200 -
::1 - - [25/Mar/2026 15:04:35] "GET /tryvia.png HTTP/1.1" 200 -
::1 - - [25/Mar/2026 15:05:03] code 404, message File not found
::1 - - [25/Mar/2026 15:05:03] "GET /.well-known/appspecific/com.chrome.devtools.json HTTP/1.1" 404 -
::1 - - [25/Mar/2026 15:12:33] code 404, message File not found
::1 - - [25/Mar/2026 15:12:33] "GET /.well-known/appspecific/com.chrome.devtools.json HTTP/1.1" 404 -
::1 - - [25/Mar/2026 15:13:46] "GET /Portal.html HTTP/1.1" 304 -
::1 - - [25/Mar/2026 15:13:46] code 404, message File not found
::1 - - [25/Mar/2026 15:13:46] "GET /.well-known/appspecific/com.chrome.devtools.json HTTP/1.1" 404 -
::1 - - [25/Mar/2026 15:13:46] "GET /portal-function/portal.js HTTP/1.1" 200 -
::1 - - [25/Mar/2026 15:28:12] "GET /Portal.html HTTP/1.1" 200 -
::1 - - [25/Mar/2026 15:28:13] "GET /portal-function/portal.js HTTP/1.1" 200 -
::1 - - [25/Mar/2026 15:28:34] "GET /Portal.html HTTP/1.1" 304 -
::1 - - [25/Mar/2026 15:28:35] "GET /portal-function/portal.js HTTP/1.1" 200 -
::1 - - [25/Mar/2026 15:29:13] "GET /Portal.html HTTP/1.1" 304 -
::1 - - [25/Mar/2026 15:29:13] "GET /portal-function/portal.js HTTP/1.1" 200 -
::1 - - [25/Mar/2026 15:29:35] "GET /Portal.html HTTP/1.1" 200 -
::1 - - [25/Mar/2026 15:29:35] "GET /css/portal.css HTTP/1.1" 200 -
::1 - - [25/Mar/2026 15:29:35] "GET /portal-function/function-ocultarabas.js HTTP/1.1" 200 -
::1 - - [25/Mar/2026 15:29:35] "GET /tryvia.png HTTP/1.1" 200 -
::1 - - [25/Mar/2026 15:29:35] "GET /logo111.png HTTP/1.1" 200 -
::1 - - [25/Mar/2026 15:29:35] "GET /portal-function/audit.js HTTP/1.1" 200 -
::1 - - [25/Mar/2026 15:29:35] "GET /portal-function/audit-utility.js HTTP/1.1" 200 -
::1 - - [25/Mar/2026 15:29:35] "GET /SING-Service/obter-token.js HTTP/1.1" 200 -
::1 - - [25/Mar/2026 15:29:35] "GET /SING-Service/consultar_integracao_IDCliente.js HTTP/1.1" 200 -
::1 - - [25/Mar/2026 15:29:35] "GET /raio-x/index.html HTTP/1.1" 200 -
::1 - - [25/Mar/2026 15:29:35] "GET /raio-x/script.js HTTP/1.1" 200 -
::1 - - [25/Mar/2026 15:29:35] "GET /raio-x/styles.css HTTP/1.1" 200 -
::1 - - [25/Mar/2026 15:29:35] "GET /portal-function/portal.js HTTP/1.1" 200 -
::1 - - [25/Mar/2026 15:29:44] "GET /tryvia.png HTTP/1.1" 200 -
::1 - - [25/Mar/2026 15:29:48] "GET /Portal.html HTTP/1.1" 200 -
::1 - - [25/Mar/2026 15:29:48] "GET /css/portal.css HTTP/1.1" 200 -
::1 - - [25/Mar/2026 15:29:48] "GET /portal-function/function-ocultarabas.js HTTP/1.1" 200 -
::1 - - [25/Mar/2026 15:29:48] "GET /tryvia.png HTTP/1.1" 200 -
::1 - - [25/Mar/2026 15:29:48] "GET /logo111.png HTTP/1.1" 200 -
::1 - - [25/Mar/2026 15:29:48] "GET /portal-function/audit.js HTTP/1.1" 200 -
::1 - - [25/Mar/2026 15:29:48] "GET /portal-function/portal.js HTTP/1.1" 200 -
::1 - - [25/Mar/2026 15:29:48] "GET /portal-function/audit-utility.js HTTP/1.1" 200 -
::1 - - [25/Mar/2026 15:29:48] "GET /SING-Service/consultar_integracao_IDCliente.js HTTP/1.1" 200 -
::1 - - [25/Mar/2026 15:29:48] "GET /SING-Service/obter-token.js HTTP/1.1" 200 -
::1 - - [25/Mar/2026 15:29:48] "GET /raio-x/index.html HTTP/1.1" 200 -
::1 - - [25/Mar/2026 15:29:48] "GET /raio-x/styles.css HTTP/1.1" 200 -
::1 - - [25/Mar/2026 15:29:48] "GET /raio-x/script.js HTTP/1.1" 200 -
::1 - - [25/Mar/2026 15:29:56] "GET /tryvia.png HTTP/1.1" 200 -
::1 - - [25/Mar/2026 15:32:25] "GET /Portal.html HTTP/1.1" 200 -
::1 - - [25/Mar/2026 15:32:25] "GET /css/portal.css HTTP/1.1" 200 -
::1 - - [25/Mar/2026 15:32:25] "GET /portal-function/function-ocultarabas.js HTTP/1.1" 200 -
::1 - - [25/Mar/2026 15:32:25] "GET /logo111.png HTTP/1.1" 200 -
::1 - - [25/Mar/2026 15:32:25] "GET /tryvia.png HTTP/1.1" 200 -
::1 - - [25/Mar/2026 15:32:25] "GET /portal-function/portal.js HTTP/1.1" 200 -
::1 - - [25/Mar/2026 15:32:25] "GET /portal-function/audit.js HTTP/1.1" 200 -
::1 - - [25/Mar/2026 15:32:25] "GET /portal-function/audit-utility.js HTTP/1.1" 200 -
::1 - - [25/Mar/2026 15:32:25] "GET /SING-Service/obter-token.js HTTP/1.1" 200 -
::1 - - [25/Mar/2026 15:32:25] "GET /SING-Service/consultar_integracao_IDCliente.js HTTP/1.1" 200 -
::1 - - [25/Mar/2026 15:32:25] "GET /raio-x/index.html HTTP/1.1" 200 -
::1 - - [25/Mar/2026 15:32:25] "GET /raio-x/styles.css HTTP/1.1" 200 -
::1 - - [25/Mar/2026 15:32:25] "GET /raio-x/script.js HTTP/1.1" 200 -
::1 - - [25/Mar/2026 15:32:32] "GET /tryvia.png HTTP/1.1" 200 -
::1 - - [25/Mar/2026 15:33:13] "GET /Portal.html HTTP/1.1" 200 -
::1 - - [25/Mar/2026 15:33:13] "GET /portal-function/function-ocultarabas.js HTTP/1.1" 200 -
::1 - - [25/Mar/2026 15:33:13] "GET /logo111.png HTTP/1.1" 200 -
::1 - - [25/Mar/2026 15:33:13] "GET /tryvia.png HTTP/1.1" 200 -
::1 - - [25/Mar/2026 15:33:13] "GET /css/portal.css HTTP/1.1" 200 -
::1 - - [25/Mar/2026 15:33:13] "GET /portal-function/portal.js HTTP/1.1" 200 -
::1 - - [25/Mar/2026 15:33:13] "GET /portal-function/audit.js HTTP/1.1" 200 -
::1 - - [25/Mar/2026 15:33:13] "GET /portal-function/audit-utility.js HTTP/1.1" 200 -
::1 - - [25/Mar/2026 15:33:13] "GET /SING-Service/consultar_integracao_IDCliente.js HTTP/1.1" 200 -
::1 - - [25/Mar/2026 15:33:13] "GET /SING-Service/obter-token.js HTTP/1.1" 200 -
::1 - - [25/Mar/2026 15:33:13] "GET /raio-x/index.html HTTP/1.1" 200 -
::1 - - [25/Mar/2026 15:33:13] "GET /raio-x/styles.css HTTP/1.1" 200 -
::1 - - [25/Mar/2026 15:33:13] "GET /raio-x/script.js HTTP/1.1" 200 -
::1 - - [25/Mar/2026 15:33:20] "GET /tryvia.png HTTP/1.1" 200 -
::1 - - [25/Mar/2026 15:33:23] "GET /Portal.html HTTP/1.1" 200 -
::1 - - [25/Mar/2026 15:33:23] "GET /css/portal.css HTTP/1.1" 200 -
::1 - - [25/Mar/2026 15:33:23] "GET /portal-function/function-ocultarabas.js HTTP/1.1" 200 -
::1 - - [25/Mar/2026 15:33:23] "GET /logo111.png HTTP/1.1" 200 -
::1 - - [25/Mar/2026 15:33:23] "GET /tryvia.png HTTP/1.1" 200 -
::1 - - [25/Mar/2026 15:33:23] "GET /portal-function/portal.js HTTP/1.1" 200 -
::1 - - [25/Mar/2026 15:33:23] "GET /portal-function/audit.js HTTP/1.1" 200 -
::1 - - [25/Mar/2026 15:33:23] "GET /portal-function/audit-utility.js HTTP/1.1" 200 -
::1 - - [25/Mar/2026 15:33:23] "GET /SING-Service/consultar_integracao_IDCliente.js HTTP/1.1" 200 -
::1 - - [25/Mar/2026 15:33:23] "GET /SING-Service/obter-token.js HTTP/1.1" 200 -
::1 - - [25/Mar/2026 15:33:23] "GET /raio-x/index.html HTTP/1.1" 200 -
::1 - - [25/Mar/2026 15:33:23] "GET /raio-x/styles.css HTTP/1.1" 200 -
::1 - - [25/Mar/2026 15:33:23] "GET /raio-x/script.js HTTP/1.1" 200 -
::1 - - [25/Mar/2026 15:33:27] "GET /tryvia.png HTTP/1.1" 200 -
::1 - - [25/Mar/2026 15:33:45] "GET /Portal.html HTTP/1.1" 200 -
::1 - - [25/Mar/2026 15:33:45] "GET /portal-function/function-ocultarabas.js HTTP/1.1" 200 -
::1 - - [25/Mar/2026 15:33:45] "GET /logo111.png HTTP/1.1" 200 -
::1 - - [25/Mar/2026 15:33:45] "GET /tryvia.png HTTP/1.1" 200 -
::1 - - [25/Mar/2026 15:33:45] "GET /css/portal.css HTTP/1.1" 200 -
::1 - - [25/Mar/2026 15:33:45] "GET /portal-function/portal.js HTTP/1.1" 200 -
::1 - - [25/Mar/2026 15:33:45] "GET /portal-function/audit.js HTTP/1.1" 200 -
::1 - - [25/Mar/2026 15:33:45] "GET /portal-function/audit-utility.js HTTP/1.1" 200 -
::1 - - [25/Mar/2026 15:33:45] "GET /SING-Service/consultar_integracao_IDCliente.js HTTP/1.1" 200 -
::1 - - [25/Mar/2026 15:33:45] "GET /SING-Service/obter-token.js HTTP/1.1" 200 -
::1 - - [25/Mar/2026 15:33:45] "GET /raio-x/index.html HTTP/1.1" 200 -
::1 - - [25/Mar/2026 15:33:45] "GET /raio-x/styles.css HTTP/1.1" 200 -
::1 - - [25/Mar/2026 15:33:45] "GET /raio-x/script.js HTTP/1.1" 200 -
::1 - - [25/Mar/2026 15:33:50] "GET /tryvia.png HTTP/1.1" 200 -
::1 - - [25/Mar/2026 15:35:45] "GET /Portal.html HTTP/1.1" 200 -
::1 - - [25/Mar/2026 15:35:45] "GET /css/portal.css HTTP/1.1" 200 -
::1 - - [25/Mar/2026 15:35:45] "GET /portal-function/function-ocultarabas.js HTTP/1.1" 200 -
::1 - - [25/Mar/2026 15:35:45] "GET /logo111.png HTTP/1.1" 200 -
::1 - - [25/Mar/2026 15:35:45] "GET /tryvia.png HTTP/1.1" 200 -
::1 - - [25/Mar/2026 15:35:45] "GET /portal-function/portal.js HTTP/1.1" 200 -
::1 - - [25/Mar/2026 15:35:45] "GET /portal-function/audit.js HTTP/1.1" 200 -
::1 - - [25/Mar/2026 15:35:45] "GET /portal-function/audit-utility.js HTTP/1.1" 200 -
::1 - - [25/Mar/2026 15:35:45] "GET /SING-Service/consultar_integracao_IDCliente.js HTTP/1.1" 200 -
::1 - - [25/Mar/2026 15:35:45] "GET /SING-Service/obter-token.js HTTP/1.1" 200 -
::1 - - [25/Mar/2026 15:35:45] "GET /raio-x/index.html HTTP/1.1" 200 -
::1 - - [25/Mar/2026 15:35:46] "GET /raio-x/styles.css HTTP/1.1" 200 -
::1 - - [25/Mar/2026 15:35:46] "GET /raio-x/script.js HTTP/1.1" 200 -
::1 - - [25/Mar/2026 15:35:52] "GET /tryvia.png HTTP/1.1" 200 -
::1 - - [25/Mar/2026 15:36:23] "GET /Portal.html HTTP/1.1" 200 -
::1 - - [25/Mar/2026 15:36:23] "GET /css/portal.css HTTP/1.1" 200 -
::1 - - [25/Mar/2026 15:36:23] "GET /tryvia.png HTTP/1.1" 200 -
::1 - - [25/Mar/2026 15:36:23] "GET /portal-function/function-ocultarabas.js HTTP/1.1" 200 -
::1 - - [25/Mar/2026 15:36:23] "GET /logo111.png HTTP/1.1" 200 -
::1 - - [25/Mar/2026 15:36:23] "GET /portal-function/portal.js HTTP/1.1" 200 -
::1 - - [25/Mar/2026 15:36:23] "GET /portal-function/audit.js HTTP/1.1" 200 -
::1 - - [25/Mar/2026 15:36:23] "GET /portal-function/audit-utility.js HTTP/1.1" 200 -
::1 - - [25/Mar/2026 15:36:23] "GET /SING-Service/consultar_integracao_IDCliente.js HTTP/1.1" 200 -
::1 - - [25/Mar/2026 15:36:23] "GET /SING-Service/obter-token.js HTTP/1.1" 200 -
::1 - - [25/Mar/2026 15:36:23] "GET /raio-x/index.html HTTP/1.1" 200 -
::1 - - [25/Mar/2026 15:36:23] "GET /raio-x/styles.css HTTP/1.1" 200 -
::1 - - [25/Mar/2026 15:36:23] "GET /raio-x/script.js HTTP/1.1" 200 -
::1 - - [25/Mar/2026 15:36:29] "GET /tryvia.png HTTP/1.1" 200 -
::1 - - [25/Mar/2026 15:36:37] "GET /Portal.html HTTP/1.1" 200 -
::1 - - [25/Mar/2026 15:36:37] "GET /css/portal.css HTTP/1.1" 200 -
::1 - - [25/Mar/2026 15:36:37] "GET /portal-function/function-ocultarabas.js HTTP/1.1" 200 -
::1 - - [25/Mar/2026 15:36:37] "GET /logo111.png HTTP/1.1" 200 -
::1 - - [25/Mar/2026 15:36:37] "GET /tryvia.png HTTP/1.1" 200 -
::1 - - [25/Mar/2026 15:36:38] "GET /portal-function/portal.js HTTP/1.1" 200 -
::1 - - [25/Mar/2026 15:36:38] "GET /portal-function/audit.js HTTP/1.1" 200 -
::1 - - [25/Mar/2026 15:36:38] "GET /portal-function/audit-utility.js HTTP/1.1" 200 -
::1 - - [25/Mar/2026 15:36:38] "GET /SING-Service/consultar_integracao_IDCliente.js HTTP/1.1" 200 -
::1 - - [25/Mar/2026 15:36:38] "GET /SING-Service/obter-token.js HTTP/1.1" 200 -
::1 - - [25/Mar/2026 15:36:38] "GET /raio-x/index.html HTTP/1.1" 200 -
::1 - - [25/Mar/2026 15:36:38] "GET /raio-x/styles.css HTTP/1.1" 200 -
::1 - - [25/Mar/2026 15:36:38] "GET /raio-x/script.js HTTP/1.1" 200 -
::1 - - [25/Mar/2026 15:36:45] "GET /tryvia.png HTTP/1.1" 200 -
::1 - - [25/Mar/2026 15:37:34] "GET /Portal.html HTTP/1.1" 200 -
::1 - - [25/Mar/2026 15:37:35] "GET /portal-function/function-ocultarabas.js HTTP/1.1" 200 -
::1 - - [25/Mar/2026 15:37:35] "GET /logo111.png HTTP/1.1" 200 -
::1 - - [25/Mar/2026 15:37:35] "GET /tryvia.png HTTP/1.1" 200 -
::1 - - [25/Mar/2026 15:37:35] "GET /css/portal.css HTTP/1.1" 200 -
::1 - - [25/Mar/2026 15:37:35] "GET /portal-function/portal.js HTTP/1.1" 200 -
::1 - - [25/Mar/2026 15:37:35] "GET /portal-function/audit.js HTTP/1.1" 200 -
::1 - - [25/Mar/2026 15:37:35] "GET /portal-function/audit-utility.js HTTP/1.1" 200 -
::1 - - [25/Mar/2026 15:37:35] "GET /SING-Service/consultar_integracao_IDCliente.js HTTP/1.1" 200 -
::1 - - [25/Mar/2026 15:37:35] "GET /SING-Service/obter-token.js HTTP/1.1" 200 -
::1 - - [25/Mar/2026 15:37:35] "GET /raio-x/index.html HTTP/1.1" 200 -
::1 - - [25/Mar/2026 15:37:35] "GET /raio-x/styles.css HTTP/1.1" 200 -
::1 - - [25/Mar/2026 15:37:35] "GET /raio-x/script.js HTTP/1.1" 200 -
::1 - - [25/Mar/2026 15:37:42] "GET /tryvia.png HTTP/1.1" 200 -
::1 - - [25/Mar/2026 15:37:48] "GET /Portal.html HTTP/1.1" 200 -
::1 - - [25/Mar/2026 15:37:48] "GET /logo111.png HTTP/1.1" 200 -
::1 - - [25/Mar/2026 15:37:48] "GET /portal-function/function-ocultarabas.js HTTP/1.1" 200 -
::1 - - [25/Mar/2026 15:37:48] "GET /tryvia.png HTTP/1.1" 200 -
::1 - - [25/Mar/2026 15:37:48] "GET /css/portal.css HTTP/1.1" 200 -
::1 - - [25/Mar/2026 15:37:48] "GET /portal-function/audit.js HTTP/1.1" 200 -
::1 - - [25/Mar/2026 15:37:48] "GET /portal-function/portal.js HTTP/1.1" 200 -
::1 - - [25/Mar/2026 15:37:48] "GET /portal-function/audit-utility.js HTTP/1.1" 200 -
::1 - - [25/Mar/2026 15:37:48] "GET /SING-Service/consultar_integracao_IDCliente.js HTTP/1.1" 200 -
::1 - - [25/Mar/2026 15:37:48] "GET /SING-Service/obter-token.js HTTP/1.1" 200 -
::1 - - [25/Mar/2026 15:37:48] "GET /raio-x/index.html HTTP/1.1" 200 -
::1 - - [25/Mar/2026 15:37:48] "GET /raio-x/styles.css HTTP/1.1" 200 -
::1 - - [25/Mar/2026 15:37:48] "GET /raio-x/script.js HTTP/1.1" 200 -
::1 - - [25/Mar/2026 15:37:55] "GET /tryvia.png HTTP/1.1" 200 -
::1 - - [25/Mar/2026 15:38:46] "GET /Portal.html HTTP/1.1" 200 -
::1 - - [25/Mar/2026 15:38:46] "GET /portal-function/function-ocultarabas.js HTTP/1.1" 200 -
::1 - - [25/Mar/2026 15:38:46] "GET /tryvia.png HTTP/1.1" 200 -
::1 - - [25/Mar/2026 15:38:46] "GET /logo111.png HTTP/1.1" 200 -
::1 - - [25/Mar/2026 15:38:46] "GET /css/portal.css HTTP/1.1" 200 -
::1 - - [25/Mar/2026 15:38:46] "GET /portal-function/portal.js HTTP/1.1" 200 -
::1 - - [25/Mar/2026 15:38:46] "GET /portal-function/audit.js HTTP/1.1" 200 -
::1 - - [25/Mar/2026 15:38:46] "GET /portal-function/audit-utility.js HTTP/1.1" 200 -
::1 - - [25/Mar/2026 15:38:46] "GET /SING-Service/consultar_integracao_IDCliente.js HTTP/1.1" 200 -
::1 - - [25/Mar/2026 15:38:46] "GET /SING-Service/obter-token.js HTTP/1.1" 200 -
::1 - - [25/Mar/2026 15:38:46] "GET /raio-x/index.html HTTP/1.1" 200 -
::1 - - [25/Mar/2026 15:38:46] "GET /raio-x/styles.css HTTP/1.1" 200 -
::1 - - [25/Mar/2026 15:38:46] "GET /raio-x/script.js HTTP/1.1" 200 -
::1 - - [25/Mar/2026 15:38:49] "GET /tryvia.png HTTP/1.1" 200 -
::1 - - [25/Mar/2026 15:39:08] "GET /Portal.html HTTP/1.1" 200 -
::1 - - [25/Mar/2026 15:39:08] "GET /portal-function/function-ocultarabas.js HTTP/1.1" 200 -
::1 - - [25/Mar/2026 15:39:08] "GET /logo111.png HTTP/1.1" 200 -
::1 - - [25/Mar/2026 15:39:08] "GET /tryvia.png HTTP/1.1" 200 -
::1 - - [25/Mar/2026 15:39:08] "GET /css/portal.css HTTP/1.1" 200 -
::1 - - [25/Mar/2026 15:39:08] "GET /portal-function/audit.js HTTP/1.1" 200 -
::1 - - [25/Mar/2026 15:39:08] "GET /portal-function/audit-utility.js HTTP/1.1" 200 -
::1 - - [25/Mar/2026 15:39:08] "GET /SING-Service/consultar_integracao_IDCliente.js HTTP/1.1" 200 -
::1 - - [25/Mar/2026 15:39:08] "GET /SING-Service/obter-token.js HTTP/1.1" 200 -
::1 - - [25/Mar/2026 15:39:08] "GET /raio-x/index.html HTTP/1.1" 200 -
::1 - - [25/Mar/2026 15:39:08] "GET /raio-x/styles.css HTTP/1.1" 200 -
::1 - - [25/Mar/2026 15:39:08] "GET /raio-x/script.js HTTP/1.1" 200 -
::1 - - [25/Mar/2026 15:39:08] "GET /portal-function/portal.js HTTP/1.1" 200 -
::1 - - [25/Mar/2026 15:39:12] "GET /tryvia.png HTTP/1.1" 200 -
::1 - - [25/Mar/2026 15:59:35] "GET /Portal.html HTTP/1.1" 200 -
::1 - - [25/Mar/2026 15:59:35] "GET /portal-function/function-ocultarabas.js HTTP/1.1" 200 -
::1 - - [25/Mar/2026 15:59:35] "GET /logo111.png HTTP/1.1" 200 -
::1 - - [25/Mar/2026 15:59:35] "GET /tryvia.png HTTP/1.1" 200 -
::1 - - [25/Mar/2026 15:59:35] "GET /css/portal.css HTTP/1.1" 200 -
::1 - - [25/Mar/2026 15:59:35] "GET /portal-function/audit.js HTTP/1.1" 200 -
::1 - - [25/Mar/2026 15:59:35] "GET /portal-function/audit-utility.js HTTP/1.1" 200 -
::1 - - [25/Mar/2026 15:59:35] "GET /SING-Service/consultar_integracao_IDCliente.js HTTP/1.1" 200 -
::1 - - [25/Mar/2026 15:59:35] "GET /SING-Service/obter-token.js HTTP/1.1" 200 -
::1 - - [25/Mar/2026 15:59:36] "GET /raio-x/index.html HTTP/1.1" 200 -
::1 - - [25/Mar/2026 15:59:36] "GET /raio-x/styles.css HTTP/1.1" 200 -
::1 - - [25/Mar/2026 15:59:36] "GET /portal-function/portal.js HTTP/1.1" 200 -
::1 - - [25/Mar/2026 15:59:36] "GET /raio-x/script.js HTTP/1.1" 200 -
::1 - - [25/Mar/2026 15:59:41] "GET /tryvia.png HTTP/1.1" 200 -
::1 - - [25/Mar/2026 16:01:43] "GET /Portal.html HTTP/1.1" 200 -
::1 - - [25/Mar/2026 16:01:43] "GET /css/portal.css HTTP/1.1" 200 -
::1 - - [25/Mar/2026 16:01:43] "GET /logo111.png HTTP/1.1" 200 -
::1 - - [25/Mar/2026 16:01:43] "GET /portal-function/function-ocultarabas.js HTTP/1.1" 200 -
::1 - - [25/Mar/2026 16:01:43] "GET /tryvia.png HTTP/1.1" 200 -
::1 - - [25/Mar/2026 16:01:43] "GET /portal-function/portal.js HTTP/1.1" 200 -
::1 - - [25/Mar/2026 16:01:43] "GET /portal-function/audit.js HTTP/1.1" 200 -
::1 - - [25/Mar/2026 16:01:43] "GET /portal-function/audit-utility.js HTTP/1.1" 200 -
::1 - - [25/Mar/2026 16:01:43] "GET /SING-Service/consultar_integracao_IDCliente.js HTTP/1.1" 200 -
::1 - - [25/Mar/2026 16:01:43] "GET /SING-Service/obter-token.js HTTP/1.1" 200 -
::1 - - [25/Mar/2026 16:01:43] "GET /raio-x/index.html HTTP/1.1" 200 -
::1 - - [25/Mar/2026 16:01:43] "GET /raio-x/styles.css HTTP/1.1" 200 -
::1 - - [25/Mar/2026 16:01:43] "GET /raio-x/script.js HTTP/1.1" 200 -
::1 - - [25/Mar/2026 16:01:47] "GET /tryvia.png HTTP/1.1" 200 -
::1 - - [25/Mar/2026 16:04:28] "GET /Portal.html HTTP/1.1" 200 -
::1 - - [25/Mar/2026 16:04:28] "GET /css/portal.css HTTP/1.1" 200 -
::1 - - [25/Mar/2026 16:04:28] "GET /portal-function/portal.js HTTP/1.1" 200 -
::1 - - [25/Mar/2026 17:31:19] "GET /Portal.html HTTP/1.1" 200 -
::1 - - [25/Mar/2026 17:31:19] "GET /css/portal.css HTTP/1.1" 200 -
::1 - - [25/Mar/2026 17:31:19] "GET /portal-function/function-ocultarabas.js HTTP/1.1" 200 -
::1 - - [25/Mar/2026 17:31:19] "GET /tryvia.png HTTP/1.1" 200 -
::1 - - [25/Mar/2026 17:31:19] "GET /logo111.png HTTP/1.1" 200 -
::1 - - [25/Mar/2026 17:31:19] "GET /portal-function/portal.js HTTP/1.1" 200 -
::1 - - [25/Mar/2026 17:31:19] "GET /portal-function/audit.js HTTP/1.1" 200 -
::1 - - [25/Mar/2026 17:31:19] "GET /portal-function/audit-utility.js HTTP/1.1" 200 -
::1 - - [25/Mar/2026 17:31:19] "GET /SING-Service/consultar_integracao_IDCliente.js HTTP/1.1" 200 -
::1 - - [25/Mar/2026 17:31:19] "GET /SING-Service/obter-token.js HTTP/1.1" 200 -
::1 - - [25/Mar/2026 17:31:19] "GET /raio-x/index.html HTTP/1.1" 200 -
::1 - - [25/Mar/2026 17:31:19] "GET /raio-x/styles.css HTTP/1.1" 200 -
::1 - - [25/Mar/2026 17:31:19] "GET /raio-x/script.js HTTP/1.1" 200 -
::1 - - [25/Mar/2026 17:31:21] "GET /cscontatos/index.html HTTP/1.1" 200 -
::1 - - [25/Mar/2026 17:31:21] "GET /cscontatos/style.css HTTP/1.1" 200 -
::1 - - [25/Mar/2026 17:31:21] "GET /cscontatos/app.js HTTP/1.1" 200 -
::1 - - [25/Mar/2026 17:31:22] code 404, message File not found
::1 - - [25/Mar/2026 17:31:22] "GET /favicon.ico HTTP/1.1" 404 -
::1 - - [25/Mar/2026 17:35:25] "GET /cscontatos/index.html HTTP/1.1" 304 -
::1 - - [25/Mar/2026 17:35:26] "GET /cscontatos/style.css HTTP/1.1" 200 -
::1 - - [25/Mar/2026 17:35:26] "GET /cscontatos/app.js HTTP/1.1" 304 -
::1 - - [25/Mar/2026 17:35:26] code 404, message File not found
::1 - - [25/Mar/2026 17:35:26] "GET /favicon.ico HTTP/1.1" 404 -
::1 - - [25/Mar/2026 17:35:49] "GET /cscontatos/style.css HTTP/1.1" 304 -
::1 - - [25/Mar/2026 17:35:49] code 404, message File not found
::1 - - [25/Mar/2026 17:35:49] "GET /.well-known/appspecific/com.chrome.devtools.json HTTP/1.1" 404 -
::1 - - [25/Mar/2026 17:36:31] "GET /cscontatos/index.html HTTP/1.1" 304 -
::1 - - [25/Mar/2026 17:36:31] "GET /cscontatos/style.css HTTP/1.1" 304 -
