[09/03/2026 22:58:53,93] Servidor iniciado 
::1 - - [09/Mar/2026 22:58:56] "GET / HTTP/1.1" 200 -
::1 - - [09/Mar/2026 22:58:56] code 404, message File not found
::1 - - [09/Mar/2026 22:58:56] "GET /favicon.ico HTTP/1.1" 404 -
::1 - - [09/Mar/2026 22:58:57] "GET /Portal.html HTTP/1.1" 304 -
::1 - - [09/Mar/2026 22:58:57] "GET /tryvia.png HTTP/1.1" 304 -
::1 - - [09/Mar/2026 22:58:57] "GET /logo111.png HTTP/1.1" 304 -
::1 - - [09/Mar/2026 22:58:57] "GET /css/portal.css HTTP/1.1" 304 -
::1 - - [09/Mar/2026 22:58:57] "GET /portal-function/function-ocultarabas.js HTTP/1.1" 304 -
::1 - - [09/Mar/2026 22:58:57] "GET /portal-function/audit.js HTTP/1.1" 304 -
::1 - - [09/Mar/2026 22:58:57] "GET /SING-Service/consultar_integracao_IDCliente.js HTTP/1.1" 304 -
::1 - - [09/Mar/2026 22:58:57] "GET /SING-Service/obter-token.js HTTP/1.1" 304 -
::1 - - [09/Mar/2026 22:58:57] "GET /portal-function/audit-utility.js HTTP/1.1" 304 -
::1 - - [09/Mar/2026 22:58:57] "GET /raio-x/index.html HTTP/1.1" 304 -
::1 - - [09/Mar/2026 22:58:57] "GET /portal-function/portal.js HTTP/1.1" 304 -
::1 - - [09/Mar/2026 22:58:57] "GET /raio-x/styles.css HTTP/1.1" 304 -
::1 - - [09/Mar/2026 22:58:57] "GET /login/index.html HTTP/1.1" 304 -
::1 - - [09/Mar/2026 22:58:57] "GET /raio-x/script.js HTTP/1.1" 304 -
::1 - - [09/Mar/2026 22:58:58] "GET /login/images/logo-target.png HTTP/1.1" 304 -
::1 - - [09/Mar/2026 22:58:58] "GET /login/images/logo-compass.png HTTP/1.1" 304 -
::1 - - [09/Mar/2026 22:58:58] "GET /login/styles.css HTTP/1.1" 304 -
::1 - - [09/Mar/2026 22:58:58] "GET /login/images/logo-group.png HTTP/1.1" 304 -
::1 - - [09/Mar/2026 22:58:58] "GET /login/images/logo-clock.png HTTP/1.1" 304 -
::1 - - [09/Mar/2026 22:58:58] "GET /login/images/logo-globe.png HTTP/1.1" 304 -
::1 - - [09/Mar/2026 22:58:58] "GET /login/script.js HTTP/1.1" 304 -
::1 - - [09/Mar/2026 22:59:55] "GET /implantacao/index.html HTTP/1.1" 304 -
::1 - - [09/Mar/2026 22:59:55] "GET /implantacao/style.css HTTP/1.1" 304 -
::1 - - [09/Mar/2026 22:59:55] "GET /implantacao/supabase-config.js HTTP/1.1" 304 -
::1 - - [09/Mar/2026 22:59:55] "GET /implantacao/script_modificado.js HTTP/1.1" 304 -
^C