[09/03/2026 12:01:13,74] Servidor iniciado 
::1 - - [09/Mar/2026 12:01:16] "GET / HTTP/1.1" 200 -
::1 - - [09/Mar/2026 12:01:16] code 404, message File not found
::1 - - [09/Mar/2026 12:01:16] "GET /favicon.ico HTTP/1.1" 404 -
::1 - - [09/Mar/2026 12:01:18] "GET /Portal.html HTTP/1.1" 200 -
::1 - - [09/Mar/2026 12:01:18] "GET /css/portal.css HTTP/1.1" 200 -
::1 - - [09/Mar/2026 12:01:18] "GET /portal-function/function-ocultarabas.js HTTP/1.1" 200 -
::1 - - [09/Mar/2026 12:01:18] "GET /tryvia.png HTTP/1.1" 200 -
::1 - - [09/Mar/2026 12:01:18] "GET /logo111.png HTTP/1.1" 200 -
::1 - - [09/Mar/2026 12:01:18] "GET /portal-function/portal.js HTTP/1.1" 200 -
::1 - - [09/Mar/2026 12:01:18] "GET /portal-function/audit.js HTTP/1.1" 200 -
::1 - - [09/Mar/2026 12:01:18] "GET /portal-function/audit-utility.js HTTP/1.1" 200 -
::1 - - [09/Mar/2026 12:01:18] "GET /SING-Service/consultar_integracao_IDCliente.js HTTP/1.1" 200 -
::1 - - [09/Mar/2026 12:01:18] "GET /SING-Service/obter-token.js HTTP/1.1" 200 -
::1 - - [09/Mar/2026 12:01:19] "GET /raio-x/index.html HTTP/1.1" 200 -
::1 - - [09/Mar/2026 12:01:19] "GET /login/index.html HTTP/1.1" 200 -
::1 - - [09/Mar/2026 12:01:19] "GET /raio-x/styles.css HTTP/1.1" 200 -
::1 - - [09/Mar/2026 12:01:19] "GET /raio-x/script.js HTTP/1.1" 200 -
::1 - - [09/Mar/2026 12:01:19] "GET /login/styles.css HTTP/1.1" 200 -
::1 - - [09/Mar/2026 12:01:19] "GET /login/images/logo-compass.png HTTP/1.1" 200 -
::1 - - [09/Mar/2026 12:01:19] "GET /login/images/logo-target.png HTTP/1.1" 200 -
::1 - - [09/Mar/2026 12:01:19] "GET /login/script.js HTTP/1.1" 200 -
::1 - - [09/Mar/2026 12:01:19] "GET /login/images/logo-globe.png HTTP/1.1" 200 -
::1 - - [09/Mar/2026 12:01:19] "GET /login/images/logo-clock.png HTTP/1.1" 200 -
::1 - - [09/Mar/2026 12:01:19] "GET /login/images/logo-group.png HTTP/1.1" 200 -
::1 - - [09/Mar/2026 12:01:32] "GET /implantacao/index.html HTTP/1.1" 200 -
::1 - - [09/Mar/2026 12:01:32] "GET /implantacao/style.css HTTP/1.1" 200 -
::1 - - [09/Mar/2026 12:01:32] "GET /implantacao/supabase-config.js HTTP/1.1" 200 -
::1 - - [09/Mar/2026 12:01:32] "GET /implantacao/script_modificado.js HTTP/1.1" 200 -
::1 - - [09/Mar/2026 12:19:49] "GET /Portal.html HTTP/1.1" 304 -
::1 - - [09/Mar/2026 12:19:58] "GET /implantacao/index.html HTTP/1.1" 200 -
::1 - - [09/Mar/2026 12:19:58] "GET /implantacao/style.css HTTP/1.1" 200 -
::1 - - [09/Mar/2026 12:19:58] "GET /implantacao/supabase-config.js HTTP/1.1" 200 -
::1 - - [09/Mar/2026 12:19:58] "GET /implantacao/script_modificado.js HTTP/1.1" 200 -
::1 - - [09/Mar/2026 12:19:59] "GET /tryvia.png HTTP/1.1" 200 -
::1 - - [09/Mar/2026 12:23:23] "GET /implantacao/index.html HTTP/1.1" 304 -
::1 - - [09/Mar/2026 12:23:23] "GET /implantacao/script_modificado.js HTTP/1.1" 200 -
::1 - - [09/Mar/2026 12:25:37] "GET /implantacao/index.html HTTP/1.1" 304 -
::1 - - [09/Mar/2026 12:25:37] "GET /implantacao/script_modificado.js HTTP/1.1" 304 -
::1 - - [09/Mar/2026 12:28:09] "GET /implantacao/index.html HTTP/1.1" 304 -
::1 - - [09/Mar/2026 12:28:09] "GET /implantacao/script_modificado.js HTTP/1.1" 304 -
::1 - - [09/Mar/2026 12:29:33] "GET /implantacao/index.html HTTP/1.1" 200 -
::1 - - [09/Mar/2026 12:29:33] "GET /implantacao/style.css HTTP/1.1" 200 -
::1 - - [09/Mar/2026 12:29:33] "GET /implantacao/supabase-config.js HTTP/1.1" 200 -
::1 - - [09/Mar/2026 12:29:33] "GET /implantacao/script_modificado.js HTTP/1.1" 200 -
::1 - - [09/Mar/2026 12:29:33] "GET /tryvia.png HTTP/1.1" 200 -
::1 - - [09/Mar/2026 12:33:49] "GET /implantacao/index.html HTTP/1.1" 304 -
::1 - - [09/Mar/2026 12:33:49] "GET /implantacao/script_modificado.js HTTP/1.1" 200 -
::1 - - [09/Mar/2026 12:33:54] "GET /implantacao/index.html HTTP/1.1" 200 -
::1 - - [09/Mar/2026 12:33:54] "GET /implantacao/style.css HTTP/1.1" 200 -
::1 - - [09/Mar/2026 12:33:54] "GET /implantacao/supabase-config.js HTTP/1.1" 200 -
::1 - - [09/Mar/2026 12:33:54] "GET /implantacao/script_modificado.js HTTP/1.1" 200 -
::1 - - [09/Mar/2026 12:33:54] "GET /tryvia.png HTTP/1.1" 200 -
::1 - - [09/Mar/2026 12:33:58] "GET /implantacao/index.html HTTP/1.1" 200 -
::1 - - [09/Mar/2026 12:33:58] "GET /implantacao/style.css HTTP/1.1" 200 -
::1 - - [09/Mar/2026 12:33:58] "GET /implantacao/supabase-config.js HTTP/1.1" 200 -
::1 - - [09/Mar/2026 12:33:58] "GET /implantacao/script_modificado.js HTTP/1.1" 200 -
::1 - - [09/Mar/2026 12:33:58] "GET /tryvia.png HTTP/1.1" 200 -
::1 - - [09/Mar/2026 12:33:59] "GET /implantacao/index.html HTTP/1.1" 200 -
::1 - - [09/Mar/2026 12:33:59] "GET /implantacao/style.css HTTP/1.1" 200 -
::1 - - [09/Mar/2026 12:33:59] "GET /implantacao/supabase-config.js HTTP/1.1" 200 -
::1 - - [09/Mar/2026 12:33:59] "GET /implantacao/script_modificado.js HTTP/1.1" 200 -
::1 - - [09/Mar/2026 12:33:59] "GET /tryvia.png HTTP/1.1" 200 -
::1 - - [09/Mar/2026 12:33:59] "GET /implantacao/index.html HTTP/1.1" 200 -
::1 - - [09/Mar/2026 12:33:59] "GET /implantacao/style.css HTTP/1.1" 200 -
::1 - - [09/Mar/2026 12:33:59] "GET /implantacao/supabase-config.js HTTP/1.1" 200 -
::1 - - [09/Mar/2026 12:33:59] "GET /implantacao/script_modificado.js HTTP/1.1" 200 -
::1 - - [09/Mar/2026 12:33:59] "GET /tryvia.png HTTP/1.1" 200 -
::1 - - [09/Mar/2026 12:33:59] "GET /implantacao/index.html HTTP/1.1" 200 -
::1 - - [09/Mar/2026 12:33:59] "GET /implantacao/style.css HTTP/1.1" 200 -
::1 - - [09/Mar/2026 12:33:59] "GET /implantacao/supabase-config.js HTTP/1.1" 200 -
::1 - - [09/Mar/2026 12:33:59] "GET /implantacao/script_modificado.js HTTP/1.1" 200 -
::1 - - [09/Mar/2026 12:34:00] "GET /tryvia.png HTTP/1.1" 200 -
::1 - - [09/Mar/2026 12:34:00] "GET /implantacao/index.html HTTP/1.1" 200 -
::1 - - [09/Mar/2026 12:34:00] "GET /implantacao/style.css HTTP/1.1" 200 -
::1 - - [09/Mar/2026 12:34:00] "GET /implantacao/supabase-config.js HTTP/1.1" 200 -
::1 - - [09/Mar/2026 12:34:00] "GET /implantacao/script_modificado.js HTTP/1.1" 200 -
::1 - - [09/Mar/2026 12:34:00] "GET /tryvia.png HTTP/1.1" 200 -
::1 - - [09/Mar/2026 12:40:36] code 404, message File not found
::1 - - [09/Mar/2026 12:40:36] "GET /.well-known/appspecific/com.chrome.devtools.json HTTP/1.1" 404 -
::1 - - [09/Mar/2026 12:42:16] "GET /implantacao/index.html HTTP/1.1" 200 -
::1 - - [09/Mar/2026 12:42:16] code 404, message File not found
::1 - - [09/Mar/2026 12:42:16] "GET /.well-known/appspecific/com.chrome.devtools.json HTTP/1.1" 404 -
::1 - - [09/Mar/2026 12:42:16] "GET /implantacao/style.css HTTP/1.1" 200 -
::1 - - [09/Mar/2026 12:42:16] "GET /implantacao/supabase-config.js HTTP/1.1" 200 -
::1 - - [09/Mar/2026 12:42:16] "GET /implantacao/script_modificado.js HTTP/1.1" 200 -
::1 - - [09/Mar/2026 12:42:16] "GET /tryvia.png HTTP/1.1" 200 -
::1 - - [09/Mar/2026 13:10:28] "GET /implantacao/index.html HTTP/1.1" 200 -
::1 - - [09/Mar/2026 13:10:28] code 404, message File not found
::1 - - [09/Mar/2026 13:10:28] "GET /.well-known/appspecific/com.chrome.devtools.json HTTP/1.1" 404 -
::1 - - [09/Mar/2026 13:10:28] "GET /implantacao/script_modificado.js HTTP/1.1" 200 -
