[16/03/2026 11:17:37,89] Servidor iniciado 
::1 - - [16/Mar/2026 11:17:39] "GET / HTTP/1.1" 200 -
::ffff:127.0.0.1 - - [16/Mar/2026 11:17:40] code 404, message File not found
::ffff:127.0.0.1 - - [16/Mar/2026 11:17:40] "GET /favicon.ico HTTP/1.1" 404 -
::ffff:127.0.0.1 - - [16/Mar/2026 11:17:43] "GET /portal_cliente.html HTTP/1.1" 200 -
::1 - - [16/Mar/2026 11:17:43] code 404, message File not found
::1 - - [16/Mar/2026 11:17:43] "GET /logo1.png HTTP/1.1" 404 -
::1 - - [16/Mar/2026 11:17:43] "GET /tryvia.png HTTP/1.1" 200 -
::1 - - [16/Mar/2026 11:17:46] "GET /Portal.html HTTP/1.1" 200 -
::1 - - [16/Mar/2026 11:17:46] "GET /css/portal.css HTTP/1.1" 200 -
::1 - - [16/Mar/2026 11:17:46] "GET /portal-function/function-ocultarabas.js HTTP/1.1" 200 -
::1 - - [16/Mar/2026 11:17:46] "GET /logo111.png HTTP/1.1" 200 -
::1 - - [16/Mar/2026 11:17:46] "GET /portal-function/portal.js HTTP/1.1" 200 -
::1 - - [16/Mar/2026 11:17:46] "GET /portal-function/audit.js HTTP/1.1" 200 -
::1 - - [16/Mar/2026 11:17:46] "GET /portal-function/audit-utility.js HTTP/1.1" 200 -
::1 - - [16/Mar/2026 11:17:46] "GET /SING-Service/consultar_integracao_IDCliente.js HTTP/1.1" 200 -
::1 - - [16/Mar/2026 11:17:46] "GET /SING-Service/obter-token.js HTTP/1.1" 200 -
::1 - - [16/Mar/2026 11:17:46] "GET /raio-x/index.html HTTP/1.1" 200 -
::1 - - [16/Mar/2026 11:17:46] "GET /raio-x/styles.css HTTP/1.1" 200 -
::1 - - [16/Mar/2026 11:17:46] "GET /raio-x/script.js HTTP/1.1" 200 -
::1 - - [16/Mar/2026 11:17:46] "GET /login/index.html HTTP/1.1" 200 -
::1 - - [16/Mar/2026 11:17:46] "GET /login/styles.css HTTP/1.1" 200 -
::1 - - [16/Mar/2026 11:17:46] "GET /login/images/logo-compass.png HTTP/1.1" 200 -
::1 - - [16/Mar/2026 11:17:46] "GET /login/images/logo-target.png HTTP/1.1" 200 -
::1 - - [16/Mar/2026 11:17:46] "GET /login/images/logo-globe.png HTTP/1.1" 200 -
::1 - - [16/Mar/2026 11:17:46] "GET /login/images/logo-clock.png HTTP/1.1" 200 -
::1 - - [16/Mar/2026 11:17:46] "GET /login/images/logo-group.png HTTP/1.1" 200 -
::1 - - [16/Mar/2026 11:17:46] "GET /login/script.js HTTP/1.1" 200 -
::1 - - [16/Mar/2026 11:17:56] "GET /melhorias/index.html HTTP/1.1" 200 -
::1 - - [16/Mar/2026 11:17:56] "GET /melhorias/styles.css HTTP/1.1" 200 -
::1 - - [16/Mar/2026 11:17:56] "GET /melhorias/app.js HTTP/1.1" 200 -
::1 - - [16/Mar/2026 11:25:30] "GET /atendimento/BI_por_Time(2).html HTTP/1.1" 200 -
::1 - - [16/Mar/2026 11:25:30] "GET /atendimento/styles/bi-dashboard.css HTTP/1.1" 200 -
::1 - - [16/Mar/2026 11:25:30] "GET /atendimento/styles/sidebar.css HTTP/1.1" 200 -
::1 - - [16/Mar/2026 11:25:30] "GET /atendimento/styles/sidebar-premium.css HTTP/1.1" 200 -
::1 - - [16/Mar/2026 11:25:30] "GET /atendimento/styles/reports-premium.css HTTP/1.1" 200 -
::1 - - [16/Mar/2026 11:25:30] "GET /atendimento/styles/presentation-premium.css HTTP/1.1" 200 -
::1 - - [16/Mar/2026 11:25:30] "GET /atendimento/styles/topbar.css HTTP/1.1" 200 -
::1 - - [16/Mar/2026 11:25:30] "GET /atendimento/styles/cards.css HTTP/1.1" 200 -
::1 - - [16/Mar/2026 11:25:30] "GET /atendimento/styles/charts.css HTTP/1.1" 200 -
::1 - - [16/Mar/2026 11:25:30] "GET /atendimento/styles/modals.css HTTP/1.1" 200 -
::1 - - [16/Mar/2026 11:25:30] "GET /atendimento/styles/presentation.css HTTP/1.1" 200 -
::1 - - [16/Mar/2026 11:25:30] "GET /atendimento/styles/animations.css HTTP/1.1" 200 -
::1 - - [16/Mar/2026 11:25:30] "GET /atendimento/styles/responsive.css HTTP/1.1" 200 -
::1 - - [16/Mar/2026 11:25:30] "GET /atendimento/styles/accessibility.css HTTP/1.1" 200 -
::1 - - [16/Mar/2026 11:25:30] "GET /atendimento/tryvia.png HTTP/1.1" 200 -
::1 - - [16/Mar/2026 11:25:30] "GET /atendimento/js/env-config.js?v=20260224T1630 HTTP/1.1" 200 -
::1 - - [16/Mar/2026 11:25:30] "GET /atendimento/js/supabase-loader.js HTTP/1.1" 200 -
::1 - - [16/Mar/2026 11:25:30] "GET /atendimento/js/supabase-chunked-loader.js HTTP/1.1" 200 -
::1 - - [16/Mar/2026 11:25:30] "GET /atendimento/js/core-data.js?v=20260108T1700 HTTP/1.1" 200 -
::1 - - [16/Mar/2026 11:25:30] "GET /atendimento/js/status-config.js?v=20260303T1710 HTTP/1.1" 200 -
::1 - - [16/Mar/2026 11:25:30] "GET /atendimento/js/theme-colors-config.js?v=20260224T1130 HTTP/1.1" 200 -
::1 - - [16/Mar/2026 11:25:30] "GET /atendimento/js/config/team-members.js?v=20260303T1710 HTTP/1.1" 200 -
::1 - - [16/Mar/2026 11:25:30] "GET /atendimento/js/bi-analytics.js?v=20260303T1710 HTTP/1.1" 200 -
::1 - - [16/Mar/2026 11:25:30] "GET /atendimento/js/bi-analytics-methods.js?v=20260309T1230 HTTP/1.1" 200 -
::1 - - [16/Mar/2026 11:25:30] "GET /atendimento/js/bi-analytics-charts.js?v=20260223T1545 HTTP/1.1" 200 -
::1 - - [16/Mar/2026 11:25:30] "GET /atendimento/js/reports-insights-engine.js?v=20260312 HTTP/1.1" 200 -
::1 - - [16/Mar/2026 11:25:30] "GET /atendimento/js/bi-analytics-metrics.js?v=20251203T0935 HTTP/1.1" 200 -
::1 - - [16/Mar/2026 11:25:30] "GET /atendimento/js/reports-module-v3.js?v=20260303T1600 HTTP/1.1" 200 -
::1 - - [16/Mar/2026 11:25:30] "GET /atendimento/js/navigation-functions.js?v=20260309T1200 HTTP/1.1" 200 -
::1 - - [16/Mar/2026 11:25:30] "GET /atendimento/js/csat-module.js?v=20251209T1740 HTTP/1.1" 200 -
::1 - - [16/Mar/2026 11:25:30] "GET /atendimento/js/bi-csat-time-module.js?v=20251210T1515 HTTP/1.1" 200 -
::1 - - [16/Mar/2026 11:25:30] "GET /atendimento/js/bi-acompanhamento-module.js?v=20260309T1230 HTTP/1.1" 200 -
::1 - - [16/Mar/2026 11:25:30] "GET /atendimento/js/logger.js?v=20260224T1500 HTTP/1.1" 200 -
::1 - - [16/Mar/2026 11:25:30] "GET /atendimento/js/bi-analytics-init.js?v=20251201T1115 HTTP/1.1" 200 -
::1 - - [16/Mar/2026 11:25:30] "GET /atendimento/js/global-search.js?v=20251217T1600 HTTP/1.1" 200 -
::1 - - [16/Mar/2026 11:25:30] "GET /atendimento/js/interactive-charts.js?v=20251217T1600 HTTP/1.1" 200 -
::1 - - [16/Mar/2026 11:25:30] "GET /atendimento/js/gamification-badges.js?v=20251218T0100 HTTP/1.1" 200 -
::1 - - [16/Mar/2026 11:25:30] "GET /atendimento/js/gamification.js?v=20251218T0100 HTTP/1.1" 200 -
::1 - - [16/Mar/2026 11:25:30] "GET /atendimento/js/chatbot-utils.js?v=20260224T1450 HTTP/1.1" 200 -
::1 - - [16/Mar/2026 11:25:30] "GET /atendimento/js/chatbot.js?v=20260303T1710 HTTP/1.1" 200 -
::1 - - [16/Mar/2026 11:25:30] "GET /atendimento/js/premium-icons.js?v=20251223 HTTP/1.1" 200 -
::1 - - [16/Mar/2026 11:25:30] "GET /atendimento/js/chatbot-intelligence.js?v=20260224T1450 HTTP/1.1" 200 -
::1 - - [16/Mar/2026 11:25:30] "GET /atendimento/js/tryviano-knowledge-base.js?v=20260224T1450 HTTP/1.1" 200 -
::1 - - [16/Mar/2026 11:25:30] "GET /atendimento/js/chatbot-premium.js?v=20260224T1450 HTTP/1.1" 200 -
::1 - - [16/Mar/2026 11:25:30] "GET /atendimento/js/presentation-mode-v2.js?v=20251203T0935 HTTP/1.1" 200 -
::1 - - [16/Mar/2026 11:25:30] "GET /atendimento/js/date-range-picker.js?v=20251204T1156 HTTP/1.1" 200 -
::1 - - [16/Mar/2026 11:25:30] "GET /atendimento/js/ai-transformers.js?v=20251201T1115 HTTP/1.1" 200 -
::1 - - [16/Mar/2026 11:25:30] "GET /atendimento/js/insights-module.js?v=20251201T1115 HTTP/1.1" 200 -
::1 - - [16/Mar/2026 11:25:30] "GET /atendimento/js/glossary-data.js?v=20251201T1200 HTTP/1.1" 200 -
::1 - - [16/Mar/2026 11:25:30] "GET /atendimento/js/glossary-module.js?v=20251201T1200 HTTP/1.1" 200 -
::1 - - [16/Mar/2026 11:25:30] "GET /atendimento/js/bi-extra-data-module.js?v=20251215T1555 HTTP/1.1" 200 -
::1 - - [16/Mar/2026 11:25:30] "GET /atendimento/js/annotations-module.js?v=20250126T0100 HTTP/1.1" 200 -
::1 - - [16/Mar/2026 11:25:30] "GET /atendimento/js/realtime-dashboard.js?v=20260127T1600 HTTP/1.1" 200 -
::1 - - [16/Mar/2026 11:25:30] "GET /atendimento/js/accessibility-module.js?v=20260127T1600 HTTP/1.1" 200 -
::1 - - [16/Mar/2026 11:25:30] "GET /atendimento/js/bi-helpers.js?v=20260127T1700 HTTP/1.1" 200 -
::1 - - [16/Mar/2026 11:34:10] "GET /atendimento/BI_por_Time(2).html HTTP/1.1" 304 -
::1 - - [16/Mar/2026 11:34:10] "GET /atendimento/styles/bi-dashboard.css HTTP/1.1" 304 -
::1 - - [16/Mar/2026 11:34:10] "GET /atendimento/styles/sidebar-premium.css HTTP/1.1" 304 -
::1 - - [16/Mar/2026 11:34:10] "GET /atendimento/styles/presentation-premium.css HTTP/1.1" 304 -
::1 - - [16/Mar/2026 11:34:10] "GET /atendimento/styles/sidebar.css HTTP/1.1" 304 -
::1 - - [16/Mar/2026 11:34:10] "GET /atendimento/styles/reports-premium.css HTTP/1.1" 304 -
::1 - - [16/Mar/2026 11:34:10] "GET /atendimento/styles/topbar.css HTTP/1.1" 304 -
::1 - - [16/Mar/2026 11:34:10] "GET /atendimento/styles/cards.css HTTP/1.1" 304 -
::1 - - [16/Mar/2026 11:34:10] "GET /atendimento/styles/charts.css HTTP/1.1" 304 -
::1 - - [16/Mar/2026 11:34:10] "GET /atendimento/styles/modals.css HTTP/1.1" 304 -
::1 - - [16/Mar/2026 11:34:10] "GET /atendimento/styles/animations.css HTTP/1.1" 304 -
::1 - - [16/Mar/2026 11:34:10] "GET /atendimento/styles/presentation.css HTTP/1.1" 304 -
::1 - - [16/Mar/2026 11:34:10] "GET /atendimento/styles/responsive.css HTTP/1.1" 304 -
::1 - - [16/Mar/2026 11:34:10] "GET /atendimento/styles/accessibility.css HTTP/1.1" 304 -
::1 - - [16/Mar/2026 11:34:10] "GET /atendimento/tryvia.png HTTP/1.1" 304 -
::1 - - [16/Mar/2026 11:34:10] "GET /atendimento/js/env-config.js?v=20260224T1630 HTTP/1.1" 304 -
::1 - - [16/Mar/2026 11:34:10] "GET /atendimento/js/supabase-loader.js HTTP/1.1" 304 -
::1 - - [16/Mar/2026 11:34:10] "GET /atendimento/js/supabase-chunked-loader.js HTTP/1.1" 304 -
::1 - - [16/Mar/2026 11:34:10] "GET /atendimento/js/core-data.js?v=20260108T1700 HTTP/1.1" 304 -
::1 - - [16/Mar/2026 11:34:10] "GET /atendimento/js/status-config.js?v=20260303T1710 HTTP/1.1" 304 -
::1 - - [16/Mar/2026 11:34:10] "GET /atendimento/js/theme-colors-config.js?v=20260224T1130 HTTP/1.1" 304 -
::1 - - [16/Mar/2026 11:34:10] "GET /atendimento/js/config/team-members.js?v=20260303T1710 HTTP/1.1" 304 -
::1 - - [16/Mar/2026 11:34:10] "GET /atendimento/js/bi-analytics.js?v=20260303T1710 HTTP/1.1" 304 -
::1 - - [16/Mar/2026 11:34:10] "GET /atendimento/js/bi-analytics-methods.js?v=20260309T1230 HTTP/1.1" 304 -
::1 - - [16/Mar/2026 11:34:10] "GET /atendimento/js/bi-analytics-charts.js?v=20260223T1545 HTTP/1.1" 304 -
::1 - - [16/Mar/2026 11:34:10] "GET /atendimento/js/bi-analytics-metrics.js?v=20251203T0935 HTTP/1.1" 304 -
::1 - - [16/Mar/2026 11:34:10] "GET /atendimento/js/reports-insights-engine.js?v=20260312 HTTP/1.1" 304 -
::1 - - [16/Mar/2026 11:34:10] "GET /atendimento/js/reports-module-v3.js?v=20260303T1600 HTTP/1.1" 304 -
::1 - - [16/Mar/2026 11:34:10] "GET /atendimento/js/navigation-functions.js?v=20260309T1200 HTTP/1.1" 304 -
::1 - - [16/Mar/2026 11:34:10] "GET /atendimento/js/csat-module.js?v=20251209T1740 HTTP/1.1" 304 -
::1 - - [16/Mar/2026 11:34:10] "GET /atendimento/js/bi-csat-time-module.js?v=20251210T1515 HTTP/1.1" 304 -
::1 - - [16/Mar/2026 11:34:10] "GET /atendimento/js/logger.js?v=20260224T1500 HTTP/1.1" 304 -
::1 - - [16/Mar/2026 11:34:10] "GET /atendimento/js/bi-acompanhamento-module.js?v=20260309T1230 HTTP/1.1" 304 -
::1 - - [16/Mar/2026 11:34:10] "GET /atendimento/js/bi-analytics-init.js?v=20251201T1115 HTTP/1.1" 304 -
::1 - - [16/Mar/2026 11:34:10] "GET /atendimento/js/global-search.js?v=20251217T1600 HTTP/1.1" 304 -
::1 - - [16/Mar/2026 11:34:10] "GET /atendimento/js/interactive-charts.js?v=20251217T1600 HTTP/1.1" 304 -
::1 - - [16/Mar/2026 11:34:10] "GET /atendimento/js/gamification-badges.js?v=20251218T0100 HTTP/1.1" 304 -
::1 - - [16/Mar/2026 11:34:10] "GET /atendimento/js/gamification.js?v=20251218T0100 HTTP/1.1" 304 -
::1 - - [16/Mar/2026 11:34:10] "GET /atendimento/js/chatbot-utils.js?v=20260224T1450 HTTP/1.1" 304 -
::1 - - [16/Mar/2026 11:34:10] "GET /atendimento/js/premium-icons.js?v=20251223 HTTP/1.1" 304 -
::1 - - [16/Mar/2026 11:34:10] "GET /atendimento/js/chatbot.js?v=20260303T1710 HTTP/1.1" 304 -
::1 - - [16/Mar/2026 11:34:10] "GET /atendimento/js/chatbot-intelligence.js?v=20260224T1450 HTTP/1.1" 304 -
::1 - - [16/Mar/2026 11:34:10] "GET /atendimento/js/tryviano-knowledge-base.js?v=20260224T1450 HTTP/1.1" 304 -
::1 - - [16/Mar/2026 11:34:10] "GET /atendimento/js/chatbot-premium.js?v=20260224T1450 HTTP/1.1" 304 -
::1 - - [16/Mar/2026 11:34:10] "GET /atendimento/js/presentation-mode-v2.js?v=20251203T0935 HTTP/1.1" 304 -
::1 - - [16/Mar/2026 11:34:10] "GET /atendimento/js/date-range-picker.js?v=20251204T1156 HTTP/1.1" 304 -
::1 - - [16/Mar/2026 11:34:10] "GET /atendimento/js/ai-transformers.js?v=20251201T1115 HTTP/1.1" 304 -
::1 - - [16/Mar/2026 11:34:10] "GET /atendimento/js/insights-module.js?v=20251201T1115 HTTP/1.1" 304 -
::1 - - [16/Mar/2026 11:34:10] "GET /atendimento/js/glossary-data.js?v=20251201T1200 HTTP/1.1" 304 -
::1 - - [16/Mar/2026 11:34:10] "GET /atendimento/js/glossary-module.js?v=20251201T1200 HTTP/1.1" 304 -
::1 - - [16/Mar/2026 11:34:10] "GET /atendimento/js/bi-extra-data-module.js?v=20251215T1555 HTTP/1.1" 304 -
::1 - - [16/Mar/2026 11:34:10] "GET /atendimento/js/annotations-module.js?v=20250126T0100 HTTP/1.1" 304 -
::1 - - [16/Mar/2026 11:34:10] "GET /atendimento/js/realtime-dashboard.js?v=20260127T1600 HTTP/1.1" 304 -
::1 - - [16/Mar/2026 11:34:10] "GET /atendimento/js/accessibility-module.js?v=20260127T1600 HTTP/1.1" 304 -
::1 - - [16/Mar/2026 11:34:10] "GET /atendimento/js/bi-helpers.js?v=20260127T1700 HTTP/1.1" 304 -
::1 - - [16/Mar/2026 11:34:43] "GET /atendimento/BI_por_Time(2).html HTTP/1.1" 200 -
::1 - - [16/Mar/2026 11:34:43] "GET /atendimento/styles/bi-dashboard.css HTTP/1.1" 200 -
::1 - - [16/Mar/2026 11:34:43] "GET /atendimento/styles/sidebar.css HTTP/1.1" 200 -
::1 - - [16/Mar/2026 11:34:43] "GET /atendimento/styles/reports-premium.css HTTP/1.1" 200 -
::1 - - [16/Mar/2026 11:34:43] "GET /atendimento/styles/presentation-premium.css HTTP/1.1" 200 -
::1 - - [16/Mar/2026 11:34:43] "GET /atendimento/styles/sidebar-premium.css HTTP/1.1" 200 -
::1 - - [16/Mar/2026 11:34:43] "GET /atendimento/styles/topbar.css HTTP/1.1" 200 -
::1 - - [16/Mar/2026 11:34:43] "GET /atendimento/styles/cards.css HTTP/1.1" 200 -
::1 - - [16/Mar/2026 11:34:43] "GET /atendimento/styles/charts.css HTTP/1.1" 200 -
::1 - - [16/Mar/2026 11:34:43] "GET /atendimento/styles/modals.css HTTP/1.1" 200 -
::1 - - [16/Mar/2026 11:34:43] "GET /atendimento/styles/presentation.css HTTP/1.1" 200 -
::1 - - [16/Mar/2026 11:34:43] "GET /atendimento/styles/animations.css HTTP/1.1" 200 -
::1 - - [16/Mar/2026 11:34:43] "GET /atendimento/styles/responsive.css HTTP/1.1" 200 -
::1 - - [16/Mar/2026 11:34:43] "GET /atendimento/styles/accessibility.css HTTP/1.1" 200 -
::1 - - [16/Mar/2026 11:34:43] "GET /atendimento/tryvia.png HTTP/1.1" 200 -
::1 - - [16/Mar/2026 11:34:43] "GET /atendimento/js/env-config.js?v=20260224T1630 HTTP/1.1" 200 -
::1 - - [16/Mar/2026 11:34:43] "GET /atendimento/js/supabase-loader.js HTTP/1.1" 200 -
::1 - - [16/Mar/2026 11:34:43] "GET /atendimento/js/supabase-chunked-loader.js HTTP/1.1" 200 -
::1 - - [16/Mar/2026 11:34:43] "GET /atendimento/js/core-data.js?v=20260108T1700 HTTP/1.1" 200 -
::1 - - [16/Mar/2026 11:34:43] "GET /atendimento/js/status-config.js?v=20260303T1710 HTTP/1.1" 200 -
::1 - - [16/Mar/2026 11:34:43] "GET /atendimento/js/theme-colors-config.js?v=20260224T1130 HTTP/1.1" 200 -
::1 - - [16/Mar/2026 11:34:43] "GET /atendimento/js/config/team-members.js?v=20260303T1710 HTTP/1.1" 200 -
::1 - - [16/Mar/2026 11:34:43] "GET /atendimento/js/bi-analytics.js?v=20260303T1710 HTTP/1.1" 200 -
::1 - - [16/Mar/2026 11:34:43] "GET /atendimento/js/bi-analytics-methods.js?v=20260309T1230 HTTP/1.1" 200 -
::1 - - [16/Mar/2026 11:34:43] "GET /atendimento/js/bi-analytics-charts.js?v=20260223T1545 HTTP/1.1" 200 -
::1 - - [16/Mar/2026 11:34:43] "GET /atendimento/js/reports-insights-engine.js?v=20260312 HTTP/1.1" 200 -
::1 - - [16/Mar/2026 11:34:43] "GET /atendimento/js/bi-analytics-metrics.js?v=20251203T0935 HTTP/1.1" 200 -
::1 - - [16/Mar/2026 11:34:43] "GET /atendimento/js/reports-module-v3.js?v=20260303T1600 HTTP/1.1" 200 -
::1 - - [16/Mar/2026 11:34:43] "GET /atendimento/js/navigation-functions.js?v=20260309T1200 HTTP/1.1" 200 -
::1 - - [16/Mar/2026 11:34:43] "GET /atendimento/js/csat-module.js?v=20251209T1740 HTTP/1.1" 200 -
::1 - - [16/Mar/2026 11:34:43] "GET /atendimento/js/bi-csat-time-module.js?v=20251210T1515 HTTP/1.1" 200 -
::1 - - [16/Mar/2026 11:34:43] "GET /atendimento/js/logger.js?v=20260224T1500 HTTP/1.1" 200 -
::1 - - [16/Mar/2026 11:34:43] "GET /atendimento/js/bi-acompanhamento-module.js?v=20260309T1230 HTTP/1.1" 200 -
::1 - - [16/Mar/2026 11:34:43] "GET /atendimento/js/bi-analytics-init.js?v=20251201T1115 HTTP/1.1" 200 -
::1 - - [16/Mar/2026 11:34:43] "GET /atendimento/js/global-search.js?v=20251217T1600 HTTP/1.1" 200 -
::1 - - [16/Mar/2026 11:34:43] "GET /atendimento/js/interactive-charts.js?v=20251217T1600 HTTP/1.1" 200 -
::1 - - [16/Mar/2026 11:34:43] "GET /atendimento/js/gamification-badges.js?v=20251218T0100 HTTP/1.1" 200 -
::1 - - [16/Mar/2026 11:34:43] "GET /atendimento/js/gamification.js?v=20251218T0100 HTTP/1.1" 200 -
::1 - - [16/Mar/2026 11:34:43] "GET /atendimento/js/chatbot-utils.js?v=20260224T1450 HTTP/1.1" 200 -
::1 - - [16/Mar/2026 11:34:43] "GET /atendimento/js/premium-icons.js?v=20251223 HTTP/1.1" 200 -
::1 - - [16/Mar/2026 11:34:43] "GET /atendimento/js/tryviano-knowledge-base.js?v=20260224T1450 HTTP/1.1" 200 -
::1 - - [16/Mar/2026 11:34:43] "GET /atendimento/js/chatbot-intelligence.js?v=20260224T1450 HTTP/1.1" 200 -
::1 - - [16/Mar/2026 11:34:43] "GET /atendimento/js/chatbot.js?v=20260303T1710 HTTP/1.1" 200 -
::1 - - [16/Mar/2026 11:34:43] "GET /atendimento/js/chatbot-premium.js?v=20260224T1450 HTTP/1.1" 200 -
::1 - - [16/Mar/2026 11:34:43] "GET /atendimento/js/presentation-mode-v2.js?v=20251203T0935 HTTP/1.1" 200 -
::1 - - [16/Mar/2026 11:34:43] "GET /atendimento/js/date-range-picker.js?v=20251204T1156 HTTP/1.1" 200 -
::1 - - [16/Mar/2026 11:34:43] "GET /atendimento/js/ai-transformers.js?v=20251201T1115 HTTP/1.1" 200 -
::1 - - [16/Mar/2026 11:34:43] "GET /atendimento/js/insights-module.js?v=20251201T1115 HTTP/1.1" 200 -
::1 - - [16/Mar/2026 11:34:43] "GET /atendimento/js/glossary-data.js?v=20251201T1200 HTTP/1.1" 200 -
::1 - - [16/Mar/2026 11:34:43] "GET /atendimento/js/glossary-module.js?v=20251201T1200 HTTP/1.1" 200 -
::1 - - [16/Mar/2026 11:34:43] "GET /atendimento/js/bi-extra-data-module.js?v=20251215T1555 HTTP/1.1" 200 -
::1 - - [16/Mar/2026 11:34:43] "GET /atendimento/js/annotations-module.js?v=20250126T0100 HTTP/1.1" 200 -
::1 - - [16/Mar/2026 11:34:43] "GET /atendimento/js/realtime-dashboard.js?v=20260127T1600 HTTP/1.1" 200 -
::1 - - [16/Mar/2026 11:34:43] "GET /atendimento/js/accessibility-module.js?v=20260127T1600 HTTP/1.1" 200 -
::1 - - [16/Mar/2026 11:34:43] "GET /atendimento/js/bi-helpers.js?v=20260127T1700 HTTP/1.1" 200 -
::1 - - [16/Mar/2026 11:36:03] "GET /atendimento/BI_por_Time(2).html HTTP/1.1" 304 -
::1 - - [16/Mar/2026 11:36:05] "GET /atendimento/BI_por_Time(2).html HTTP/1.1" 200 -
::1 - - [16/Mar/2026 11:36:05] "GET /atendimento/styles/bi-dashboard.css HTTP/1.1" 200 -
::1 - - [16/Mar/2026 11:36:05] "GET /atendimento/styles/sidebar.css HTTP/1.1" 200 -
::1 - - [16/Mar/2026 11:36:05] "GET /atendimento/styles/sidebar-premium.css HTTP/1.1" 200 -
::1 - - [16/Mar/2026 11:36:05] "GET /atendimento/styles/presentation-premium.css HTTP/1.1" 200 -
::1 - - [16/Mar/2026 11:36:05] "GET /atendimento/styles/reports-premium.css HTTP/1.1" 200 -
::1 - - [16/Mar/2026 11:36:05] "GET /atendimento/styles/topbar.css HTTP/1.1" 200 -
::1 - - [16/Mar/2026 11:36:05] "GET /atendimento/styles/cards.css HTTP/1.1" 200 -
::1 - - [16/Mar/2026 11:36:05] "GET /atendimento/styles/charts.css HTTP/1.1" 200 -
::1 - - [16/Mar/2026 11:36:05] "GET /atendimento/styles/presentation.css HTTP/1.1" 200 -
::1 - - [16/Mar/2026 11:36:05] "GET /atendimento/styles/modals.css HTTP/1.1" 200 -
::1 - - [16/Mar/2026 11:36:05] "GET /atendimento/styles/animations.css HTTP/1.1" 200 -
::1 - - [16/Mar/2026 11:36:05] "GET /atendimento/styles/responsive.css HTTP/1.1" 200 -
::1 - - [16/Mar/2026 11:36:05] "GET /atendimento/styles/accessibility.css HTTP/1.1" 200 -
::1 - - [16/Mar/2026 11:36:05] "GET /atendimento/tryvia.png HTTP/1.1" 200 -
::1 - - [16/Mar/2026 11:36:05] "GET /atendimento/js/env-config.js?v=20260224T1630 HTTP/1.1" 200 -
::1 - - [16/Mar/2026 11:36:05] "GET /atendimento/js/supabase-loader.js HTTP/1.1" 200 -
::1 - - [16/Mar/2026 11:36:05] "GET /atendimento/js/supabase-chunked-loader.js HTTP/1.1" 200 -
::1 - - [16/Mar/2026 11:36:05] "GET /atendimento/js/core-data.js?v=20260108T1700 HTTP/1.1" 200 -
::1 - - [16/Mar/2026 11:36:05] "GET /atendimento/js/status-config.js?v=20260303T1710 HTTP/1.1" 200 -
::1 - - [16/Mar/2026 11:36:05] "GET /atendimento/js/theme-colors-config.js?v=20260224T1130 HTTP/1.1" 200 -
::1 - - [16/Mar/2026 11:36:05] "GET /atendimento/js/config/team-members.js?v=20260303T1710 HTTP/1.1" 200 -
::1 - - [16/Mar/2026 11:36:05] "GET /atendimento/js/bi-analytics.js?v=20260303T1710 HTTP/1.1" 200 -
::1 - - [16/Mar/2026 11:36:05] "GET /atendimento/js/bi-analytics-methods.js?v=20260309T1230 HTTP/1.1" 200 -
::1 - - [16/Mar/2026 11:36:05] "GET /atendimento/js/bi-analytics-charts.js?v=20260223T1545 HTTP/1.1" 200 -
::1 - - [16/Mar/2026 11:36:05] "GET /atendimento/js/bi-analytics-metrics.js?v=20251203T0935 HTTP/1.1" 200 -
::1 - - [16/Mar/2026 11:36:05] "GET /atendimento/js/reports-insights-engine.js?v=20260312 HTTP/1.1" 200 -
::1 - - [16/Mar/2026 11:36:05] "GET /atendimento/js/reports-module-v3.js?v=20260303T1600 HTTP/1.1" 200 -
::1 - - [16/Mar/2026 11:36:05] "GET /atendimento/js/navigation-functions.js?v=20260309T1200 HTTP/1.1" 200 -
::1 - - [16/Mar/2026 11:36:05] "GET /atendimento/js/csat-module.js?v=20251209T1740 HTTP/1.1" 200 -
::1 - - [16/Mar/2026 11:36:05] "GET /atendimento/js/bi-csat-time-module.js?v=20251210T1515 HTTP/1.1" 200 -
::1 - - [16/Mar/2026 11:36:05] "GET /atendimento/js/logger.js?v=20260224T1500 HTTP/1.1" 200 -
::1 - - [16/Mar/2026 11:36:05] "GET /atendimento/js/bi-acompanhamento-module.js?v=20260309T1230 HTTP/1.1" 200 -
::1 - - [16/Mar/2026 11:36:05] "GET /atendimento/js/bi-analytics-init.js?v=20251201T1115 HTTP/1.1" 200 -
::1 - - [16/Mar/2026 11:36:05] "GET /atendimento/js/global-search.js?v=20251217T1600 HTTP/1.1" 200 -
::1 - - [16/Mar/2026 11:36:05] "GET /atendimento/js/gamification-badges.js?v=20251218T0100 HTTP/1.1" 200 -
::1 - - [16/Mar/2026 11:36:05] "GET /atendimento/js/interactive-charts.js?v=20251217T1600 HTTP/1.1" 200 -
::1 - - [16/Mar/2026 11:36:05] "GET /atendimento/js/gamification.js?v=20251218T0100 HTTP/1.1" 200 -
::1 - - [16/Mar/2026 11:36:05] "GET /atendimento/js/chatbot-utils.js?v=20260224T1450 HTTP/1.1" 200 -
::1 - - [16/Mar/2026 11:36:05] "GET /atendimento/js/chatbot.js?v=20260303T1710 HTTP/1.1" 200 -
::1 - - [16/Mar/2026 11:36:05] "GET /atendimento/js/premium-icons.js?v=20251223 HTTP/1.1" 200 -
::1 - - [16/Mar/2026 11:36:05] "GET /atendimento/js/chatbot-intelligence.js?v=20260224T1450 HTTP/1.1" 200 -
::1 - - [16/Mar/2026 11:36:05] "GET /atendimento/js/tryviano-knowledge-base.js?v=20260224T1450 HTTP/1.1" 200 -
::1 - - [16/Mar/2026 11:36:05] "GET /atendimento/js/chatbot-premium.js?v=20260224T1450 HTTP/1.1" 200 -
::1 - - [16/Mar/2026 11:36:05] "GET /atendimento/js/presentation-mode-v2.js?v=20251203T0935 HTTP/1.1" 200 -
::1 - - [16/Mar/2026 11:36:05] "GET /atendimento/js/ai-transformers.js?v=20251201T1115 HTTP/1.1" 200 -
::1 - - [16/Mar/2026 11:36:05] "GET /atendimento/js/date-range-picker.js?v=20251204T1156 HTTP/1.1" 200 -
::1 - - [16/Mar/2026 11:36:05] "GET /atendimento/js/insights-module.js?v=20251201T1115 HTTP/1.1" 200 -
::1 - - [16/Mar/2026 11:36:05] "GET /atendimento/js/glossary-data.js?v=20251201T1200 HTTP/1.1" 200 -
::1 - - [16/Mar/2026 11:36:05] "GET /atendimento/js/glossary-module.js?v=20251201T1200 HTTP/1.1" 200 -
::1 - - [16/Mar/2026 11:36:05] "GET /atendimento/js/bi-extra-data-module.js?v=20251215T1555 HTTP/1.1" 200 -
::1 - - [16/Mar/2026 11:36:05] "GET /atendimento/js/annotations-module.js?v=20250126T0100 HTTP/1.1" 200 -
::1 - - [16/Mar/2026 11:36:05] "GET /atendimento/js/accessibility-module.js?v=20260127T1600 HTTP/1.1" 200 -
::1 - - [16/Mar/2026 11:36:05] "GET /atendimento/js/realtime-dashboard.js?v=20260127T1600 HTTP/1.1" 200 -
::1 - - [16/Mar/2026 11:36:05] "GET /atendimento/js/bi-helpers.js?v=20260127T1700 HTTP/1.1" 200 -
^C