[06/03/2026  1:00:52,10] Servidor iniciado 
::1 - - [06/Mar/2026 01:03:11] "GET / HTTP/1.1" 200 -
::1 - - [06/Mar/2026 01:03:11] code 404, message File not found
::1 - - [06/Mar/2026 01:03:11] "GET /favicon.ico HTTP/1.1" 404 -
::1 - - [06/Mar/2026 01:03:13] "GET /Portal.html HTTP/1.1" 200 -
::1 - - [06/Mar/2026 01:03:13] "GET /css/portal.css HTTP/1.1" 200 -
::1 - - [06/Mar/2026 01:03:13] "GET /portal-function/function-ocultarabas.js HTTP/1.1" 200 -
::1 - - [06/Mar/2026 01:03:13] "GET /logo111.png HTTP/1.1" 200 -
::1 - - [06/Mar/2026 01:03:13] "GET /tryvia.png HTTP/1.1" 200 -
::1 - - [06/Mar/2026 01:03:13] "GET /portal-function/audit-utility.js HTTP/1.1" 200 -
::1 - - [06/Mar/2026 01:03:13] "GET /portal-function/portal.js HTTP/1.1" 200 -
::1 - - [06/Mar/2026 01:03:13] "GET /SING-Service/consultar_integracao_IDCliente.js HTTP/1.1" 200 -
::1 - - [06/Mar/2026 01:03:13] "GET /portal-function/audit.js HTTP/1.1" 200 -
::1 - - [06/Mar/2026 01:03:13] "GET /SING-Service/obter-token.js HTTP/1.1" 200 -
::1 - - [06/Mar/2026 01:03:13] "GET /raio-x/index.html HTTP/1.1" 200 -
::1 - - [06/Mar/2026 01:03:13] "GET /login/index.html HTTP/1.1" 200 -
::1 - - [06/Mar/2026 01:03:13] "GET /raio-x/styles.css HTTP/1.1" 200 -
::1 - - [06/Mar/2026 01:03:13] "GET /raio-x/script.js HTTP/1.1" 200 -
::1 - - [06/Mar/2026 01:03:13] "GET /login/styles.css HTTP/1.1" 200 -
::1 - - [06/Mar/2026 01:03:13] "GET /login/images/logo-target.png HTTP/1.1" 200 -
::1 - - [06/Mar/2026 01:03:13] "GET /login/images/logo-compass.png HTTP/1.1" 200 -
::1 - - [06/Mar/2026 01:03:13] "GET /login/script.js HTTP/1.1" 200 -
::1 - - [06/Mar/2026 01:03:13] "GET /login/images/logo-globe.png HTTP/1.1" 200 -
::1 - - [06/Mar/2026 01:03:13] "GET /login/images/logo-clock.png HTTP/1.1" 200 -
::1 - - [06/Mar/2026 01:03:13] "GET /login/images/logo-group.png HTTP/1.1" 200 -
::1 - - [06/Mar/2026 01:03:26] "GET /implantacao/index.html HTTP/1.1" 200 -
::1 - - [06/Mar/2026 01:03:26] "GET /implantacao/supabase-config.js HTTP/1.1" 200 -
::1 - - [06/Mar/2026 01:03:26] "GET /implantacao/script_modificado.js HTTP/1.1" 200 -
::1 - - [06/Mar/2026 01:03:26] "GET /implantacao/style.css HTTP/1.1" 200 -
::1 - - [06/Mar/2026 01:04:16] "GET /calendario/index.html HTTP/1.1" 200 -
::1 - - [06/Mar/2026 01:06:06] "GET /melhorias/index.html HTTP/1.1" 200 -
::1 - - [06/Mar/2026 01:06:06] "GET /melhorias/styles.css HTTP/1.1" 200 -
::1 - - [06/Mar/2026 01:06:06] "GET /melhorias/app.js HTTP/1.1" 200 -
::1 - - [06/Mar/2026 01:07:50] "GET /Portal.html HTTP/1.1" 304 -
::1 - - [06/Mar/2026 01:08:04] "GET /Portal.html HTTP/1.1" 200 -
::1 - - [06/Mar/2026 01:08:04] "GET /portal-function/function-ocultarabas.js HTTP/1.1" 200 -
::1 - - [06/Mar/2026 01:08:04] "GET /css/portal.css HTTP/1.1" 200 -
::1 - - [06/Mar/2026 01:08:09] "GET /logo111.png HTTP/1.1" 200 -
::1 - - [06/Mar/2026 01:08:09] "GET /tryvia.png HTTP/1.1" 200 -
::1 - - [06/Mar/2026 01:08:09] "GET /portal-function/portal.js HTTP/1.1" 200 -
::1 - - [06/Mar/2026 01:08:09] "GET /portal-function/audit.js HTTP/1.1" 200 -
::1 - - [06/Mar/2026 01:08:09] "GET /portal-function/audit-utility.js HTTP/1.1" 200 -
::1 - - [06/Mar/2026 01:08:09] "GET /SING-Service/consultar_integracao_IDCliente.js HTTP/1.1" 200 -
::1 - - [06/Mar/2026 01:08:09] "GET /SING-Service/obter-token.js HTTP/1.1" 200 -
::1 - - [06/Mar/2026 01:08:10] "GET /raio-x/index.html HTTP/1.1" 200 -
::1 - - [06/Mar/2026 01:08:10] "GET /raio-x/styles.css HTTP/1.1" 200 -
::1 - - [06/Mar/2026 01:08:10] "GET /raio-x/script.js HTTP/1.1" 200 -
::1 - - [06/Mar/2026 01:08:16] "GET /tryvia.png HTTP/1.1" 200 -
::1 - - [06/Mar/2026 01:10:38] "GET /implantacao/style.css HTTP/1.1" 200 -
::1 - - [06/Mar/2026 01:11:19] "GET /css/portal.css HTTP/1.1" 200 -
::1 - - [06/Mar/2026 01:11:27] "GET /Portal.html HTTP/1.1" 200 -
::1 - - [06/Mar/2026 01:11:27] "GET /css/portal.css HTTP/1.1" 200 -
::1 - - [06/Mar/2026 01:11:27] "GET /portal-function/function-ocultarabas.js HTTP/1.1" 200 -
::1 - - [06/Mar/2026 01:11:28] "GET /logo111.png HTTP/1.1" 200 -
::1 - - [06/Mar/2026 01:11:28] "GET /tryvia.png HTTP/1.1" 200 -
::1 - - [06/Mar/2026 01:11:28] "GET /portal-function/portal.js HTTP/1.1" 200 -
::1 - - [06/Mar/2026 01:11:28] "GET /portal-function/audit.js HTTP/1.1" 200 -
::1 - - [06/Mar/2026 01:11:28] "GET /portal-function/audit-utility.js HTTP/1.1" 200 -
::1 - - [06/Mar/2026 01:11:28] "GET /SING-Service/consultar_integracao_IDCliente.js HTTP/1.1" 200 -
::1 - - [06/Mar/2026 01:11:28] "GET /SING-Service/obter-token.js HTTP/1.1" 200 -
::1 - - [06/Mar/2026 01:11:29] "GET /raio-x/index.html HTTP/1.1" 200 -
::1 - - [06/Mar/2026 01:11:29] "GET /raio-x/styles.css HTTP/1.1" 200 -
::1 - - [06/Mar/2026 01:11:29] "GET /raio-x/script.js HTTP/1.1" 200 -
::1 - - [06/Mar/2026 01:11:35] "GET /tryvia.png HTTP/1.1" 200 -
::1 - - [06/Mar/2026 01:14:08] "GET /Portal.html HTTP/1.1" 200 -
::1 - - [06/Mar/2026 01:14:08] "GET /portal-function/function-ocultarabas.js HTTP/1.1" 200 -
::1 - - [06/Mar/2026 01:14:08] "GET /logo111.png HTTP/1.1" 200 -
::1 - - [06/Mar/2026 01:14:08] "GET /tryvia.png HTTP/1.1" 200 -
::1 - - [06/Mar/2026 01:14:08] "GET /portal-function/portal.js HTTP/1.1" 200 -
::1 - - [06/Mar/2026 01:14:08] "GET /portal-function/audit.js HTTP/1.1" 200 -
::1 - - [06/Mar/2026 01:14:08] "GET /css/portal.css HTTP/1.1" 200 -
::1 - - [06/Mar/2026 01:14:08] "GET /portal-function/audit-utility.js HTTP/1.1" 200 -
::1 - - [06/Mar/2026 01:14:08] "GET /SING-Service/consultar_integracao_IDCliente.js HTTP/1.1" 200 -
::1 - - [06/Mar/2026 01:14:08] "GET /SING-Service/obter-token.js HTTP/1.1" 200 -
::1 - - [06/Mar/2026 01:14:08] "GET /raio-x/index.html HTTP/1.1" 200 -
::1 - - [06/Mar/2026 01:14:08] "GET /raio-x/styles.css HTTP/1.1" 200 -
::1 - - [06/Mar/2026 01:14:08] "GET /raio-x/script.js HTTP/1.1" 200 -
::1 - - [06/Mar/2026 01:14:16] "GET /tryvia.png HTTP/1.1" 200 -
::1 - - [06/Mar/2026 01:16:02] "GET /Portal.html HTTP/1.1" 304 -
::1 - - [06/Mar/2026 01:16:02] "GET /css/portal.css HTTP/1.1" 304 -
::1 - - [06/Mar/2026 01:16:08] "GET /Portal.html HTTP/1.1" 200 -
::1 - - [06/Mar/2026 01:16:08] "GET /css/portal.css HTTP/1.1" 200 -
::1 - - [06/Mar/2026 01:16:08] "GET /portal-function/function-ocultarabas.js HTTP/1.1" 200 -
::1 - - [06/Mar/2026 01:16:08] "GET /logo111.png HTTP/1.1" 200 -
::1 - - [06/Mar/2026 01:16:08] "GET /tryvia.png HTTP/1.1" 200 -
::1 - - [06/Mar/2026 01:16:08] "GET /portal-function/portal.js HTTP/1.1" 200 -
::1 - - [06/Mar/2026 01:16:08] "GET /portal-function/audit.js HTTP/1.1" 200 -
::1 - - [06/Mar/2026 01:16:08] "GET /portal-function/audit-utility.js HTTP/1.1" 200 -
::1 - - [06/Mar/2026 01:16:08] "GET /SING-Service/consultar_integracao_IDCliente.js HTTP/1.1" 200 -
::1 - - [06/Mar/2026 01:16:08] "GET /SING-Service/obter-token.js HTTP/1.1" 200 -
::1 - - [06/Mar/2026 01:16:09] "GET /raio-x/index.html HTTP/1.1" 200 -
::1 - - [06/Mar/2026 01:16:09] "GET /raio-x/script.js HTTP/1.1" 200 -
::1 - - [06/Mar/2026 01:16:09] "GET /raio-x/styles.css HTTP/1.1" 200 -
::1 - - [06/Mar/2026 01:16:15] "GET /tryvia.png HTTP/1.1" 200 -
::1 - - [06/Mar/2026 01:16:58] "GET /mapa_de_visitas/index.html HTTP/1.1" 200 -
::1 - - [06/Mar/2026 01:16:59] "GET /css/portal.css HTTP/1.1" 304 -
::1 - - [06/Mar/2026 01:16:59] "GET /raio-x/styles.css HTTP/1.1" 304 -
::1 - - [06/Mar/2026 01:19:06] "GET /Portal.html HTTP/1.1" 200 -
::1 - - [06/Mar/2026 01:19:06] "GET /portal-function/function-ocultarabas.js HTTP/1.1" 200 -
::1 - - [06/Mar/2026 01:19:06] "GET /logo111.png HTTP/1.1" 200 -
::1 - - [06/Mar/2026 01:19:06] "GET /tryvia.png HTTP/1.1" 200 -
::1 - - [06/Mar/2026 01:19:06] "GET /portal-function/portal.js HTTP/1.1" 200 -
::1 - - [06/Mar/2026 01:19:06] "GET /portal-function/audit.js HTTP/1.1" 200 -
::1 - - [06/Mar/2026 01:19:06] "GET /css/portal.css HTTP/1.1" 200 -
::1 - - [06/Mar/2026 01:19:06] "GET /portal-function/audit-utility.js HTTP/1.1" 200 -
::1 - - [06/Mar/2026 01:19:06] "GET /SING-Service/consultar_integracao_IDCliente.js HTTP/1.1" 200 -
::1 - - [06/Mar/2026 01:19:06] "GET /SING-Service/obter-token.js HTTP/1.1" 200 -
::1 - - [06/Mar/2026 01:19:06] "GET /raio-x/index.html HTTP/1.1" 200 -
::1 - - [06/Mar/2026 01:19:06] "GET /raio-x/script.js HTTP/1.1" 200 -
::1 - - [06/Mar/2026 01:19:06] "GET /raio-x/styles.css HTTP/1.1" 200 -
::1 - - [06/Mar/2026 01:19:11] "GET /tryvia.png HTTP/1.1" 200 -
::1 - - [06/Mar/2026 01:20:25] "GET /Portal.html HTTP/1.1" 200 -
::1 - - [06/Mar/2026 01:20:25] "GET /portal-function/function-ocultarabas.js HTTP/1.1" 200 -
::1 - - [06/Mar/2026 01:20:25] "GET /logo111.png HTTP/1.1" 200 -
::1 - - [06/Mar/2026 01:20:25] "GET /tryvia.png HTTP/1.1" 200 -
::1 - - [06/Mar/2026 01:20:25] "GET /portal-function/portal.js HTTP/1.1" 200 -
::1 - - [06/Mar/2026 01:20:25] "GET /portal-function/audit.js HTTP/1.1" 200 -
::1 - - [06/Mar/2026 01:20:25] "GET /css/portal.css HTTP/1.1" 200 -
::1 - - [06/Mar/2026 01:20:25] "GET /portal-function/audit-utility.js HTTP/1.1" 200 -
::1 - - [06/Mar/2026 01:20:25] "GET /SING-Service/consultar_integracao_IDCliente.js HTTP/1.1" 200 -
::1 - - [06/Mar/2026 01:20:25] "GET /SING-Service/obter-token.js HTTP/1.1" 200 -
::1 - - [06/Mar/2026 01:20:26] "GET /raio-x/index.html HTTP/1.1" 200 -
::1 - - [06/Mar/2026 01:20:26] "GET /raio-x/styles.css HTTP/1.1" 200 -
::1 - - [06/Mar/2026 01:20:26] "GET /raio-x/script.js HTTP/1.1" 200 -
::1 - - [06/Mar/2026 01:20:31] "GET /tryvia.png HTTP/1.1" 200 -
::1 - - [06/Mar/2026 01:21:09] "GET /linha_do_tempo/index.html HTTP/1.1" 200 -
::1 - - [06/Mar/2026 01:22:03] "GET /linha_do_tempo/index.html HTTP/1.1" 200 -
::1 - - [06/Mar/2026 01:22:08] "GET /css/portal.css HTTP/1.1" 304 -
::1 - - [06/Mar/2026 01:22:08] "GET /raio-x/styles.css HTTP/1.1" 304 -
::1 - - [06/Mar/2026 01:22:34] "GET /Portal.html HTTP/1.1" 200 -
::1 - - [06/Mar/2026 01:22:34] "GET /css/portal.css HTTP/1.1" 200 -
::1 - - [06/Mar/2026 01:22:34] "GET /portal-function/function-ocultarabas.js HTTP/1.1" 200 -
::1 - - [06/Mar/2026 01:22:34] "GET /logo111.png HTTP/1.1" 200 -
::1 - - [06/Mar/2026 01:22:34] "GET /tryvia.png HTTP/1.1" 200 -
::1 - - [06/Mar/2026 01:22:34] "GET /portal-function/portal.js HTTP/1.1" 200 -
::1 - - [06/Mar/2026 01:22:34] "GET /portal-function/audit.js HTTP/1.1" 200 -
::1 - - [06/Mar/2026 01:22:34] "GET /portal-function/audit-utility.js HTTP/1.1" 200 -
::1 - - [06/Mar/2026 01:22:34] "GET /SING-Service/consultar_integracao_IDCliente.js HTTP/1.1" 200 -
::1 - - [06/Mar/2026 01:22:34] "GET /SING-Service/obter-token.js HTTP/1.1" 200 -
::1 - - [06/Mar/2026 01:22:41] "GET /raio-x/index.html HTTP/1.1" 200 -
::1 - - [06/Mar/2026 01:22:41] "GET /raio-x/script.js HTTP/1.1" 200 -
::1 - - [06/Mar/2026 01:22:41] "GET /raio-x/styles.css HTTP/1.1" 200 -
::1 - - [06/Mar/2026 01:22:53] "GET /tryvia.png HTTP/1.1" 200 -
::1 - - [06/Mar/2026 01:23:52] "GET /calendario/index.html HTTP/1.1" 200 -
::1 - - [06/Mar/2026 01:23:55] "GET /css/portal.css HTTP/1.1" 304 -
::1 - - [06/Mar/2026 01:23:55] "GET /raio-x/styles.css HTTP/1.1" 304 -
::1 - - [06/Mar/2026 01:24:04] "GET /mapa_de_visitas/index.html HTTP/1.1" 200 -
::1 - - [06/Mar/2026 01:24:05] "GET /tryvia.png HTTP/1.1" 200 -
::1 - - [06/Mar/2026 01:24:34] "GET /css/portal.css HTTP/1.1" 304 -
::1 - - [06/Mar/2026 01:24:34] "GET /raio-x/styles.css HTTP/1.1" 304 -
::1 - - [06/Mar/2026 01:24:51] "GET /linha_do_tempo/index.html HTTP/1.1" 304 -
::1 - - [06/Mar/2026 01:24:54] "GET /raio-x/styles.css HTTP/1.1" 304 -
::1 - - [06/Mar/2026 01:25:12] "GET /implantacao/style.css HTTP/1.1" 304 -
::1 - - [06/Mar/2026 01:26:49] "GET /css/portal.css HTTP/1.1" 304 -
::1 - - [06/Mar/2026 01:26:49] "GET /raio-x/styles.css HTTP/1.1" 304 -
::1 - - [06/Mar/2026 01:28:02] "GET /css/portal.css HTTP/1.1" 304 -
::1 - - [06/Mar/2026 01:28:02] "GET /raio-x/styles.css HTTP/1.1" 304 -
