[20/03/2026 14:47:40,24] Servidor iniciado 
::1 - - [20/Mar/2026 14:47:43] "GET / HTTP/1.1" 200 -
::1 - - [20/Mar/2026 14:47:43] code 404, message File not found
::1 - - [20/Mar/2026 14:47:43] "GET /favicon.ico HTTP/1.1" 404 -
::1 - - [20/Mar/2026 14:47:45] "GET /portal-function/ HTTP/1.1" 200 -
::1 - - [20/Mar/2026 14:47:47] "GET /Portal.html HTTP/1.1" 304 -
::1 - - [20/Mar/2026 14:47:47] "GET /portal-function/function-ocultarabas.js HTTP/1.1" 304 -
::1 - - [20/Mar/2026 14:47:47] "GET /css/portal.css HTTP/1.1" 304 -
::1 - - [20/Mar/2026 14:47:47] "GET /logo111.png HTTP/1.1" 304 -
::1 - - [20/Mar/2026 14:47:47] "GET /tryvia.png HTTP/1.1" 304 -
::1 - - [20/Mar/2026 14:47:47] "GET /portal-function/portal.js HTTP/1.1" 304 -
::1 - - [20/Mar/2026 14:47:47] "GET /portal-function/audit.js HTTP/1.1" 304 -
::1 - - [20/Mar/2026 14:47:47] "GET /portal-function/audit-utility.js HTTP/1.1" 304 -
::1 - - [20/Mar/2026 14:47:47] "GET /SING-Service/obter-token.js HTTP/1.1" 304 -
::1 - - [20/Mar/2026 14:47:47] "GET /SING-Service/consultar_integracao_IDCliente.js HTTP/1.1" 304 -
::1 - - [20/Mar/2026 14:47:47] "GET /raio-x/index.html HTTP/1.1" 304 -
::1 - - [20/Mar/2026 14:47:48] "GET /login/index.html HTTP/1.1" 304 -
::1 - - [20/Mar/2026 14:47:48] "GET /raio-x/script.js HTTP/1.1" 304 -
::1 - - [20/Mar/2026 14:47:48] "GET /raio-x/styles.css HTTP/1.1" 304 -
::1 - - [20/Mar/2026 14:47:48] "GET /login/images/logo-compass.png HTTP/1.1" 200 -
::1 - - [20/Mar/2026 14:47:48] "GET /login/images/logo-target.png HTTP/1.1" 200 -
::1 - - [20/Mar/2026 14:47:48] "GET /login/images/logo-globe.png HTTP/1.1" 200 -
::1 - - [20/Mar/2026 14:47:48] "GET /login/styles.css HTTP/1.1" 200 -
::1 - - [20/Mar/2026 14:47:48] "GET /login/images/logo-clock.png HTTP/1.1" 200 -
::1 - - [20/Mar/2026 14:47:48] "GET /login/script.js HTTP/1.1" 200 -
::1 - - [20/Mar/2026 14:47:48] "GET /login/images/logo-group.png HTTP/1.1" 304 -
::1 - - [20/Mar/2026 14:47:56] "GET /raio-x/styles.css HTTP/1.1" 200 -
::1 - - [20/Mar/2026 14:47:56] "GET /raio-x/script.js HTTP/1.1" 200 -
::1 - - [20/Mar/2026 14:51:35] "GET /Portal.html HTTP/1.1" 304 -
::1 - - [20/Mar/2026 14:51:42] "GET /Portal.html HTTP/1.1" 200 -
::1 - - [20/Mar/2026 14:51:42] "GET /css/portal.css HTTP/1.1" 200 -
::1 - - [20/Mar/2026 14:51:42] "GET /portal-function/function-ocultarabas.js HTTP/1.1" 200 -
::1 - - [20/Mar/2026 14:51:42] "GET /logo111.png HTTP/1.1" 200 -
::1 - - [20/Mar/2026 14:51:42] "GET /tryvia.png HTTP/1.1" 200 -
::1 - - [20/Mar/2026 14:51:42] "GET /portal-function/portal.js HTTP/1.1" 200 -
::1 - - [20/Mar/2026 14:51:42] "GET /portal-function/audit.js HTTP/1.1" 200 -
::1 - - [20/Mar/2026 14:51:42] "GET /portal-function/audit-utility.js HTTP/1.1" 200 -
::1 - - [20/Mar/2026 14:51:42] "GET /SING-Service/consultar_integracao_IDCliente.js HTTP/1.1" 200 -
::1 - - [20/Mar/2026 14:51:42] "GET /SING-Service/obter-token.js HTTP/1.1" 200 -
::1 - - [20/Mar/2026 14:51:42] "GET /raio-x/index.html HTTP/1.1" 200 -
::1 - - [20/Mar/2026 14:51:42] "GET /raio-x/script.js HTTP/1.1" 200 -
::1 - - [20/Mar/2026 14:51:42] "GET /raio-x/styles.css HTTP/1.1" 200 -
::1 - - [20/Mar/2026 14:51:45] "GET /tryvia.png HTTP/1.1" 200 -
::1 - - [20/Mar/2026 14:55:11] "GET /Portal.html HTTP/1.1" 200 -
::1 - - [20/Mar/2026 14:55:12] "GET /css/portal.css HTTP/1.1" 200 -
::1 - - [20/Mar/2026 14:55:12] "GET /portal-function/function-ocultarabas.js HTTP/1.1" 200 -
::1 - - [20/Mar/2026 14:55:12] "GET /tryvia.png HTTP/1.1" 200 -
::1 - - [20/Mar/2026 14:55:12] "GET /logo111.png HTTP/1.1" 200 -
::1 - - [20/Mar/2026 14:55:12] "GET /portal-function/portal.js HTTP/1.1" 200 -
::1 - - [20/Mar/2026 14:55:12] "GET /portal-function/audit.js HTTP/1.1" 200 -
::1 - - [20/Mar/2026 14:55:12] "GET /portal-function/audit-utility.js HTTP/1.1" 200 -
::1 - - [20/Mar/2026 14:55:12] "GET /SING-Service/consultar_integracao_IDCliente.js HTTP/1.1" 200 -
::1 - - [20/Mar/2026 14:55:12] "GET /SING-Service/obter-token.js HTTP/1.1" 200 -
::1 - - [20/Mar/2026 14:55:12] "GET /raio-x/index.html HTTP/1.1" 200 -
::1 - - [20/Mar/2026 14:55:12] "GET /raio-x/styles.css HTTP/1.1" 200 -
::1 - - [20/Mar/2026 14:55:12] "GET /raio-x/script.js HTTP/1.1" 200 -
::1 - - [20/Mar/2026 14:55:16] "GET /tryvia.png HTTP/1.1" 200 -
::1 - - [20/Mar/2026 15:21:06] "GET /Portal.html HTTP/1.1" 304 -
::1 - - [20/Mar/2026 15:21:06] "GET /raio-x/index.html HTTP/1.1" 304 -
::1 - - [20/Mar/2026 15:21:07] "GET /raio-x/script.js HTTP/1.1" 200 -
::1 - - [20/Mar/2026 15:21:28] "GET /Portal.html HTTP/1.1" 304 -
::1 - - [20/Mar/2026 15:21:28] "GET /raio-x/script.js HTTP/1.1" 304 -
::1 - - [20/Mar/2026 15:24:25] "GET /Portal.html HTTP/1.1" 200 -
::1 - - [20/Mar/2026 15:24:25] "GET /css/portal.css HTTP/1.1" 200 -
::1 - - [20/Mar/2026 15:24:25] "GET /portal-function/function-ocultarabas.js HTTP/1.1" 200 -
::1 - - [20/Mar/2026 15:24:25] "GET /logo111.png HTTP/1.1" 200 -
::1 - - [20/Mar/2026 15:24:25] "GET /tryvia.png HTTP/1.1" 200 -
::1 - - [20/Mar/2026 15:24:25] "GET /portal-function/audit.js HTTP/1.1" 200 -
::1 - - [20/Mar/2026 15:24:25] "GET /portal-function/portal.js HTTP/1.1" 200 -
::1 - - [20/Mar/2026 15:24:25] "GET /portal-function/audit-utility.js HTTP/1.1" 200 -
::1 - - [20/Mar/2026 15:24:25] "GET /SING-Service/consultar_integracao_IDCliente.js HTTP/1.1" 200 -
::1 - - [20/Mar/2026 15:24:25] "GET /SING-Service/obter-token.js HTTP/1.1" 200 -
::1 - - [20/Mar/2026 15:24:25] "GET /raio-x/index.html HTTP/1.1" 200 -
::1 - - [20/Mar/2026 15:24:25] "GET /raio-x/styles.css HTTP/1.1" 200 -
::1 - - [20/Mar/2026 15:24:26] "GET /raio-x/script.js HTTP/1.1" 200 -
::1 - - [20/Mar/2026 15:24:33] "GET /tryvia.png HTTP/1.1" 200 -
::1 - - [20/Mar/2026 15:24:40] "GET /Portal.html HTTP/1.1" 200 -
::1 - - [20/Mar/2026 15:24:40] "GET /css/portal.css HTTP/1.1" 200 -
::1 - - [20/Mar/2026 15:24:40] "GET /portal-function/function-ocultarabas.js HTTP/1.1" 200 -
::1 - - [20/Mar/2026 15:24:40] "GET /logo111.png HTTP/1.1" 200 -
::1 - - [20/Mar/2026 15:24:40] "GET /tryvia.png HTTP/1.1" 200 -
::1 - - [20/Mar/2026 15:24:40] "GET /portal-function/portal.js HTTP/1.1" 200 -
::1 - - [20/Mar/2026 15:24:40] "GET /portal-function/audit.js HTTP/1.1" 200 -
::1 - - [20/Mar/2026 15:24:40] "GET /portal-function/audit-utility.js HTTP/1.1" 200 -
::1 - - [20/Mar/2026 15:24:40] "GET /SING-Service/consultar_integracao_IDCliente.js HTTP/1.1" 200 -
::1 - - [20/Mar/2026 15:24:40] "GET /SING-Service/obter-token.js HTTP/1.1" 200 -
::1 - - [20/Mar/2026 15:24:40] "GET /raio-x/index.html HTTP/1.1" 200 -
::1 - - [20/Mar/2026 15:24:40] "GET /raio-x/styles.css HTTP/1.1" 200 -
::1 - - [20/Mar/2026 15:24:40] "GET /raio-x/script.js HTTP/1.1" 200 -
::1 - - [20/Mar/2026 15:24:45] "GET /tryvia.png HTTP/1.1" 200 -
::1 - - [20/Mar/2026 15:25:20] "GET /Portal.html HTTP/1.1" 200 -
::1 - - [20/Mar/2026 15:25:20] "GET /css/portal.css HTTP/1.1" 200 -
::1 - - [20/Mar/2026 15:25:20] "GET /portal-function/function-ocultarabas.js HTTP/1.1" 200 -
::1 - - [20/Mar/2026 15:25:20] "GET /logo111.png HTTP/1.1" 200 -
::1 - - [20/Mar/2026 15:25:20] "GET /tryvia.png HTTP/1.1" 200 -
::1 - - [20/Mar/2026 15:25:20] "GET /portal-function/portal.js HTTP/1.1" 200 -
::1 - - [20/Mar/2026 15:25:20] "GET /portal-function/audit.js HTTP/1.1" 200 -
::1 - - [20/Mar/2026 15:25:20] "GET /portal-function/audit-utility.js HTTP/1.1" 200 -
::1 - - [20/Mar/2026 15:25:20] "GET /SING-Service/consultar_integracao_IDCliente.js HTTP/1.1" 200 -
::1 - - [20/Mar/2026 15:25:20] "GET /SING-Service/obter-token.js HTTP/1.1" 200 -
::1 - - [20/Mar/2026 15:25:20] "GET /raio-x/index.html HTTP/1.1" 200 -
::1 - - [20/Mar/2026 15:25:20] "GET /raio-x/styles.css HTTP/1.1" 200 -
::1 - - [20/Mar/2026 15:25:20] "GET /raio-x/script.js HTTP/1.1" 200 -
::1 - - [20/Mar/2026 15:25:23] "GET /tryvia.png HTTP/1.1" 200 -
::1 - - [20/Mar/2026 15:26:11] code 404, message File not found
::1 - - [20/Mar/2026 15:26:11] "GET /.well-known/appspecific/com.chrome.devtools.json HTTP/1.1" 404 -
::1 - - [20/Mar/2026 15:27:48] "GET /Portal.html HTTP/1.1" 200 -
::1 - - [20/Mar/2026 15:27:48] "GET /css/portal.css HTTP/1.1" 200 -
::1 - - [20/Mar/2026 15:27:48] "GET /tryvia.png HTTP/1.1" 200 -
::1 - - [20/Mar/2026 15:27:48] "GET /portal-function/function-ocultarabas.js HTTP/1.1" 200 -
::1 - - [20/Mar/2026 15:27:48] "GET /logo111.png HTTP/1.1" 200 -
::1 - - [20/Mar/2026 15:27:48] "GET /portal-function/portal.js HTTP/1.1" 200 -
::1 - - [20/Mar/2026 15:27:48] "GET /portal-function/audit.js HTTP/1.1" 200 -
::1 - - [20/Mar/2026 15:27:48] "GET /portal-function/audit-utility.js HTTP/1.1" 200 -
::1 - - [20/Mar/2026 15:27:48] "GET /SING-Service/consultar_integracao_IDCliente.js HTTP/1.1" 200 -
::1 - - [20/Mar/2026 15:27:48] "GET /SING-Service/obter-token.js HTTP/1.1" 200 -
::1 - - [20/Mar/2026 15:27:48] "GET /raio-x/index.html HTTP/1.1" 200 -
::1 - - [20/Mar/2026 15:27:48] "GET /raio-x/styles.css HTTP/1.1" 200 -
::1 - - [20/Mar/2026 15:27:48] "GET /raio-x/script.js HTTP/1.1" 200 -
::1 - - [20/Mar/2026 15:27:52] "GET /tryvia.png HTTP/1.1" 200 -
::1 - - [20/Mar/2026 15:28:08] "GET /Portal.html HTTP/1.1" 304 -
::1 - - [20/Mar/2026 15:28:08] "GET /raio-x/script.js HTTP/1.1" 304 -
