[19/03/2026 11:12:16,15] Servidor iniciado 
::1 - - [19/Mar/2026 11:12:18] "GET / HTTP/1.1" 200 -
::ffff:127.0.0.1 - - [19/Mar/2026 11:12:18] code 404, message File not found
::ffff:127.0.0.1 - - [19/Mar/2026 11:12:18] "GET /favicon.ico HTTP/1.1" 404 -
::ffff:127.0.0.1 - - [19/Mar/2026 11:12:20] "GET /Portal.html HTTP/1.1" 304 -
::1 - - [19/Mar/2026 11:12:20] "GET /css/portal.css HTTP/1.1" 304 -
::1 - - [19/Mar/2026 11:12:20] "GET /logo111.png HTTP/1.1" 304 -
::1 - - [19/Mar/2026 11:12:20] "GET /tryvia.png HTTP/1.1" 304 -
::1 - - [19/Mar/2026 11:12:20] "GET /portal-function/function-ocultarabas.js HTTP/1.1" 304 -
::1 - - [19/Mar/2026 11:12:20] "GET /portal-function/audit.js HTTP/1.1" 304 -
::1 - - [19/Mar/2026 11:12:20] "GET /SING-Service/consultar_integracao_IDCliente.js HTTP/1.1" 304 -
::1 - - [19/Mar/2026 11:12:20] "GET /portal-function/audit-utility.js HTTP/1.1" 304 -
::1 - - [19/Mar/2026 11:12:20] "GET /SING-Service/obter-token.js HTTP/1.1" 304 -
::1 - - [19/Mar/2026 11:12:20] "GET /portal-function/portal.js HTTP/1.1" 304 -
::1 - - [19/Mar/2026 11:12:20] "GET /raio-x/index.html HTTP/1.1" 304 -
::1 - - [19/Mar/2026 11:12:20] "GET /raio-x/styles.css HTTP/1.1" 304 -
::1 - - [19/Mar/2026 11:12:20] "GET /login/index.html HTTP/1.1" 304 -
::1 - - [19/Mar/2026 11:12:20] "GET /raio-x/script.js HTTP/1.1" 304 -
::1 - - [19/Mar/2026 11:12:20] "GET /login/images/logo-compass.png HTTP/1.1" 304 -
::1 - - [19/Mar/2026 11:12:20] "GET /login/images/logo-target.png HTTP/1.1" 304 -
::1 - - [19/Mar/2026 11:12:20] "GET /login/images/logo-clock.png HTTP/1.1" 304 -
::1 - - [19/Mar/2026 11:12:20] "GET /login/images/logo-globe.png HTTP/1.1" 304 -
::1 - - [19/Mar/2026 11:12:20] "GET /login/styles.css HTTP/1.1" 304 -
::1 - - [19/Mar/2026 11:12:20] "GET /login/images/logo-group.png HTTP/1.1" 304 -
::1 - - [19/Mar/2026 11:12:20] "GET /login/script.js HTTP/1.1" 304 -
::1 - - [19/Mar/2026 11:29:16] "GET /melhorias/index.html HTTP/1.1" 304 -
::1 - - [19/Mar/2026 11:29:16] "GET /melhorias/styles.css HTTP/1.1" 200 -
::1 - - [19/Mar/2026 11:29:16] "GET /melhorias/app.js HTTP/1.1" 304 -
::1 - - [19/Mar/2026 11:29:17] "GET /acompanhamento/index.html HTTP/1.1" 304 -
::1 - - [19/Mar/2026 11:29:17] "GET /acompanhamento/style.css HTTP/1.1" 304 -
::1 - - [19/Mar/2026 11:29:17] "GET /acompanhamento/script.js HTTP/1.1" 304 -
::1 - - [19/Mar/2026 11:29:17] code 404, message File not found
::1 - - [19/Mar/2026 11:29:17] "GET /favicon.ico HTTP/1.1" 404 -
::1 - - [19/Mar/2026 14:49:34] "GET / HTTP/1.1" 200 -
::1 - - [19/Mar/2026 14:49:34] code 404, message File not found
::1 - - [19/Mar/2026 14:49:34] "GET /favicon.ico HTTP/1.1" 404 -
::1 - - [19/Mar/2026 14:49:36] "GET /Portal.html HTTP/1.1" 304 -
::1 - - [19/Mar/2026 14:49:36] "GET /logo111.png HTTP/1.1" 304 -
::1 - - [19/Mar/2026 14:49:36] "GET /tryvia.png HTTP/1.1" 304 -
::1 - - [19/Mar/2026 14:49:36] "GET /css/portal.css HTTP/1.1" 304 -
::1 - - [19/Mar/2026 14:49:36] "GET /portal-function/function-ocultarabas.js HTTP/1.1" 304 -
::1 - - [19/Mar/2026 14:49:36] "GET /portal-function/audit.js HTTP/1.1" 304 -
::1 - - [19/Mar/2026 14:49:36] "GET /SING-Service/consultar_integracao_IDCliente.js HTTP/1.1" 304 -
::1 - - [19/Mar/2026 14:49:36] "GET /portal-function/audit-utility.js HTTP/1.1" 304 -
::1 - - [19/Mar/2026 14:49:36] "GET /SING-Service/obter-token.js HTTP/1.1" 304 -
::1 - - [19/Mar/2026 14:49:36] "GET /portal-function/portal.js HTTP/1.1" 304 -
::1 - - [19/Mar/2026 14:49:36] "GET /login/index.html HTTP/1.1" 304 -
::1 - - [19/Mar/2026 14:49:36] "GET /raio-x/index.html HTTP/1.1" 304 -
::1 - - [19/Mar/2026 14:49:36] "GET /login/images/logo-globe.png HTTP/1.1" 304 -
::1 - - [19/Mar/2026 14:49:36] "GET /login/images/logo-compass.png HTTP/1.1" 304 -
::1 - - [19/Mar/2026 14:49:36] "GET /login/images/logo-target.png HTTP/1.1" 304 -
::1 - - [19/Mar/2026 14:49:36] "GET /login/images/logo-group.png HTTP/1.1" 304 -
::1 - - [19/Mar/2026 14:49:36] "GET /login/images/logo-clock.png HTTP/1.1" 304 -
::1 - - [19/Mar/2026 14:49:36] "GET /login/script.js HTTP/1.1" 304 -
::1 - - [19/Mar/2026 14:49:36] "GET /login/styles.css HTTP/1.1" 304 -
::1 - - [19/Mar/2026 14:49:46] "GET /raio-x/script.js HTTP/1.1" 304 -
::1 - - [19/Mar/2026 14:49:46] "GET /raio-x/styles.css HTTP/1.1" 304 -
::1 - - [19/Mar/2026 14:49:49] "GET /melhorias/index.html HTTP/1.1" 304 -
::1 - - [19/Mar/2026 14:49:49] "GET /melhorias/styles.css HTTP/1.1" 304 -
::1 - - [19/Mar/2026 14:49:49] "GET /melhorias/app.js HTTP/1.1" 304 -
::1 - - [19/Mar/2026 14:49:50] "GET /acompanhamento/script.js HTTP/1.1" 304 -
