[26/03/2026  9:15:58,80] Servidor iniciado 
::1 - - [26/Mar/2026 09:18:01] "GET / HTTP/1.1" 200 -
::1 - - [26/Mar/2026 09:18:02] code 404, message File not found
::1 - - [26/Mar/2026 09:18:02] "GET /favicon.ico HTTP/1.1" 404 -
::1 - - [26/Mar/2026 09:18:41] "GET /Portal.html HTTP/1.1" 200 -
::1 - - [26/Mar/2026 09:18:41] "GET /css/portal.css HTTP/1.1" 200 -
::1 - - [26/Mar/2026 09:18:42] "GET /portal-function/function-ocultarabas.js HTTP/1.1" 200 -
::1 - - [26/Mar/2026 09:18:42] "GET /logo111.png HTTP/1.1" 200 -
::1 - - [26/Mar/2026 09:18:42] "GET /tryvia.png HTTP/1.1" 200 -
::1 - - [26/Mar/2026 09:18:42] "GET /portal-function/audit.js HTTP/1.1" 200 -
::1 - - [26/Mar/2026 09:18:42] "GET /portal-function/audit-utility.js HTTP/1.1" 200 -
::1 - - [26/Mar/2026 09:18:42] "GET /SING-Service/consultar_integracao_IDCliente.js HTTP/1.1" 200 -
::1 - - [26/Mar/2026 09:18:42] "GET /SING-Service/obter-token.js HTTP/1.1" 200 -
::1 - - [26/Mar/2026 09:18:42] "GET /raio-x/index.html HTTP/1.1" 200 -
::1 - - [26/Mar/2026 09:18:42] "GET /raio-x/styles.css HTTP/1.1" 200 -
::1 - - [26/Mar/2026 09:18:42] "GET /portal-function/portal.js HTTP/1.1" 200 -
::1 - - [26/Mar/2026 09:18:42] "GET /login/index.html HTTP/1.1" 200 -
::1 - - [26/Mar/2026 09:18:42] "GET /login/styles.css HTTP/1.1" 200 -
::1 - - [26/Mar/2026 09:18:42] "GET /login/images/logo-compass.png HTTP/1.1" 200 -
::1 - - [26/Mar/2026 09:18:42] "GET /login/images/logo-target.png HTTP/1.1" 200 -
::1 - - [26/Mar/2026 09:18:42] "GET /login/images/logo-globe.png HTTP/1.1" 200 -
::1 - - [26/Mar/2026 09:18:42] "GET /login/images/logo-clock.png HTTP/1.1" 200 -
::1 - - [26/Mar/2026 09:18:42] "GET /login/images/logo-group.png HTTP/1.1" 200 -
::1 - - [26/Mar/2026 09:18:42] "GET /login/script.js HTTP/1.1" 200 -
::1 - - [26/Mar/2026 09:18:55] "GET /raio-x/script.js HTTP/1.1" 200 -
::1 - - [26/Mar/2026 09:19:02] "GET /cscontatos/index.html HTTP/1.1" 200 -
::1 - - [26/Mar/2026 09:19:02] "GET /cscontatos/style.css HTTP/1.1" 200 -
::1 - - [26/Mar/2026 09:19:02] "GET /cscontatos/app.js HTTP/1.1" 200 -
::1 - - [26/Mar/2026 09:22:42] "GET /cscontatos/index.html HTTP/1.1" 200 -
::1 - - [26/Mar/2026 09:22:55] "GET /cscontatos/index.html HTTP/1.1" 304 -
::1 - - [26/Mar/2026 09:22:56] "GET /cscontatos/index.html HTTP/1.1" 304 -
::1 - - [26/Mar/2026 09:22:57] "GET /cscontatos/index.html HTTP/1.1" 304 -
::1 - - [26/Mar/2026 09:22:57] "GET /cscontatos/index.html HTTP/1.1" 304 -
::1 - - [26/Mar/2026 09:22:57] "GET /cscontatos/index.html HTTP/1.1" 304 -
::1 - - [26/Mar/2026 09:22:57] "GET /cscontatos/index.html HTTP/1.1" 304 -
::1 - - [26/Mar/2026 09:22:58] "GET /cscontatos/index.html HTTP/1.1" 304 -
::1 - - [26/Mar/2026 09:22:58] "GET /cscontatos/index.html HTTP/1.1" 304 -
::1 - - [26/Mar/2026 09:22:58] "GET /cscontatos/index.html HTTP/1.1" 304 -
::1 - - [26/Mar/2026 09:22:58] "GET /cscontatos/index.html HTTP/1.1" 304 -
::1 - - [26/Mar/2026 09:22:58] "GET /cscontatos/index.html HTTP/1.1" 304 -
::1 - - [26/Mar/2026 09:22:59] "GET /cscontatos/index.html HTTP/1.1" 304 -
::1 - - [26/Mar/2026 09:22:59] "GET /cscontatos/index.html HTTP/1.1" 304 -
::1 - - [26/Mar/2026 09:22:59] "GET /cscontatos/index.html HTTP/1.1" 304 -
::1 - - [26/Mar/2026 09:22:59] "GET /cscontatos/index.html HTTP/1.1" 304 -
::1 - - [26/Mar/2026 09:23:00] "GET /cscontatos/index.html HTTP/1.1" 304 -
::1 - - [26/Mar/2026 09:23:00] "GET /cscontatos/index.html HTTP/1.1" 304 -
::1 - - [26/Mar/2026 09:23:00] "GET /cscontatos/index.html HTTP/1.1" 304 -
::1 - - [26/Mar/2026 09:23:00] "GET /cscontatos/index.html HTTP/1.1" 304 -
::1 - - [26/Mar/2026 09:23:23] "GET /cscontatos/index.html HTTP/1.1" 304 -
::1 - - [26/Mar/2026 09:23:24] "GET /cscontatos/index.html HTTP/1.1" 304 -
::1 - - [26/Mar/2026 09:23:24] "GET /cscontatos/index.html HTTP/1.1" 304 -
::1 - - [26/Mar/2026 09:23:24] "GET /cscontatos/index.html HTTP/1.1" 304 -
::1 - - [26/Mar/2026 09:23:24] "GET /cscontatos/index.html HTTP/1.1" 304 -
::1 - - [26/Mar/2026 09:23:24] "GET /cscontatos/index.html HTTP/1.1" 304 -
::1 - - [26/Mar/2026 09:23:24] "GET /cscontatos/index.html HTTP/1.1" 304 -
::1 - - [26/Mar/2026 09:23:25] "GET /cscontatos/index.html HTTP/1.1" 304 -
::1 - - [26/Mar/2026 09:23:25] "GET /cscontatos/index.html HTTP/1.1" 304 -
::1 - - [26/Mar/2026 09:23:25] "GET /cscontatos/index.html HTTP/1.1" 304 -
::1 - - [26/Mar/2026 09:23:25] "GET /cscontatos/index.html HTTP/1.1" 304 -
::1 - - [26/Mar/2026 09:23:25] "GET /cscontatos/index.html HTTP/1.1" 304 -
::1 - - [26/Mar/2026 09:23:25] "GET /cscontatos/index.html HTTP/1.1" 304 -
::1 - - [26/Mar/2026 09:23:26] "GET /cscontatos/index.html HTTP/1.1" 304 -
::1 - - [26/Mar/2026 09:23:26] "GET /cscontatos/index.html HTTP/1.1" 304 -
::1 - - [26/Mar/2026 09:23:26] "GET /cscontatos/index.html HTTP/1.1" 304 -
::1 - - [26/Mar/2026 09:23:26] "GET /cscontatos/index.html HTTP/1.1" 304 -
::1 - - [26/Mar/2026 09:23:27] "GET /cscontatos/index.html HTTP/1.1" 304 -
::1 - - [26/Mar/2026 09:23:28] "GET /cscontatos/index.html HTTP/1.1" 304 -
::1 - - [26/Mar/2026 09:23:28] "GET /cscontatos/index.html HTTP/1.1" 304 -
::1 - - [26/Mar/2026 09:23:29] "GET /cscontatos/index.html HTTP/1.1" 304 -
::1 - - [26/Mar/2026 09:23:29] "GET /cscontatos/index.html HTTP/1.1" 304 -
::1 - - [26/Mar/2026 09:23:30] "GET /cscontatos/index.html HTTP/1.1" 304 -
::1 - - [26/Mar/2026 09:23:31] "GET /cscontatos/index.html HTTP/1.1" 304 -
::1 - - [26/Mar/2026 09:23:31] "GET /cscontatos/index.html HTTP/1.1" 304 -
::1 - - [26/Mar/2026 09:23:32] "GET /cscontatos/index.html HTTP/1.1" 304 -
::1 - - [26/Mar/2026 09:23:32] "GET /cscontatos/index.html HTTP/1.1" 304 -
::1 - - [26/Mar/2026 09:23:32] "GET /cscontatos/index.html HTTP/1.1" 304 -
::1 - - [26/Mar/2026 09:23:33] "GET /cscontatos/index.html HTTP/1.1" 304 -
::1 - - [26/Mar/2026 09:23:33] "GET /cscontatos/index.html HTTP/1.1" 304 -
::1 - - [26/Mar/2026 09:23:33] "GET /cscontatos/index.html HTTP/1.1" 304 -
::1 - - [26/Mar/2026 09:23:34] "GET /cscontatos/index.html HTTP/1.1" 304 -
::1 - - [26/Mar/2026 09:23:34] "GET /cscontatos/index.html HTTP/1.1" 304 -
::1 - - [26/Mar/2026 09:23:35] "GET /cscontatos/index.html HTTP/1.1" 304 -
::1 - - [26/Mar/2026 09:23:35] "GET /cscontatos/index.html HTTP/1.1" 304 -
::1 - - [26/Mar/2026 09:23:35] "GET /cscontatos/index.html HTTP/1.1" 304 -
::1 - - [26/Mar/2026 09:23:36] "GET /cscontatos/index.html HTTP/1.1" 304 -
::1 - - [26/Mar/2026 09:23:36] "GET /cscontatos/index.html HTTP/1.1" 304 -
::1 - - [26/Mar/2026 09:23:36] "GET /cscontatos/index.html HTTP/1.1" 304 -
::1 - - [26/Mar/2026 09:23:37] "GET /cscontatos/index.html HTTP/1.1" 304 -
::1 - - [26/Mar/2026 09:23:37] "GET /cscontatos/index.html HTTP/1.1" 304 -
::1 - - [26/Mar/2026 09:23:37] "GET /cscontatos/index.html HTTP/1.1" 304 -
::1 - - [26/Mar/2026 09:23:38] "GET /cscontatos/index.html HTTP/1.1" 304 -
::1 - - [26/Mar/2026 09:23:38] "GET /cscontatos/index.html HTTP/1.1" 304 -
::1 - - [26/Mar/2026 09:23:38] "GET /cscontatos/index.html HTTP/1.1" 304 -
::1 - - [26/Mar/2026 09:23:38] "GET /cscontatos/index.html HTTP/1.1" 304 -
::1 - - [26/Mar/2026 09:23:39] "GET /cscontatos/index.html HTTP/1.1" 304 -
::1 - - [26/Mar/2026 09:23:39] "GET /cscontatos/index.html HTTP/1.1" 304 -
::1 - - [26/Mar/2026 09:23:39] "GET /cscontatos/index.html HTTP/1.1" 304 -
::1 - - [26/Mar/2026 09:23:39] "GET /cscontatos/index.html HTTP/1.1" 304 -
::1 - - [26/Mar/2026 09:23:40] "GET /cscontatos/index.html HTTP/1.1" 304 -
::1 - - [26/Mar/2026 09:23:40] "GET /cscontatos/index.html HTTP/1.1" 304 -
::1 - - [26/Mar/2026 09:23:40] "GET /cscontatos/index.html HTTP/1.1" 304 -
::1 - - [26/Mar/2026 09:23:40] "GET /cscontatos/index.html HTTP/1.1" 304 -
::1 - - [26/Mar/2026 09:23:41] "GET /cscontatos/index.html HTTP/1.1" 304 -
::1 - - [26/Mar/2026 09:23:42] "GET /cscontatos/index.html HTTP/1.1" 200 -
::1 - - [26/Mar/2026 09:23:42] "GET /logo111.png HTTP/1.1" 200 -
::1 - - [26/Mar/2026 09:23:42] "GET /cscontatos/style.css HTTP/1.1" 200 -
::1 - - [26/Mar/2026 09:23:42] "GET /cscontatos/app.js HTTP/1.1" 200 -
::1 - - [26/Mar/2026 09:23:43] code 404, message File not found
::1 - - [26/Mar/2026 09:23:43] "GET /favicon.ico HTTP/1.1" 404 -
::1 - - [26/Mar/2026 09:23:55] "GET /cscontatos/index.html HTTP/1.1" 304 -
::1 - - [26/Mar/2026 09:23:56] "GET /cscontatos/style.css HTTP/1.1" 304 -
::1 - - [26/Mar/2026 09:23:56] "GET /cscontatos/app.js HTTP/1.1" 304 -
::1 - - [26/Mar/2026 09:24:00] "GET /atendimento/BI_por_Time(2).html HTTP/1.1" 200 -
::1 - - [26/Mar/2026 09:24:00] "GET /atendimento/styles/bi-dashboard.css HTTP/1.1" 200 -
::1 - - [26/Mar/2026 09:24:00] "GET /atendimento/styles/sidebar-premium.css HTTP/1.1" 200 -
::1 - - [26/Mar/2026 09:24:00] "GET /atendimento/styles/sidebar.css HTTP/1.1" 200 -
::1 - - [26/Mar/2026 09:24:00] "GET /atendimento/styles/presentation-premium.css HTTP/1.1" 200 -
::1 - - [26/Mar/2026 09:24:00] "GET /atendimento/styles/reports-premium.css HTTP/1.1" 200 -
::1 - - [26/Mar/2026 09:24:00] "GET /atendimento/styles/cards.css HTTP/1.1" 200 -
::1 - - [26/Mar/2026 09:24:00] "GET /atendimento/styles/topbar.css HTTP/1.1" 200 -
::1 - - [26/Mar/2026 09:24:00] "GET /atendimento/styles/modals.css HTTP/1.1" 200 -
::1 - - [26/Mar/2026 09:24:00] "GET /atendimento/styles/presentation.css HTTP/1.1" 200 -
::1 - - [26/Mar/2026 09:24:00] "GET /atendimento/styles/animations.css HTTP/1.1" 200 -
::1 - - [26/Mar/2026 09:24:00] "GET /atendimento/styles/charts.css HTTP/1.1" 200 -
::1 - - [26/Mar/2026 09:24:00] "GET /atendimento/styles/responsive.css HTTP/1.1" 200 -
::1 - - [26/Mar/2026 09:24:00] "GET /atendimento/styles/accessibility.css HTTP/1.1" 200 -
::1 - - [26/Mar/2026 09:24:00] "GET /atendimento/tryvia.png HTTP/1.1" 200 -
::1 - - [26/Mar/2026 09:24:00] "GET /atendimento/js/supabase-loader.js HTTP/1.1" 200 -
::1 - - [26/Mar/2026 09:24:00] "GET /atendimento/js/env-config.js?v=20260224T1630 HTTP/1.1" 200 -
::1 - - [26/Mar/2026 09:24:00] "GET /atendimento/js/supabase-chunked-loader.js HTTP/1.1" 200 -
::1 - - [26/Mar/2026 09:24:00] "GET /atendimento/js/status-config.js?v=20260303T1710 HTTP/1.1" 200 -
::1 - - [26/Mar/2026 09:24:00] "GET /atendimento/js/theme-colors-config.js?v=20260224T1130 HTTP/1.1" 200 -
::1 - - [26/Mar/2026 09:24:00] "GET /atendimento/js/core-data.js?v=20260108T1700 HTTP/1.1" 200 -
::1 - - [26/Mar/2026 09:24:00] "GET /atendimento/js/config/team-members.js?v=20260303T1710 HTTP/1.1" 200 -
::1 - - [26/Mar/2026 09:24:00] "GET /atendimento/js/bi-analytics-metrics.js?v=20251203T0935 HTTP/1.1" 200 -
::1 - - [26/Mar/2026 09:24:00] "GET /atendimento/js/reports-insights-engine.js?v=20260312 HTTP/1.1" 200 -
::1 - - [26/Mar/2026 09:24:00] "GET /atendimento/js/reports-enhanced-metrics.js?v=20260316 HTTP/1.1" 200 -
::1 - - [26/Mar/2026 09:24:00] "GET /atendimento/js/bi-analytics-charts.js?v=20260223T1545 HTTP/1.1" 200 -
::1 - - [26/Mar/2026 09:24:00] "GET /atendimento/js/reports-enhanced-sections.js?v=20260316 HTTP/1.1" 200 -
::1 - - [26/Mar/2026 09:24:00] "GET /atendimento/js/bi-analytics-methods.js?v=20260309T1230 HTTP/1.1" 200 -
::1 - - [26/Mar/2026 09:24:00] "GET /atendimento/js/csat-module.js?v=20251209T1740 HTTP/1.1" 200 -
::1 - - [26/Mar/2026 09:24:00] "GET /atendimento/js/navigation-functions.js?v=20260309T1200 HTTP/1.1" 200 -
::1 - - [26/Mar/2026 09:24:00] "GET /atendimento/js/bi-csat-time-module.js?v=20251210T1515 HTTP/1.1" 200 -
::1 - - [26/Mar/2026 09:24:00] "GET /atendimento/js/bi-consolidado-module.js?v=20260316T1445 HTTP/1.1" 200 -
::1 - - [26/Mar/2026 09:24:00] "GET /atendimento/js/reports-module-v3.js?v=20260303T1600 HTTP/1.1" 200 -
::1 - - [26/Mar/2026 09:24:00] "GET /atendimento/js/bi-analytics.js?v=20260303T1710 HTTP/1.1" 200 -
::1 - - [26/Mar/2026 09:24:00] "GET /atendimento/js/bi-productivity-matrix.js?v=20260317T1630 HTTP/1.1" 200 -
::1 - - [26/Mar/2026 09:24:00] "GET /atendimento/js/logger.js?v=20260224T1500 HTTP/1.1" 200 -
::1 - - [26/Mar/2026 09:24:00] "GET /atendimento/js/bi-acompanhamento-module.js?v=20260309T1230 HTTP/1.1" 200 -
::1 - - [26/Mar/2026 09:24:00] "GET /atendimento/js/bi-analytics-init.js?v=20251201T1115 HTTP/1.1" 200 -
::1 - - [26/Mar/2026 09:24:00] "GET /atendimento/js/global-search.js?v=20251217T1600 HTTP/1.1" 200 -
::1 - - [26/Mar/2026 09:24:00] "GET /atendimento/js/gamification-badges.js?v=20251218T0100 HTTP/1.1" 200 -
::1 - - [26/Mar/2026 09:24:00] "GET /atendimento/js/interactive-charts.js?v=20251217T1600 HTTP/1.1" 200 -
::1 - - [26/Mar/2026 09:24:00] "GET /atendimento/js/gamification.js?v=20251218T0100 HTTP/1.1" 200 -
::1 - - [26/Mar/2026 09:24:00] "GET /atendimento/js/chatbot-utils.js?v=20260224T1450 HTTP/1.1" 200 -
::1 - - [26/Mar/2026 09:24:00] "GET /atendimento/js/premium-icons.js?v=20251223 HTTP/1.1" 200 -
::1 - - [26/Mar/2026 09:24:00] "GET /atendimento/js/chatbot-intelligence.js?v=20260224T1450 HTTP/1.1" 200 -
::1 - - [26/Mar/2026 09:24:00] "GET /atendimento/js/chatbot.js?v=20260303T1710 HTTP/1.1" 200 -
::1 - - [26/Mar/2026 09:24:00] "GET /atendimento/js/tryviano-knowledge-base.js?v=20260224T1450 HTTP/1.1" 200 -
::1 - - [26/Mar/2026 09:24:00] "GET /atendimento/js/chatbot-premium.js?v=20260224T1450 HTTP/1.1" 200 -
::1 - - [26/Mar/2026 09:24:00] "GET /atendimento/js/ai-transformers.js?v=20251201T1115 HTTP/1.1" 200 -
::1 - - [26/Mar/2026 09:24:00] "GET /atendimento/js/date-range-picker.js?v=20251204T1156 HTTP/1.1" 200 -
::1 - - [26/Mar/2026 09:24:00] "GET /atendimento/js/glossary-data.js?v=20251201T1200 HTTP/1.1" 200 -
::1 - - [26/Mar/2026 09:24:00] "GET /atendimento/js/glossary-module.js?v=20251201T1200 HTTP/1.1" 200 -
::1 - - [26/Mar/2026 09:24:00] "GET /atendimento/js/insights-module.js?v=20251201T1115 HTTP/1.1" 200 -
::1 - - [26/Mar/2026 09:24:00] "GET /atendimento/js/presentation-mode-v2.js?v=20251203T0935 HTTP/1.1" 200 -
::1 - - [26/Mar/2026 09:24:00] "GET /atendimento/js/bi-extra-data-module.js?v=20251215T1555 HTTP/1.1" 200 -
::1 - - [26/Mar/2026 09:24:00] "GET /atendimento/js/annotations-module.js?v=20250126T0100 HTTP/1.1" 200 -
::1 - - [26/Mar/2026 09:24:00] "GET /atendimento/js/realtime-dashboard.js?v=20260127T1600 HTTP/1.1" 200 -
::1 - - [26/Mar/2026 09:24:00] "GET /atendimento/js/bi-helpers.js?v=20260127T1700 HTTP/1.1" 200 -
::1 - - [26/Mar/2026 09:24:00] "GET /atendimento/js/accessibility-module.js?v=20260127T1600 HTTP/1.1" 200 -
::1 - - [26/Mar/2026 09:25:09] "GET /cscontatos/index.html HTTP/1.1" 304 -
::1 - - [26/Mar/2026 09:25:09] "GET /cscontatos/style.css HTTP/1.1" 304 -
::1 - - [26/Mar/2026 09:25:09] "GET /cscontatos/app.js HTTP/1.1" 304 -
::1 - - [26/Mar/2026 09:25:26] "GET /cscontatos/index.html HTTP/1.1" 200 -
::1 - - [26/Mar/2026 09:25:26] "GET /cscontatos/style.css HTTP/1.1" 200 -
::1 - - [26/Mar/2026 09:25:26] code 404, message File not found
::1 - - [26/Mar/2026 09:25:26] "GET /cscontatos/portal-cscontatos.js HTTP/1.1" 404 -
::1 - - [26/Mar/2026 09:25:26] "GET /logo111.png HTTP/1.1" 200 -
::1 - - [26/Mar/2026 09:25:26] "GET /cscontatos/app.js HTTP/1.1" 200 -
::1 - - [26/Mar/2026 09:25:27] code 404, message File not found
::1 - - [26/Mar/2026 09:25:27] "GET /favicon.ico HTTP/1.1" 404 -
::1 - - [26/Mar/2026 09:25:28] "GET /cscontatos/index.html HTTP/1.1" 200 -
::1 - - [26/Mar/2026 09:25:28] "GET /cscontatos/style.css HTTP/1.1" 200 -
::1 - - [26/Mar/2026 09:25:28] code 404, message File not found
::1 - - [26/Mar/2026 09:25:28] "GET /logo111.png HTTP/1.1" 200 -
::1 - - [26/Mar/2026 09:25:28] "GET /cscontatos/portal-cscontatos.js HTTP/1.1" 404 -
::1 - - [26/Mar/2026 09:25:28] "GET /cscontatos/app.js HTTP/1.1" 200 -
::1 - - [26/Mar/2026 09:25:29] code 404, message File not found
::1 - - [26/Mar/2026 09:25:29] "GET /favicon.ico HTTP/1.1" 404 -
::1 - - [26/Mar/2026 09:25:29] "GET /cscontatos/index.html HTTP/1.1" 200 -
::1 - - [26/Mar/2026 09:25:29] "GET /cscontatos/style.css HTTP/1.1" 200 -
::1 - - [26/Mar/2026 09:25:29] "GET /logo111.png HTTP/1.1" 200 -
::1 - - [26/Mar/2026 09:25:29] code 404, message File not found
::1 - - [26/Mar/2026 09:25:29] "GET /cscontatos/portal-cscontatos.js HTTP/1.1" 404 -
::1 - - [26/Mar/2026 09:25:29] "GET /cscontatos/app.js HTTP/1.1" 200 -
::1 - - [26/Mar/2026 09:25:29] code 404, message File not found
::1 - - [26/Mar/2026 09:25:29] "GET /favicon.ico HTTP/1.1" 404 -
::1 - - [26/Mar/2026 09:25:30] "GET /cscontatos/index.html HTTP/1.1" 200 -
::1 - - [26/Mar/2026 09:25:30] "GET /cscontatos/style.css HTTP/1.1" 200 -
::1 - - [26/Mar/2026 09:25:30] code 404, message File not found
::1 - - [26/Mar/2026 09:25:30] "GET /cscontatos/portal-cscontatos.js HTTP/1.1" 404 -
::1 - - [26/Mar/2026 09:25:30] "GET /logo111.png HTTP/1.1" 200 -
::1 - - [26/Mar/2026 09:25:30] "GET /cscontatos/app.js HTTP/1.1" 200 -
::1 - - [26/Mar/2026 09:25:30] code 404, message File not found
::1 - - [26/Mar/2026 09:25:30] "GET /favicon.ico HTTP/1.1" 404 -
::1 - - [26/Mar/2026 09:25:31] "GET /cscontatos/index.html HTTP/1.1" 200 -
::1 - - [26/Mar/2026 09:25:31] "GET /cscontatos/style.css HTTP/1.1" 200 -
::1 - - [26/Mar/2026 09:25:31] "GET /logo111.png HTTP/1.1" 200 -
::1 - - [26/Mar/2026 09:25:31] code 404, message File not found
::1 - - [26/Mar/2026 09:25:31] "GET /cscontatos/portal-cscontatos.js HTTP/1.1" 404 -
::1 - - [26/Mar/2026 09:25:31] "GET /cscontatos/app.js HTTP/1.1" 200 -
::1 - - [26/Mar/2026 09:25:31] code 404, message File not found
::1 - - [26/Mar/2026 09:25:31] "GET /favicon.ico HTTP/1.1" 404 -
::1 - - [26/Mar/2026 09:25:32] "GET /cscontatos/index.html HTTP/1.1" 200 -
::1 - - [26/Mar/2026 09:25:32] "GET /cscontatos/style.css HTTP/1.1" 200 -
::1 - - [26/Mar/2026 09:25:32] "GET /logo111.png HTTP/1.1" 200 -
::1 - - [26/Mar/2026 09:25:32] code 404, message File not found
::1 - - [26/Mar/2026 09:25:32] "GET /cscontatos/portal-cscontatos.js HTTP/1.1" 404 -
::1 - - [26/Mar/2026 09:25:32] "GET /cscontatos/app.js HTTP/1.1" 200 -
::1 - - [26/Mar/2026 09:25:32] code 404, message File not found
::1 - - [26/Mar/2026 09:25:32] "GET /favicon.ico HTTP/1.1" 404 -
::1 - - [26/Mar/2026 09:25:49] "GET /cscontatos/index.html HTTP/1.1" 304 -
::1 - - [26/Mar/2026 09:25:49] "GET /cscontatos/style.css HTTP/1.1" 304 -
::1 - - [26/Mar/2026 09:25:49] "GET /cscontatos/app.js HTTP/1.1" 304 -
::1 - - [26/Mar/2026 09:25:49] "GET /cscontatos/portal-cscontatos.js HTTP/1.1" 200 -
::1 - - [26/Mar/2026 09:25:52] "GET /cscontatos/index.html HTTP/1.1" 200 -
::1 - - [26/Mar/2026 09:25:52] "GET /cscontatos/portal-cscontatos.js HTTP/1.1" 304 -
::1 - - [26/Mar/2026 09:25:54] "GET /cscontatos/index.html HTTP/1.1" 304 -
::1 - - [26/Mar/2026 09:25:54] "GET /cscontatos/portal-cscontatos.js HTTP/1.1" 304 -
::1 - - [26/Mar/2026 09:25:54] "GET /cscontatos/index.html HTTP/1.1" 304 -
::1 - - [26/Mar/2026 09:25:54] "GET /cscontatos/index.html HTTP/1.1" 304 -
::1 - - [26/Mar/2026 09:25:55] "GET /cscontatos/index.html HTTP/1.1" 304 -
::1 - - [26/Mar/2026 09:25:55] "GET /cscontatos/index.html HTTP/1.1" 200 -
::1 - - [26/Mar/2026 09:25:55] "GET /cscontatos/portal-cscontatos.js HTTP/1.1" 304 -
::1 - - [26/Mar/2026 09:26:13] "GET /cscontatos/index.html HTTP/1.1" 200 -
::1 - - [26/Mar/2026 09:26:13] "GET /cscontatos/style.css HTTP/1.1" 304 -
::1 - - [26/Mar/2026 09:26:13] "GET /cscontatos/app.js HTTP/1.1" 304 -
::1 - - [26/Mar/2026 09:26:13] "GET /cscontatos/portal-cscontatos.js HTTP/1.1" 304 -
::1 - - [26/Mar/2026 09:26:15] "GET /cscontatos/index.html HTTP/1.1" 200 -
::1 - - [26/Mar/2026 09:26:15] "GET /cscontatos/style.css HTTP/1.1" 200 -
::1 - - [26/Mar/2026 09:26:15] "GET /cscontatos/portal-cscontatos.js HTTP/1.1" 200 -
::1 - - [26/Mar/2026 09:26:15] "GET /logo111.png HTTP/1.1" 200 -
::1 - - [26/Mar/2026 09:26:15] "GET /cscontatos/app.js HTTP/1.1" 200 -
::1 - - [26/Mar/2026 09:26:15] code 404, message File not found
::1 - - [26/Mar/2026 09:26:15] "GET /favicon.ico HTTP/1.1" 404 -
::1 - - [26/Mar/2026 09:26:16] "GET /cscontatos/index.html HTTP/1.1" 200 -
::1 - - [26/Mar/2026 09:26:16] "GET /cscontatos/style.css HTTP/1.1" 200 -
::1 - - [26/Mar/2026 09:26:16] "GET /logo111.png HTTP/1.1" 200 -
::1 - - [26/Mar/2026 09:26:16] "GET /cscontatos/portal-cscontatos.js HTTP/1.1" 200 -
::1 - - [26/Mar/2026 09:26:16] "GET /cscontatos/app.js HTTP/1.1" 200 -
::1 - - [26/Mar/2026 09:26:17] code 404, message File not found
::1 - - [26/Mar/2026 09:26:17] "GET /favicon.ico HTTP/1.1" 404 -
::1 - - [26/Mar/2026 09:26:17] "GET /cscontatos/index.html HTTP/1.1" 200 -
::1 - - [26/Mar/2026 09:26:17] "GET /cscontatos/style.css HTTP/1.1" 200 -
::1 - - [26/Mar/2026 09:26:17] "GET /logo111.png HTTP/1.1" 200 -
::1 - - [26/Mar/2026 09:26:17] "GET /cscontatos/portal-cscontatos.js HTTP/1.1" 200 -
::1 - - [26/Mar/2026 09:26:17] "GET /cscontatos/app.js HTTP/1.1" 200 -
::1 - - [26/Mar/2026 09:26:17] code 404, message File not found
::1 - - [26/Mar/2026 09:26:17] "GET /favicon.ico HTTP/1.1" 404 -
::1 - - [26/Mar/2026 09:26:18] "GET /cscontatos/index.html HTTP/1.1" 200 -
::1 - - [26/Mar/2026 09:26:18] "GET /cscontatos/style.css HTTP/1.1" 200 -
::1 - - [26/Mar/2026 09:26:18] "GET /logo111.png HTTP/1.1" 200 -
::1 - - [26/Mar/2026 09:26:18] "GET /cscontatos/portal-cscontatos.js HTTP/1.1" 200 -
::1 - - [26/Mar/2026 09:26:18] "GET /cscontatos/app.js HTTP/1.1" 200 -
::1 - - [26/Mar/2026 09:26:18] code 404, message File not found
::1 - - [26/Mar/2026 09:26:18] "GET /favicon.ico HTTP/1.1" 404 -
::1 - - [26/Mar/2026 09:26:18] "GET /cscontatos/index.html HTTP/1.1" 200 -
::1 - - [26/Mar/2026 09:26:18] "GET /cscontatos/style.css HTTP/1.1" 200 -
::1 - - [26/Mar/2026 09:26:18] "GET /logo111.png HTTP/1.1" 200 -
::1 - - [26/Mar/2026 09:26:18] "GET /cscontatos/portal-cscontatos.js HTTP/1.1" 200 -
::1 - - [26/Mar/2026 09:26:18] "GET /cscontatos/app.js HTTP/1.1" 200 -
::1 - - [26/Mar/2026 09:26:19] code 404, message File not found
::1 - - [26/Mar/2026 09:26:19] "GET /favicon.ico HTTP/1.1" 404 -
::1 - - [26/Mar/2026 09:26:19] "GET /cscontatos/index.html HTTP/1.1" 200 -
::1 - - [26/Mar/2026 09:26:19] "GET /cscontatos/style.css HTTP/1.1" 200 -
::1 - - [26/Mar/2026 09:26:19] "GET /logo111.png HTTP/1.1" 200 -
::1 - - [26/Mar/2026 09:26:19] "GET /cscontatos/portal-cscontatos.js HTTP/1.1" 200 -
::1 - - [26/Mar/2026 09:26:19] "GET /cscontatos/app.js HTTP/1.1" 200 -
::1 - - [26/Mar/2026 09:26:19] code 404, message File not found
::1 - - [26/Mar/2026 09:26:19] "GET /favicon.ico HTTP/1.1" 404 -
::1 - - [26/Mar/2026 09:26:19] "GET /cscontatos/index.html HTTP/1.1" 200 -
::1 - - [26/Mar/2026 09:26:19] "GET /cscontatos/style.css HTTP/1.1" 200 -
::1 - - [26/Mar/2026 09:26:19] "GET /logo111.png HTTP/1.1" 200 -
::1 - - [26/Mar/2026 09:26:19] "GET /cscontatos/portal-cscontatos.js HTTP/1.1" 200 -
::1 - - [26/Mar/2026 09:26:19] "GET /cscontatos/app.js HTTP/1.1" 200 -
::1 - - [26/Mar/2026 09:26:20] code 404, message File not found
::1 - - [26/Mar/2026 09:26:20] "GET /favicon.ico HTTP/1.1" 404 -
::1 - - [26/Mar/2026 09:26:20] "GET /cscontatos/index.html HTTP/1.1" 200 -
::1 - - [26/Mar/2026 09:26:20] "GET /cscontatos/style.css HTTP/1.1" 200 -
::1 - - [26/Mar/2026 09:26:20] "GET /logo111.png HTTP/1.1" 200 -
::1 - - [26/Mar/2026 09:26:20] "GET /cscontatos/portal-cscontatos.js HTTP/1.1" 200 -
::1 - - [26/Mar/2026 09:26:20] "GET /cscontatos/app.js HTTP/1.1" 200 -
::1 - - [26/Mar/2026 09:26:20] code 404, message File not found
::1 - - [26/Mar/2026 09:26:20] "GET /favicon.ico HTTP/1.1" 404 -
::1 - - [26/Mar/2026 09:26:20] "GET /cscontatos/index.html HTTP/1.1" 200 -
::1 - - [26/Mar/2026 09:26:20] "GET /cscontatos/style.css HTTP/1.1" 200 -
::1 - - [26/Mar/2026 09:26:20] "GET /logo111.png HTTP/1.1" 200 -
::1 - - [26/Mar/2026 09:26:20] "GET /cscontatos/portal-cscontatos.js HTTP/1.1" 200 -
::1 - - [26/Mar/2026 09:26:20] "GET /cscontatos/app.js HTTP/1.1" 200 -
::1 - - [26/Mar/2026 09:26:21] code 404, message File not found
::1 - - [26/Mar/2026 09:26:21] "GET /favicon.ico HTTP/1.1" 404 -
::1 - - [26/Mar/2026 09:26:21] "GET /cscontatos/index.html HTTP/1.1" 304 -
::1 - - [26/Mar/2026 09:26:21] "GET /cscontatos/index.html HTTP/1.1" 304 -
::1 - - [26/Mar/2026 09:26:22] "GET /cscontatos/index.html HTTP/1.1" 200 -
::1 - - [26/Mar/2026 09:26:22] "GET /cscontatos/style.css HTTP/1.1" 200 -
::1 - - [26/Mar/2026 09:26:22] "GET /logo111.png HTTP/1.1" 200 -
::1 - - [26/Mar/2026 09:26:22] "GET /cscontatos/portal-cscontatos.js HTTP/1.1" 200 -
::1 - - [26/Mar/2026 09:26:22] "GET /cscontatos/app.js HTTP/1.1" 200 -
::1 - - [26/Mar/2026 09:26:22] code 404, message File not found
::1 - - [26/Mar/2026 09:26:22] "GET /favicon.ico HTTP/1.1" 404 -
::1 - - [26/Mar/2026 09:26:23] "GET /cscontatos/index.html HTTP/1.1" 304 -
::1 - - [26/Mar/2026 09:26:23] "GET /cscontatos/index.html HTTP/1.1" 200 -
::1 - - [26/Mar/2026 09:26:23] "GET /cscontatos/style.css HTTP/1.1" 200 -
::1 - - [26/Mar/2026 09:26:23] "GET /logo111.png HTTP/1.1" 200 -
::1 - - [26/Mar/2026 09:26:23] "GET /cscontatos/portal-cscontatos.js HTTP/1.1" 200 -
::1 - - [26/Mar/2026 09:26:24] "GET /cscontatos/app.js HTTP/1.1" 200 -
::1 - - [26/Mar/2026 09:26:24] code 404, message File not found
::1 - - [26/Mar/2026 09:26:24] "GET /favicon.ico HTTP/1.1" 404 -
::1 - - [26/Mar/2026 09:26:24] "GET /cscontatos/index.html HTTP/1.1" 200 -
::1 - - [26/Mar/2026 09:26:24] "GET /cscontatos/style.css HTTP/1.1" 200 -
::1 - - [26/Mar/2026 09:26:24] "GET /logo111.png HTTP/1.1" 200 -
::1 - - [26/Mar/2026 09:26:24] "GET /cscontatos/portal-cscontatos.js HTTP/1.1" 200 -
::1 - - [26/Mar/2026 09:26:24] "GET /cscontatos/app.js HTTP/1.1" 200 -
::1 - - [26/Mar/2026 09:26:24] code 404, message File not found
::1 - - [26/Mar/2026 09:26:24] "GET /favicon.ico HTTP/1.1" 404 -
::1 - - [26/Mar/2026 09:26:26] "GET /cscontatos/index.html HTTP/1.1" 200 -
::1 - - [26/Mar/2026 09:26:26] "GET /cscontatos/style.css HTTP/1.1" 200 -
::1 - - [26/Mar/2026 09:26:26] "GET /logo111.png HTTP/1.1" 200 -
::1 - - [26/Mar/2026 09:26:26] "GET /cscontatos/portal-cscontatos.js HTTP/1.1" 200 -
::1 - - [26/Mar/2026 09:26:26] "GET /cscontatos/app.js HTTP/1.1" 200 -
::1 - - [26/Mar/2026 09:26:26] code 404, message File not found
::1 - - [26/Mar/2026 09:26:26] "GET /favicon.ico HTTP/1.1" 404 -
::1 - - [26/Mar/2026 09:26:26] "GET /cscontatos/index.html HTTP/1.1" 304 -
::1 - - [26/Mar/2026 09:26:47] "GET /cscontatos/index.html HTTP/1.1" 304 -
::1 - - [26/Mar/2026 09:26:47] "GET /cscontatos/style.css HTTP/1.1" 304 -
::1 - - [26/Mar/2026 09:26:47] "GET /cscontatos/app.js HTTP/1.1" 304 -
::1 - - [26/Mar/2026 09:26:47] "GET /cscontatos/portal-cscontatos.js HTTP/1.1" 200 -
::1 - - [26/Mar/2026 09:26:49] "GET /cscontatos/index.html HTTP/1.1" 304 -
::1 - - [26/Mar/2026 09:26:49] "GET /cscontatos/portal-cscontatos.js HTTP/1.1" 304 -
::1 - - [26/Mar/2026 09:27:05] "GET /cscontatos/index.html HTTP/1.1" 200 -
::1 - - [26/Mar/2026 09:27:05] "GET /logo111.png HTTP/1.1" 200 -
::1 - - [26/Mar/2026 09:27:05] "GET /cscontatos/portal-cscontatos.js HTTP/1.1" 200 -
::1 - - [26/Mar/2026 09:27:05] "GET /cscontatos/style.css HTTP/1.1" 200 -
::1 - - [26/Mar/2026 09:27:05] "GET /cscontatos/app.js HTTP/1.1" 200 -
::1 - - [26/Mar/2026 09:27:05] code 404, message File not found
::1 - - [26/Mar/2026 09:27:05] "GET /favicon.ico HTTP/1.1" 404 -
::1 - - [26/Mar/2026 09:27:11] "GET /cscontatos/style.css HTTP/1.1" 304 -
::1 - - [26/Mar/2026 09:27:11] code 404, message File not found
::1 - - [26/Mar/2026 09:27:11] "GET /.well-known/appspecific/com.chrome.devtools.json HTTP/1.1" 404 -
::1 - - [26/Mar/2026 09:31:38] "GET /cscontatos/index.html HTTP/1.1" 200 -
::1 - - [26/Mar/2026 09:31:39] "GET /cscontatos/style.css HTTP/1.1" 200 -
::1 - - [26/Mar/2026 09:31:39] "GET /logo111.png HTTP/1.1" 200 -
::1 - - [26/Mar/2026 09:31:39] "GET /cscontatos/portal-cscontatos.js HTTP/1.1" 200 -
::1 - - [26/Mar/2026 09:31:40] "GET /cscontatos/app.js HTTP/1.1" 200 -
::1 - - [26/Mar/2026 09:31:40] code 404, message File not found
::1 - - [26/Mar/2026 09:31:40] "GET /favicon.ico HTTP/1.1" 404 -
::1 - - [26/Mar/2026 09:31:59] "GET /cscontatos/index.html HTTP/1.1" 304 -
::1 - - [26/Mar/2026 09:31:59] "GET /cscontatos/portal-cscontatos.js HTTP/1.1" 304 -
::1 - - [26/Mar/2026 09:31:59] "GET /cscontatos/app.js HTTP/1.1" 304 -
::1 - - [26/Mar/2026 09:32:22] "GET /cscontatos/index.html HTTP/1.1" 304 -
::1 - - [26/Mar/2026 09:32:22] "GET /cscontatos/style.css HTTP/1.1" 304 -
::1 - - [26/Mar/2026 09:32:22] "GET /cscontatos/portal-cscontatos.js HTTP/1.1" 304 -
::1 - - [26/Mar/2026 09:32:22] "GET /cscontatos/app.js HTTP/1.1" 304 -
::1 - - [26/Mar/2026 09:32:30] "GET /cscontatos/index.html HTTP/1.1" 200 -
::1 - - [26/Mar/2026 09:32:30] "GET /cscontatos/style.css HTTP/1.1" 200 -
::1 - - [26/Mar/2026 09:32:30] "GET /logo111.png HTTP/1.1" 200 -
::1 - - [26/Mar/2026 09:32:30] "GET /cscontatos/portal-cscontatos.js HTTP/1.1" 200 -
::1 - - [26/Mar/2026 09:32:30] "GET /cscontatos/app.js HTTP/1.1" 200 -
::1 - - [26/Mar/2026 09:32:30] code 404, message File not found
::1 - - [26/Mar/2026 09:32:30] "GET /favicon.ico HTTP/1.1" 404 -
::1 - - [26/Mar/2026 09:33:08] "GET /cscontatos/index.html HTTP/1.1" 200 -
::1 - - [26/Mar/2026 09:33:08] "GET /cscontatos/style.css HTTP/1.1" 200 -
::1 - - [26/Mar/2026 09:33:08] "GET /cscontatos/app.js HTTP/1.1" 200 -
::1 - - [26/Mar/2026 09:35:06] "GET /cscontatos/index.html HTTP/1.1" 200 -
::1 - - [26/Mar/2026 09:35:06] "GET /cscontatos/style.css HTTP/1.1" 304 -
::1 - - [26/Mar/2026 09:35:06] code 404, message File not found
::1 - - [26/Mar/2026 09:35:06] "GET /assets/logo.png HTTP/1.1" 404 -
::1 - - [26/Mar/2026 09:35:06] "GET /cscontatos/app.js HTTP/1.1" 304 -
::1 - - [26/Mar/2026 09:35:08] "GET /cscontatos/index.html HTTP/1.1" 304 -
::1 - - [26/Mar/2026 09:35:08] code 404, message File not found
::1 - - [26/Mar/2026 09:35:08] "GET /assets/logo.png HTTP/1.1" 404 -
::1 - - [26/Mar/2026 09:35:09] "GET /cscontatos/index.html HTTP/1.1" 304 -
::1 - - [26/Mar/2026 09:35:09] code 404, message File not found
::1 - - [26/Mar/2026 09:35:09] "GET /assets/logo.png HTTP/1.1" 404 -
::1 - - [26/Mar/2026 09:35:09] "GET /cscontatos/index.html HTTP/1.1" 304 -
::1 - - [26/Mar/2026 09:35:09] code 404, message File not found
::1 - - [26/Mar/2026 09:35:09] "GET /assets/logo.png HTTP/1.1" 404 -
::1 - - [26/Mar/2026 09:35:09] "GET /cscontatos/index.html HTTP/1.1" 304 -
::1 - - [26/Mar/2026 09:35:09] code 404, message File not found
::1 - - [26/Mar/2026 09:35:09] "GET /assets/logo.png HTTP/1.1" 404 -
::1 - - [26/Mar/2026 09:35:10] "GET /cscontatos/index.html HTTP/1.1" 304 -
::1 - - [26/Mar/2026 09:35:10] code 404, message File not found
::1 - - [26/Mar/2026 09:35:10] "GET /assets/logo.png HTTP/1.1" 404 -
::1 - - [26/Mar/2026 09:35:10] "GET /cscontatos/index.html HTTP/1.1" 304 -
::1 - - [26/Mar/2026 09:35:10] code 404, message File not found
::1 - - [26/Mar/2026 09:35:10] "GET /assets/logo.png HTTP/1.1" 404 -
::1 - - [26/Mar/2026 09:35:10] "GET /cscontatos/index.html HTTP/1.1" 304 -
::1 - - [26/Mar/2026 09:35:10] code 404, message File not found
::1 - - [26/Mar/2026 09:35:10] "GET /assets/logo.png HTTP/1.1" 404 -
::1 - - [26/Mar/2026 09:35:10] "GET /cscontatos/index.html HTTP/1.1" 304 -
::1 - - [26/Mar/2026 09:35:10] code 404, message File not found
::1 - - [26/Mar/2026 09:35:10] "GET /assets/logo.png HTTP/1.1" 404 -
::1 - - [26/Mar/2026 09:35:11] "GET /cscontatos/index.html HTTP/1.1" 304 -
::1 - - [26/Mar/2026 09:35:11] code 404, message File not found
::1 - - [26/Mar/2026 09:35:11] "GET /assets/logo.png HTTP/1.1" 404 -
::1 - - [26/Mar/2026 09:35:26] "GET /cscontatos/index.html HTTP/1.1" 200 -
::1 - - [26/Mar/2026 09:35:26] "GET /cscontatos/style.css HTTP/1.1" 304 -
::1 - - [26/Mar/2026 09:35:26] code 404, message File not found
::1 - - [26/Mar/2026 09:35:26] "GET /assets/logo.png HTTP/1.1" 404 -
::1 - - [26/Mar/2026 09:35:26] "GET /cscontatos/portal-cscontatos.js HTTP/1.1" 200 -
::1 - - [26/Mar/2026 09:35:27] "GET /cscontatos/app.js HTTP/1.1" 304 -
::1 - - [26/Mar/2026 09:35:30] "GET /cscontatos/index.html HTTP/1.1" 200 -
::1 - - [26/Mar/2026 09:35:30] "GET /cscontatos/style.css HTTP/1.1" 200 -
::1 - - [26/Mar/2026 09:35:30] code 404, message File not found
::1 - - [26/Mar/2026 09:35:30] "GET /assets/logo.png HTTP/1.1" 404 -
::1 - - [26/Mar/2026 09:35:30] "GET /cscontatos/portal-cscontatos.js HTTP/1.1" 200 -
::1 - - [26/Mar/2026 09:35:30] "GET /cscontatos/app.js HTTP/1.1" 200 -
::1 - - [26/Mar/2026 09:35:31] code 404, message File not found
::1 - - [26/Mar/2026 09:35:31] "GET /favicon.ico HTTP/1.1" 404 -
::1 - - [26/Mar/2026 09:35:32] "GET /cscontatos/index.html HTTP/1.1" 200 -
::1 - - [26/Mar/2026 09:35:32] code 404, message File not found
::1 - - [26/Mar/2026 09:35:32] "GET /assets/logo.png HTTP/1.1" 404 -
::1 - - [26/Mar/2026 09:35:32] "GET /cscontatos/style.css HTTP/1.1" 200 -
::1 - - [26/Mar/2026 09:35:32] "GET /cscontatos/portal-cscontatos.js HTTP/1.1" 200 -
::1 - - [26/Mar/2026 09:35:32] "GET /cscontatos/app.js HTTP/1.1" 200 -
::1 - - [26/Mar/2026 09:35:32] code 404, message File not found
::1 - - [26/Mar/2026 09:35:32] "GET /favicon.ico HTTP/1.1" 404 -
::1 - - [26/Mar/2026 09:35:40] "GET /cscontatos/index.html HTTP/1.1" 304 -
::1 - - [26/Mar/2026 09:35:40] code 404, message File not found
::1 - - [26/Mar/2026 09:35:40] "GET /assets/logo.png HTTP/1.1" 404 -
::1 - - [26/Mar/2026 09:35:42] "GET /cscontatos/index.html HTTP/1.1" 200 -
::1 - - [26/Mar/2026 09:35:42] code 404, message File not found
::1 - - [26/Mar/2026 09:35:42] "GET /assets/logo.png HTTP/1.1" 404 -
::1 - - [26/Mar/2026 09:35:42] "GET /cscontatos/portal-cscontatos.js HTTP/1.1" 200 -
::1 - - [26/Mar/2026 09:35:42] "GET /cscontatos/style.css HTTP/1.1" 200 -
::1 - - [26/Mar/2026 09:35:42] "GET /cscontatos/app.js HTTP/1.1" 200 -
::1 - - [26/Mar/2026 09:35:42] code 404, message File not found
::1 - - [26/Mar/2026 09:35:42] "GET /favicon.ico HTTP/1.1" 404 -
::1 - - [26/Mar/2026 09:35:44] "GET /cscontatos/index.html HTTP/1.1" 200 -
::1 - - [26/Mar/2026 09:35:44] "GET /cscontatos/style.css HTTP/1.1" 200 -
::1 - - [26/Mar/2026 09:35:44] code 404, message File not found
::1 - - [26/Mar/2026 09:35:44] "GET /assets/logo.png HTTP/1.1" 404 -
::1 - - [26/Mar/2026 09:35:44] "GET /cscontatos/portal-cscontatos.js HTTP/1.1" 200 -
::1 - - [26/Mar/2026 09:35:44] "GET /cscontatos/app.js HTTP/1.1" 200 -
::1 - - [26/Mar/2026 09:35:44] code 404, message File not found
::1 - - [26/Mar/2026 09:35:44] "GET /favicon.ico HTTP/1.1" 404 -
::1 - - [26/Mar/2026 09:35:45] "GET /cscontatos/index.html HTTP/1.1" 200 -
::1 - - [26/Mar/2026 09:35:45] "GET /cscontatos/style.css HTTP/1.1" 200 -
::1 - - [26/Mar/2026 09:35:45] code 404, message File not found
::1 - - [26/Mar/2026 09:35:45] "GET /assets/logo.png HTTP/1.1" 404 -
::1 - - [26/Mar/2026 09:35:45] "GET /cscontatos/portal-cscontatos.js HTTP/1.1" 200 -
::1 - - [26/Mar/2026 09:35:45] "GET /cscontatos/app.js HTTP/1.1" 200 -
::1 - - [26/Mar/2026 09:35:45] code 404, message File not found
::1 - - [26/Mar/2026 09:35:45] "GET /favicon.ico HTTP/1.1" 404 -
::1 - - [26/Mar/2026 09:35:46] "GET /cscontatos/index.html HTTP/1.1" 200 -
::1 - - [26/Mar/2026 09:35:46] "GET /cscontatos/style.css HTTP/1.1" 200 -
::1 - - [26/Mar/2026 09:35:46] code 404, message File not found
::1 - - [26/Mar/2026 09:35:46] "GET /assets/logo.png HTTP/1.1" 404 -
::1 - - [26/Mar/2026 09:35:46] "GET /cscontatos/portal-cscontatos.js HTTP/1.1" 200 -
::1 - - [26/Mar/2026 09:35:46] "GET /cscontatos/app.js HTTP/1.1" 200 -
::1 - - [26/Mar/2026 09:35:46] code 404, message File not found
::1 - - [26/Mar/2026 09:35:46] "GET /favicon.ico HTTP/1.1" 404 -
::1 - - [26/Mar/2026 09:35:47] "GET /cscontatos/index.html HTTP/1.1" 200 -
::1 - - [26/Mar/2026 09:35:47] "GET /cscontatos/style.css HTTP/1.1" 200 -
::1 - - [26/Mar/2026 09:35:47] code 404, message File not found
::1 - - [26/Mar/2026 09:35:47] "GET /assets/logo.png HTTP/1.1" 404 -
::1 - - [26/Mar/2026 09:35:47] "GET /cscontatos/portal-cscontatos.js HTTP/1.1" 200 -
::1 - - [26/Mar/2026 09:35:47] "GET /cscontatos/app.js HTTP/1.1" 200 -
::1 - - [26/Mar/2026 09:35:47] code 404, message File not found
::1 - - [26/Mar/2026 09:35:47] "GET /favicon.ico HTTP/1.1" 404 -
::1 - - [26/Mar/2026 09:36:03] "GET /cscontatos/index.html HTTP/1.1" 200 -
::1 - - [26/Mar/2026 09:36:03] "GET /cscontatos/style.css HTTP/1.1" 200 -
::1 - - [26/Mar/2026 09:36:03] code 404, message File not found
::1 - - [26/Mar/2026 09:36:03] "GET /assets/logo.png HTTP/1.1" 404 -
::1 - - [26/Mar/2026 09:36:03] "GET /cscontatos/app.js HTTP/1.1" 200 -
::1 - - [26/Mar/2026 09:36:03] "GET /cscontatos/portal-cscontatos.js HTTP/1.1" 200 -
::1 - - [26/Mar/2026 09:36:03] code 404, message File not found
::1 - - [26/Mar/2026 09:36:03] "GET /favicon.ico HTTP/1.1" 404 -
::1 - - [26/Mar/2026 09:36:33] "GET /cscontatos/index.html HTTP/1.1" 304 -
::1 - - [26/Mar/2026 09:36:33] "GET /cscontatos/style.css HTTP/1.1" 304 -
::1 - - [26/Mar/2026 09:36:33] code 404, message File not found
::1 - - [26/Mar/2026 09:36:33] "GET /assets/logo.png HTTP/1.1" 404 -
::1 - - [26/Mar/2026 09:36:33] "GET /cscontatos/portal-cscontatos.js HTTP/1.1" 304 -
::1 - - [26/Mar/2026 09:36:33] "GET /cscontatos/app.js HTTP/1.1" 304 -
::1 - - [26/Mar/2026 09:37:02] "GET /cscontatos/index.html HTTP/1.1" 304 -
::1 - - [26/Mar/2026 09:37:02] "GET /cscontatos/style.css HTTP/1.1" 304 -
::1 - - [26/Mar/2026 09:37:02] code 404, message File not found
::1 - - [26/Mar/2026 09:37:02] "GET /assets/logo.png HTTP/1.1" 404 -
::1 - - [26/Mar/2026 09:37:02] "GET /cscontatos/portal-cscontatos.js HTTP/1.1" 304 -
::1 - - [26/Mar/2026 09:37:02] "GET /cscontatos/app.js HTTP/1.1" 304 -
::1 - - [26/Mar/2026 09:37:14] "GET /cscontatos/index.html HTTP/1.1" 304 -
::1 - - [26/Mar/2026 09:37:14] "GET /cscontatos/style.css HTTP/1.1" 304 -
::1 - - [26/Mar/2026 09:37:14] code 404, message File not found
::1 - - [26/Mar/2026 09:37:14] "GET /assets/logo.png HTTP/1.1" 404 -
::1 - - [26/Mar/2026 09:37:14] "GET /cscontatos/portal-cscontatos.js HTTP/1.1" 304 -
::1 - - [26/Mar/2026 09:38:51] "GET /cscontatos/index.html HTTP/1.1" 304 -
::1 - - [26/Mar/2026 09:38:52] "GET /cscontatos/style.css HTTP/1.1" 304 -
::1 - - [26/Mar/2026 09:38:52] code 404, message File not found
::1 - - [26/Mar/2026 09:38:52] "GET /assets/logo.png HTTP/1.1" 404 -
::1 - - [26/Mar/2026 09:38:52] "GET /cscontatos/portal-cscontatos.js HTTP/1.1" 304 -
::1 - - [26/Mar/2026 09:38:52] "GET /cscontatos/app.js HTTP/1.1" 304 -
::1 - - [26/Mar/2026 09:38:54] "GET /cscontatos/index.html HTTP/1.1" 200 -
::1 - - [26/Mar/2026 09:38:54] "GET /cscontatos/style.css HTTP/1.1" 200 -
::1 - - [26/Mar/2026 09:38:54] code 404, message File not found
::1 - - [26/Mar/2026 09:38:54] "GET /assets/logo.png HTTP/1.1" 404 -
::1 - - [26/Mar/2026 09:38:54] "GET /cscontatos/portal-cscontatos.js HTTP/1.1" 200 -
::1 - - [26/Mar/2026 09:38:54] "GET /cscontatos/app.js HTTP/1.1" 200 -
::1 - - [26/Mar/2026 09:38:55] code 404, message File not found
::1 - - [26/Mar/2026 09:38:55] "GET /favicon.ico HTTP/1.1" 404 -
::1 - - [26/Mar/2026 09:38:56] "GET /cscontatos/index.html HTTP/1.1" 200 -
::1 - - [26/Mar/2026 09:38:56] "GET /cscontatos/style.css HTTP/1.1" 200 -
::1 - - [26/Mar/2026 09:38:56] code 404, message File not found
::1 - - [26/Mar/2026 09:38:56] "GET /assets/logo.png HTTP/1.1" 404 -
::1 - - [26/Mar/2026 09:38:56] "GET /cscontatos/portal-cscontatos.js HTTP/1.1" 200 -
::1 - - [26/Mar/2026 09:38:56] "GET /cscontatos/app.js HTTP/1.1" 200 -
::1 - - [26/Mar/2026 09:38:57] code 404, message File not found
::1 - - [26/Mar/2026 09:38:57] "GET /favicon.ico HTTP/1.1" 404 -
::1 - - [26/Mar/2026 09:40:47] "GET /cscontatos/index.html HTTP/1.1" 304 -
::1 - - [26/Mar/2026 09:40:47] code 404, message File not found
::1 - - [26/Mar/2026 09:40:47] "GET /assets/logo.png HTTP/1.1" 404 -
::1 - - [26/Mar/2026 09:40:47] "GET /cscontatos/app.js HTTP/1.1" 304 -
::1 - - [26/Mar/2026 09:40:47] "GET /cscontatos/style.css HTTP/1.1" 200 -
::1 - - [26/Mar/2026 09:40:47] "GET /cscontatos/portal-cscontatos.js HTTP/1.1" 200 -
::1 - - [26/Mar/2026 09:40:52] "GET /Portal.html?tab=clients HTTP/1.1" 200 -
::1 - - [26/Mar/2026 09:40:56] code 404, message File not found
::1 - - [26/Mar/2026 09:40:56] "GET /cscontatos/style.css HTTP/1.1" 304 -
::1 - - [26/Mar/2026 09:40:56] "GET /assets/logo.png HTTP/1.1" 404 -
::1 - - [26/Mar/2026 09:40:57] "GET /cscontatos/portal-cscontatos.js HTTP/1.1" 200 -
::1 - - [26/Mar/2026 09:41:37] "GET /cscontatos/index.html HTTP/1.1" 304 -
::1 - - [26/Mar/2026 09:41:37] "GET /cscontatos/style.css HTTP/1.1" 304 -
::1 - - [26/Mar/2026 09:41:37] code 404, message File not found
::1 - - [26/Mar/2026 09:41:37] "GET /assets/logo.png HTTP/1.1" 404 -
::1 - - [26/Mar/2026 09:41:37] "GET /cscontatos/app.js HTTP/1.1" 304 -
::1 - - [26/Mar/2026 09:41:37] "GET /cscontatos/portal-cscontatos.js HTTP/1.1" 200 -
::1 - - [26/Mar/2026 09:41:42] "GET /cscontatos/index.html HTTP/1.1" 200 -
::1 - - [26/Mar/2026 09:41:42] "GET /cscontatos/style.css HTTP/1.1" 200 -
::1 - - [26/Mar/2026 09:41:42] code 404, message File not found
::1 - - [26/Mar/2026 09:41:42] "GET /assets/logo.png HTTP/1.1" 404 -
::1 - - [26/Mar/2026 09:41:42] "GET /cscontatos/portal-cscontatos.js HTTP/1.1" 200 -
::1 - - [26/Mar/2026 09:41:42] "GET /cscontatos/app.js HTTP/1.1" 200 -
::1 - - [26/Mar/2026 09:41:42] code 404, message File not found
::1 - - [26/Mar/2026 09:41:42] "GET /favicon.ico HTTP/1.1" 404 -
::1 - - [26/Mar/2026 09:42:07] "GET /cscontatos/style.css HTTP/1.1" 304 -
::1 - - [26/Mar/2026 09:42:07] code 404, message File not found
::1 - - [26/Mar/2026 09:42:07] "GET /assets/logo.png HTTP/1.1" 404 -
::1 - - [26/Mar/2026 09:42:07] "GET /cscontatos/portal-cscontatos.js HTTP/1.1" 304 -
::1 - - [26/Mar/2026 09:42:15] code 404, message File not found
::1 - - [26/Mar/2026 09:42:15] "GET /.well-known/appspecific/com.chrome.devtools.json HTTP/1.1" 404 -
::1 - - [26/Mar/2026 09:43:24] "GET /cscontatos/index.html HTTP/1.1" 200 -
::1 - - [26/Mar/2026 09:43:24] "GET /cscontatos/style.css HTTP/1.1" 200 -
::1 - - [26/Mar/2026 09:43:24] code 404, message File not found
::1 - - [26/Mar/2026 09:43:24] "GET /assets/logo.png HTTP/1.1" 404 -
::1 - - [26/Mar/2026 09:43:24] "GET /cscontatos/app.js HTTP/1.1" 200 -
::1 - - [26/Mar/2026 09:43:24] "GET /cscontatos/portal-cscontatos.js HTTP/1.1" 200 -
::1 - - [26/Mar/2026 09:43:24] code 404, message File not found
::1 - - [26/Mar/2026 09:43:24] "GET /favicon.ico HTTP/1.1" 404 -
::1 - - [26/Mar/2026 09:43:27] "GET /Portal.html?tab=telemetria HTTP/1.1" 200 -
::1 - - [26/Mar/2026 09:43:30] code 404, message File not found
::1 - - [26/Mar/2026 09:43:30] "GET /assets/logo.png HTTP/1.1" 404 -
::1 - - [26/Mar/2026 09:43:30] "GET /cscontatos/portal-cscontatos.js HTTP/1.1" 200 -
::1 - - [26/Mar/2026 09:43:32] "GET /melhorias/index.html HTTP/1.1" 200 -
::1 - - [26/Mar/2026 09:43:32] "GET /melhorias/app.js HTTP/1.1" 200 -
::1 - - [26/Mar/2026 09:43:32] "GET /melhorias/styles.css HTTP/1.1" 200 -
::1 - - [26/Mar/2026 09:44:13] "GET /cscontatos/index.html HTTP/1.1" 304 -
::1 - - [26/Mar/2026 09:44:14] "GET /cscontatos/style.css HTTP/1.1" 304 -
::1 - - [26/Mar/2026 09:44:14] code 404, message File not found
::1 - - [26/Mar/2026 09:44:14] "GET /assets/logo.png HTTP/1.1" 404 -
::1 - - [26/Mar/2026 09:44:14] "GET /cscontatos/portal-cscontatos.js HTTP/1.1" 304 -
::1 - - [26/Mar/2026 09:44:17] "GET /cscontatos/index.html HTTP/1.1" 200 -
::1 - - [26/Mar/2026 09:44:17] "GET /cscontatos/style.css HTTP/1.1" 200 -
::1 - - [26/Mar/2026 09:44:17] code 404, message File not found
::1 - - [26/Mar/2026 09:44:17] "GET /assets/logo.png HTTP/1.1" 404 -
::1 - - [26/Mar/2026 09:44:17] "GET /cscontatos/portal-cscontatos.js HTTP/1.1" 200 -
::1 - - [26/Mar/2026 09:44:17] "GET /cscontatos/app.js HTTP/1.1" 200 -
::1 - - [26/Mar/2026 09:44:17] code 404, message File not found
::1 - - [26/Mar/2026 09:44:17] "GET /favicon.ico HTTP/1.1" 404 -
::1 - - [26/Mar/2026 09:44:29] "GET /Portal.html?tab=inicio HTTP/1.1" 200 -
::1 - - [26/Mar/2026 09:44:40] code 404, message File not found
::1 - - [26/Mar/2026 09:44:40] "GET /assets/logo.png HTTP/1.1" 404 -
::1 - - [26/Mar/2026 09:44:40] "GET /cscontatos/portal-cscontatos.js HTTP/1.1" 304 -
::1 - - [26/Mar/2026 09:48:46] "GET /Portal.html?tab=clients HTTP/1.1" 200 -
::1 - - [26/Mar/2026 09:48:46] "GET /css/portal.css HTTP/1.1" 200 -
::1 - - [26/Mar/2026 09:48:46] "GET /portal-function/function-ocultarabas.js HTTP/1.1" 200 -
::1 - - [26/Mar/2026 09:48:46] "GET /logo111.png HTTP/1.1" 200 -
::1 - - [26/Mar/2026 09:48:46] "GET /tryvia.png HTTP/1.1" 200 -
::1 - - [26/Mar/2026 09:48:46] "GET /portal-function/audit.js HTTP/1.1" 200 -
::1 - - [26/Mar/2026 09:48:46] "GET /portal-function/audit-utility.js HTTP/1.1" 200 -
::1 - - [26/Mar/2026 09:48:46] "GET /SING-Service/consultar_integracao_IDCliente.js HTTP/1.1" 200 -
::1 - - [26/Mar/2026 09:48:46] "GET /SING-Service/obter-token.js HTTP/1.1" 200 -
::1 - - [26/Mar/2026 09:48:46] "GET /raio-x/index.html HTTP/1.1" 200 -
::1 - - [26/Mar/2026 09:48:47] "GET /portal-function/portal.js HTTP/1.1" 200 -
::1 - - [26/Mar/2026 09:48:47] "GET /raio-x/styles.css HTTP/1.1" 200 -
::1 - - [26/Mar/2026 09:48:47] "GET /raio-x/script.js HTTP/1.1" 200 -
::1 - - [26/Mar/2026 09:48:50] "GET /tryvia.png HTTP/1.1" 200 -
::1 - - [26/Mar/2026 09:48:53] "GET /cscontatos/index.html HTTP/1.1" 304 -
::1 - - [26/Mar/2026 09:48:53] "GET /cscontatos/style.css HTTP/1.1" 304 -
::1 - - [26/Mar/2026 09:48:53] code 404, message File not found
::1 - - [26/Mar/2026 09:48:53] "GET /assets/logo.png HTTP/1.1" 404 -
::1 - - [26/Mar/2026 09:48:53] "GET /cscontatos/portal-cscontatos.js HTTP/1.1" 304 -
::1 - - [26/Mar/2026 09:48:53] "GET /cscontatos/app.js HTTP/1.1" 304 -
::1 - - [26/Mar/2026 09:48:53] code 404, message File not found
::1 - - [26/Mar/2026 09:48:53] "GET /favicon.ico HTTP/1.1" 404 -
::1 - - [26/Mar/2026 09:48:56] "GET /cscontatos/index.html HTTP/1.1" 200 -
::1 - - [26/Mar/2026 09:48:56] "GET /cscontatos/style.css HTTP/1.1" 200 -
::1 - - [26/Mar/2026 09:48:56] code 404, message File not found
::1 - - [26/Mar/2026 09:48:56] "GET /assets/logo.png HTTP/1.1" 404 -
::1 - - [26/Mar/2026 09:48:56] "GET /cscontatos/portal-cscontatos.js HTTP/1.1" 200 -
::1 - - [26/Mar/2026 09:48:57] "GET /cscontatos/app.js HTTP/1.1" 200 -
::1 - - [26/Mar/2026 09:48:57] code 404, message File not found
::1 - - [26/Mar/2026 09:48:57] "GET /favicon.ico HTTP/1.1" 404 -
::1 - - [26/Mar/2026 09:49:06] "GET /portal-function/portal.js HTTP/1.1" 304 -
::1 - - [26/Mar/2026 09:49:23] code 404, message File not found
::1 - - [26/Mar/2026 09:49:23] "GET /assets/logo.png HTTP/1.1" 404 -
::1 - - [26/Mar/2026 09:49:26] "GET /Portal.html?tab=homologacao HTTP/1.1" 200 -
::1 - - [26/Mar/2026 09:49:26] "GET /portal-function/portal.js HTTP/1.1" 304 -
::1 - - [26/Mar/2026 09:49:30] code 404, message File not found
::1 - - [26/Mar/2026 09:49:30] "GET /assets/logo.png HTTP/1.1" 404 -
::1 - - [26/Mar/2026 09:49:30] "GET /cscontatos/portal-cscontatos.js HTTP/1.1" 304 -
::1 - - [26/Mar/2026 09:51:12] "GET /Portal.html?tab=raio-x HTTP/1.1" 200 -
::1 - - [26/Mar/2026 09:51:12] "GET /portal-function/portal.js HTTP/1.1" 304 -
::1 - - [26/Mar/2026 09:52:22] "GET /cscontatos/index.html HTTP/1.1" 304 -
::1 - - [26/Mar/2026 09:52:22] "GET /cscontatos/style.css HTTP/1.1" 304 -
::1 - - [26/Mar/2026 09:52:22] code 404, message File not found
::1 - - [26/Mar/2026 09:52:22] "GET /assets/logo.png HTTP/1.1" 404 -
::1 - - [26/Mar/2026 09:52:22] "GET /cscontatos/portal-cscontatos.js HTTP/1.1" 304 -
::1 - - [26/Mar/2026 09:52:22] "GET /cscontatos/app.js HTTP/1.1" 304 -
::1 - - [26/Mar/2026 09:52:53] code 404, message File not found
::1 - - [26/Mar/2026 09:52:53] "GET /assets/logo.png HTTP/1.1" 404 -
::1 - - [26/Mar/2026 09:52:57] "GET /portal-function/portal.js HTTP/1.1" 304 -
::1 - - [26/Mar/2026 09:53:13] "GET /Portal.html?tab=painel-setor HTTP/1.1" 200 -
::1 - - [26/Mar/2026 09:53:26] code 404, message File not found
::1 - - [26/Mar/2026 09:53:26] "GET /.well-known/appspecific/com.chrome.devtools.json HTTP/1.1" 404 -
::1 - - [26/Mar/2026 09:53:38] "GET /portal-function/portal.js HTTP/1.1" 304 -
::1 - - [26/Mar/2026 09:53:44] code 404, message File not found
::1 - - [26/Mar/2026 09:53:44] "GET /assets/logo.png HTTP/1.1" 404 -
::1 - - [26/Mar/2026 09:53:44] "GET /cscontatos/style.css HTTP/1.1" 200 -
::1 - - [26/Mar/2026 09:53:44] "GET /cscontatos/portal-cscontatos.js HTTP/1.1" 200 -
::1 - - [26/Mar/2026 09:53:47] "GET /cscontatos/index.html HTTP/1.1" 200 -
::1 - - [26/Mar/2026 09:53:47] "GET /cscontatos/style.css HTTP/1.1" 200 -
::1 - - [26/Mar/2026 09:53:47] code 404, message File not found
::1 - - [26/Mar/2026 09:53:47] "GET /assets/logo.png HTTP/1.1" 404 -
::1 - - [26/Mar/2026 09:53:47] "GET /tryvia.png HTTP/1.1" 200 -
::1 - - [26/Mar/2026 09:53:47] "GET /cscontatos/portal-cscontatos.js HTTP/1.1" 200 -
::1 - - [26/Mar/2026 09:53:47] "GET /cscontatos/app.js HTTP/1.1" 200 -
::1 - - [26/Mar/2026 09:53:48] code 404, message File not found
::1 - - [26/Mar/2026 09:53:48] "GET /favicon.ico HTTP/1.1" 404 -
::1 - - [26/Mar/2026 09:54:10] "GET /cscontatos/style.css HTTP/1.1" 304 -
::1 - - [26/Mar/2026 09:54:10] code 404, message File not found
::1 - - [26/Mar/2026 09:54:10] "GET /.well-known/appspecific/com.chrome.devtools.json HTTP/1.1" 404 -
::1 - - [26/Mar/2026 09:54:15] code 404, message File not found
::1 - - [26/Mar/2026 09:54:15] "GET /favicon.ico HTTP/1.1" 404 -
::1 - - [26/Mar/2026 09:55:13] "GET /cscontatos/index.html HTTP/1.1" 200 -
::1 - - [26/Mar/2026 09:55:13] code 404, message File not found
::1 - - [26/Mar/2026 09:55:13] "GET /.well-known/appspecific/com.chrome.devtools.json HTTP/1.1" 404 -
::1 - - [26/Mar/2026 09:55:13] code 404, message File not found
::1 - - [26/Mar/2026 09:55:13] "GET /assets/logo.png HTTP/1.1" 404 -
::1 - - [26/Mar/2026 09:55:13] "GET /cscontatos/portal-cscontatos.js HTTP/1.1" 200 -
::1 - - [26/Mar/2026 09:55:13] "GET /cscontatos/style.css HTTP/1.1" 200 -
::1 - - [26/Mar/2026 09:56:00] "GET /cscontatos/index.html HTTP/1.1" 304 -
::1 - - [26/Mar/2026 09:56:00] code 404, message File not found
::1 - - [26/Mar/2026 09:56:00] "GET /.well-known/appspecific/com.chrome.devtools.json HTTP/1.1" 404 -
::1 - - [26/Mar/2026 09:56:00] code 404, message File not found
::1 - - [26/Mar/2026 09:56:00] "GET /assets/logo.png HTTP/1.1" 404 -
::1 - - [26/Mar/2026 09:56:00] "GET /cscontatos/portal-cscontatos.js HTTP/1.1" 304 -
::1 - - [26/Mar/2026 09:56:00] "GET /cscontatos/style.css HTTP/1.1" 200 -
::1 - - [26/Mar/2026 09:56:01] "GET /cscontatos/app.js HTTP/1.1" 304 -
::1 - - [26/Mar/2026 09:56:16] "GET /cscontatos/index.html HTTP/1.1" 304 -
::1 - - [26/Mar/2026 09:56:16] code 404, message File not found
::1 - - [26/Mar/2026 09:56:16] "GET /.well-known/appspecific/com.chrome.devtools.json HTTP/1.1" 404 -
::1 - - [26/Mar/2026 09:56:16] code 404, message File not found
::1 - - [26/Mar/2026 09:56:16] "GET /assets/logo.png HTTP/1.1" 404 -
::1 - - [26/Mar/2026 09:56:16] "GET /cscontatos/portal-cscontatos.js HTTP/1.1" 304 -
::1 - - [26/Mar/2026 09:56:16] "GET /cscontatos/style.css HTTP/1.1" 200 -
::1 - - [26/Mar/2026 09:56:40] "GET /cscontatos/index.html HTTP/1.1" 200 -
::1 - - [26/Mar/2026 09:56:40] code 404, message File not found
::1 - - [26/Mar/2026 09:56:40] "GET /assets/logo.png HTTP/1.1" 404 -
::1 - - [26/Mar/2026 09:56:40] "GET /tryvia.png HTTP/1.1" 200 -
::1 - - [26/Mar/2026 09:56:40] "GET /cscontatos/style.css HTTP/1.1" 200 -
::1 - - [26/Mar/2026 09:56:40] "GET /cscontatos/portal-cscontatos.js HTTP/1.1" 200 -
::1 - - [26/Mar/2026 09:56:40] "GET /cscontatos/app.js HTTP/1.1" 200 -
::1 - - [26/Mar/2026 09:56:40] code 404, message File not found
::1 - - [26/Mar/2026 09:56:40] "GET /favicon.ico HTTP/1.1" 404 -
::1 - - [26/Mar/2026 09:56:48] "GET /portal-function/portal.js HTTP/1.1" 200 -
::1 - - [26/Mar/2026 09:57:03] "GET /cscontatos/index.html HTTP/1.1" 304 -
::1 - - [26/Mar/2026 09:57:04] code 404, message File not found
::1 - - [26/Mar/2026 09:57:04] "GET /cscontatos/style.css HTTP/1.1" 304 -
::1 - - [26/Mar/2026 09:57:04] "GET /assets/logo.png HTTP/1.1" 404 -
::1 - - [26/Mar/2026 09:57:04] "GET /cscontatos/portal-cscontatos.js HTTP/1.1" 304 -
::1 - - [26/Mar/2026 09:57:05] "GET /portal-function/portal.js HTTP/1.1" 304 -
::1 - - [26/Mar/2026 09:58:22] "GET /portal-function/portal.js HTTP/1.1" 304 -
::1 - - [26/Mar/2026 09:58:25] code 404, message File not found
::1 - - [26/Mar/2026 09:58:25] "GET /.well-known/appspecific/com.chrome.devtools.json HTTP/1.1" 404 -
::1 - - [26/Mar/2026 09:59:13] "GET /cscontatos/index.html HTTP/1.1" 200 -
::1 - - [26/Mar/2026 09:59:13] code 404, message File not found
::1 - - [26/Mar/2026 09:59:13] "GET /.well-known/appspecific/com.chrome.devtools.json HTTP/1.1" 404 -
::1 - - [26/Mar/2026 09:59:13] "GET /cscontatos/style.css HTTP/1.1" 304 -
::1 - - [26/Mar/2026 09:59:13] "GET /cscontatos/portal-cscontatos.js HTTP/1.1" 304 -
::1 - - [26/Mar/2026 09:59:13] "GET /cscontatos/app.js HTTP/1.1" 304 -
::1 - - [26/Mar/2026 09:59:30] "GET /cscontatos/index.html HTTP/1.1" 200 -
::1 - - [26/Mar/2026 09:59:30] "GET /cscontatos/style.css HTTP/1.1" 304 -
::1 - - [26/Mar/2026 09:59:32] "GET /cscontatos/index.html HTTP/1.1" 200 -
::1 - - [26/Mar/2026 09:59:32] "GET /cscontatos/style.css HTTP/1.1" 200 -
::1 - - [26/Mar/2026 09:59:32] "GET /logo111.png HTTP/1.1" 200 -
::1 - - [26/Mar/2026 09:59:32] "GET /tryvia.png HTTP/1.1" 200 -
::1 - - [26/Mar/2026 09:59:32] "GET /cscontatos/portal-cscontatos.js HTTP/1.1" 200 -
::1 - - [26/Mar/2026 09:59:32] "GET /cscontatos/app.js HTTP/1.1" 200 -
::1 - - [26/Mar/2026 09:59:32] code 404, message File not found
::1 - - [26/Mar/2026 09:59:32] "GET /favicon.ico HTTP/1.1" 404 -
::1 - - [26/Mar/2026 10:00:11] "GET /cscontatos/index.html HTTP/1.1" 200 -
::1 - - [26/Mar/2026 10:00:11] "GET /cscontatos/style.css HTTP/1.1" 304 -
::1 - - [26/Mar/2026 10:00:11] "GET /cscontatos/portal-cscontatos.js HTTP/1.1" 304 -
::1 - - [26/Mar/2026 10:00:36] "GET /cscontatos/index.html HTTP/1.1" 304 -
::1 - - [26/Mar/2026 10:00:36] "GET /cscontatos/style.css HTTP/1.1" 304 -
::1 - - [26/Mar/2026 10:00:39] "GET /cscontatos/index.html HTTP/1.1" 200 -
::1 - - [26/Mar/2026 10:01:24] "GET /cscontatos/index.html HTTP/1.1" 304 -
::1 - - [26/Mar/2026 10:01:24] "GET /cscontatos/portal-cscontatos.js HTTP/1.1" 304 -
::1 - - [26/Mar/2026 10:01:24] "GET /cscontatos/style.css HTTP/1.1" 200 -
::1 - - [26/Mar/2026 10:02:49] "GET /cscontatos/index.html HTTP/1.1" 304 -
::1 - - [26/Mar/2026 10:02:49] "GET /cscontatos/style.css HTTP/1.1" 304 -
::1 - - [26/Mar/2026 10:02:49] "GET /cscontatos/portal-cscontatos.js HTTP/1.1" 304 -
::1 - - [26/Mar/2026 10:02:49] "GET /cscontatos/app.js HTTP/1.1" 200 -
::1 - - [26/Mar/2026 10:03:04] "GET /portal-function/portal.js HTTP/1.1" 304 -
::1 - - [26/Mar/2026 10:03:09] "GET /cscontatos/index.html HTTP/1.1" 304 -
::1 - - [26/Mar/2026 10:03:09] "GET /cscontatos/style.css HTTP/1.1" 200 -
::1 - - [26/Mar/2026 10:03:09] "GET /cscontatos/portal-cscontatos.js HTTP/1.1" 304 -
::1 - - [26/Mar/2026 10:03:09] "GET /cscontatos/app.js HTTP/1.1" 200 -
::1 - - [26/Mar/2026 10:03:14] "GET /cscontatos/style.css HTTP/1.1" 304 -
::1 - - [26/Mar/2026 10:03:14] "GET /cscontatos/app.js HTTP/1.1" 304 -
::1 - - [26/Mar/2026 10:03:24] "GET /cscontatos/index.html HTTP/1.1" 304 -
::1 - - [26/Mar/2026 10:03:24] "GET /cscontatos/app.js HTTP/1.1" 304 -
::1 - - [26/Mar/2026 10:03:29] "GET /cscontatos/style.css HTTP/1.1" 304 -
::1 - - [26/Mar/2026 10:03:29] "GET /cscontatos/app.js HTTP/1.1" 304 -
::1 - - [26/Mar/2026 10:04:17] "GET /cscontatos/index.html HTTP/1.1" 200 -
::1 - - [26/Mar/2026 10:04:17] "GET /cscontatos/style.css HTTP/1.1" 200 -
::1 - - [26/Mar/2026 10:04:17] "GET /logo111.png HTTP/1.1" 200 -
::1 - - [26/Mar/2026 10:04:17] "GET /tryvia.png HTTP/1.1" 200 -
::1 - - [26/Mar/2026 10:04:17] "GET /cscontatos/portal-cscontatos.js HTTP/1.1" 200 -
::1 - - [26/Mar/2026 10:04:17] "GET /cscontatos/app.js HTTP/1.1" 200 -
::1 - - [26/Mar/2026 10:05:37] "GET /portal-function/portal.js HTTP/1.1" 304 -
::1 - - [26/Mar/2026 10:05:50] "GET /cscontatos/index.html HTTP/1.1" 304 -
::1 - - [26/Mar/2026 10:05:50] "GET /cscontatos/style.css HTTP/1.1" 304 -
::1 - - [26/Mar/2026 10:05:50] "GET /cscontatos/portal-cscontatos.js HTTP/1.1" 304 -
::1 - - [26/Mar/2026 10:05:50] "GET /cscontatos/app.js HTTP/1.1" 304 -
::1 - - [26/Mar/2026 10:06:36] "GET /cscontatos/index.html HTTP/1.1" 200 -
::1 - - [26/Mar/2026 10:06:36] "GET /cscontatos/style.css HTTP/1.1" 200 -
::1 - - [26/Mar/2026 10:06:36] "GET /logo111.png HTTP/1.1" 200 -
::1 - - [26/Mar/2026 10:06:36] "GET /tryvia.png HTTP/1.1" 200 -
::1 - - [26/Mar/2026 10:06:36] "GET /cscontatos/portal-cscontatos.js HTTP/1.1" 200 -
::1 - - [26/Mar/2026 10:06:36] "GET /cscontatos/app.js HTTP/1.1" 200 -
::1 - - [26/Mar/2026 10:06:36] "GET /tryvia.png HTTP/1.1" 200 -
::1 - - [26/Mar/2026 10:06:44] "GET /cscontatos/index.html HTTP/1.1" 304 -
::1 - - [26/Mar/2026 10:07:13] "GET /cscontatos/index.html HTTP/1.1" 304 -
::1 - - [26/Mar/2026 10:07:13] "GET /cscontatos/style.css HTTP/1.1" 304 -
::1 - - [26/Mar/2026 10:07:13] "GET /cscontatos/app.js HTTP/1.1" 304 -
::1 - - [26/Mar/2026 10:07:28] "GET /portal-function/portal.js HTTP/1.1" 304 -
::1 - - [26/Mar/2026 10:07:36] "GET /cscontatos/index.html HTTP/1.1" 304 -
::1 - - [26/Mar/2026 10:07:45] "GET /cscontatos/index.html HTTP/1.1" 304 -
::1 - - [26/Mar/2026 10:07:45] "GET /cscontatos/app.js HTTP/1.1" 304 -
::1 - - [26/Mar/2026 10:07:46] "GET /Portal.html?tab=treinamento HTTP/1.1" 200 -
::1 - - [26/Mar/2026 10:07:50] "GET /cscontatos/style.css HTTP/1.1" 304 -
::1 - - [26/Mar/2026 10:07:50] "GET /cscontatos/portal-cscontatos.js HTTP/1.1" 304 -
::1 - - [26/Mar/2026 10:08:11] "GET /cscontatos/index.html HTTP/1.1" 304 -
::1 - - [26/Mar/2026 10:12:23] "GET /cscontatos/index.html HTTP/1.1" 200 -
::1 - - [26/Mar/2026 10:12:23] "GET /logo111.png HTTP/1.1" 200 -
::1 - - [26/Mar/2026 10:12:23] "GET /tryvia.png HTTP/1.1" 200 -
::1 - - [26/Mar/2026 10:12:23] "GET /cscontatos/style.css HTTP/1.1" 200 -
::1 - - [26/Mar/2026 10:12:23] "GET /cscontatos/app.js HTTP/1.1" 200 -
::1 - - [26/Mar/2026 10:12:23] "GET /cscontatos/portal-cscontatos.js HTTP/1.1" 200 -
::1 - - [26/Mar/2026 10:12:24] "GET /tryvia.png HTTP/1.1" 200 -
::1 - - [26/Mar/2026 10:13:55] "GET /cscontatos/index.html HTTP/1.1" 200 -
::1 - - [26/Mar/2026 10:13:55] "GET /logo111.png HTTP/1.1" 200 -
::1 - - [26/Mar/2026 10:13:55] "GET /tryvia.png HTTP/1.1" 200 -
::1 - - [26/Mar/2026 10:13:55] "GET /cscontatos/portal-cscontatos.js HTTP/1.1" 200 -
::1 - - [26/Mar/2026 10:13:55] "GET /cscontatos/app.js HTTP/1.1" 200 -
::1 - - [26/Mar/2026 10:13:55] "GET /cscontatos/style.css HTTP/1.1" 200 -
::1 - - [26/Mar/2026 10:13:55] "GET /tryvia.png HTTP/1.1" 200 -
::1 - - [26/Mar/2026 10:14:08] "GET /cscontatos/index.html HTTP/1.1" 200 -
::1 - - [26/Mar/2026 10:14:08] "GET /logo111.png HTTP/1.1" 200 -
::1 - - [26/Mar/2026 10:14:08] "GET /tryvia.png HTTP/1.1" 200 -
::1 - - [26/Mar/2026 10:14:08] "GET /cscontatos/style.css HTTP/1.1" 200 -
::1 - - [26/Mar/2026 10:14:08] "GET /cscontatos/portal-cscontatos.js HTTP/1.1" 200 -
::1 - - [26/Mar/2026 10:14:08] "GET /cscontatos/app.js HTTP/1.1" 200 -
::1 - - [26/Mar/2026 10:14:09] "GET /tryvia.png HTTP/1.1" 200 -
::1 - - [26/Mar/2026 10:14:11] "GET /Portal.html?tab=evaluations HTTP/1.1" 200 -
::1 - - [26/Mar/2026 10:14:11] "GET /portal-function/portal.js HTTP/1.1" 304 -
::1 - - [26/Mar/2026 10:14:13] "GET /cscontatos/style.css HTTP/1.1" 304 -
::1 - - [26/Mar/2026 10:14:57] "GET /cscontatos/index.html HTTP/1.1" 304 -
::1 - - [26/Mar/2026 10:14:57] "GET /cscontatos/portal-cscontatos.js HTTP/1.1" 304 -
::1 - - [26/Mar/2026 10:14:57] "GET /cscontatos/style.css HTTP/1.1" 200 -
::1 - - [26/Mar/2026 10:15:22] "GET /cscontatos/style.css HTTP/1.1" 304 -
::1 - - [26/Mar/2026 10:15:22] code 404, message File not found
::1 - - [26/Mar/2026 10:15:22] "GET /.well-known/appspecific/com.chrome.devtools.json HTTP/1.1" 404 -
::1 - - [26/Mar/2026 10:16:00] "GET /cscontatos/index.html HTTP/1.1" 200 -
::1 - - [26/Mar/2026 10:16:00] code 404, message File not found
::1 - - [26/Mar/2026 10:16:00] "GET /.well-known/appspecific/com.chrome.devtools.json HTTP/1.1" 404 -
::1 - - [26/Mar/2026 10:16:01] "GET /cscontatos/style.css HTTP/1.1" 200 -
::1 - - [26/Mar/2026 10:16:01] "GET /cscontatos/app.js HTTP/1.1" 304 -
::1 - - [26/Mar/2026 10:16:01] "GET /cscontatos/portal-cscontatos.js HTTP/1.1" 200 -
::1 - - [26/Mar/2026 10:16:12] "GET /cscontatos/index.html HTTP/1.1" 304 -
::1 - - [26/Mar/2026 10:16:12] code 404, message File not found
::1 - - [26/Mar/2026 10:16:12] "GET /.well-known/appspecific/com.chrome.devtools.json HTTP/1.1" 404 -
::1 - - [26/Mar/2026 10:16:12] "GET /cscontatos/style.css HTTP/1.1" 200 -
::1 - - [26/Mar/2026 10:16:12] "GET /cscontatos/portal-cscontatos.js HTTP/1.1" 304 -
::1 - - [26/Mar/2026 10:18:10] "GET /portal-function/portal.js HTTP/1.1" 304 -
::1 - - [26/Mar/2026 10:18:15] "GET /cscontatos/index.html HTTP/1.1" 304 -
::1 - - [26/Mar/2026 10:18:15] "GET /cscontatos/style.css HTTP/1.1" 304 -
::1 - - [26/Mar/2026 10:18:15] "GET /cscontatos/portal-cscontatos.js HTTP/1.1" 304 -
::1 - - [26/Mar/2026 10:18:15] "GET /cscontatos/app.js HTTP/1.1" 304 -
::1 - - [26/Mar/2026 10:18:52] "GET /cscontatos/index.html HTTP/1.1" 304 -
::1 - - [26/Mar/2026 10:18:52] "GET /cscontatos/style.css HTTP/1.1" 304 -
::1 - - [26/Mar/2026 10:18:52] "GET /cscontatos/portal-cscontatos.js HTTP/1.1" 304 -
::1 - - [26/Mar/2026 10:30:50] "GET /Portal.html?tab=reunioes HTTP/1.1" 200 -
::1 - - [26/Mar/2026 10:30:50] "GET /portal-function/portal.js HTTP/1.1" 304 -
::1 - - [26/Mar/2026 10:33:00] code 404, message File not found
::1 - - [26/Mar/2026 10:33:00] "GET /.well-known/appspecific/com.chrome.devtools.json HTTP/1.1" 404 -
::1 - - [26/Mar/2026 10:35:50] "GET /Portal.html HTTP/1.1" 200 -
::1 - - [26/Mar/2026 10:35:50] "GET /css/portal.css HTTP/1.1" 200 -
::1 - - [26/Mar/2026 10:35:50] "GET /portal-function/function-ocultarabas.js HTTP/1.1" 200 -
::1 - - [26/Mar/2026 10:35:50] "GET /logo111.png HTTP/1.1" 200 -
::1 - - [26/Mar/2026 10:35:50] "GET /tryvia.png HTTP/1.1" 200 -
::1 - - [26/Mar/2026 10:35:50] "GET /portal-function/audit.js HTTP/1.1" 200 -
::1 - - [26/Mar/2026 10:35:50] "GET /portal-function/audit-utility.js HTTP/1.1" 200 -
::1 - - [26/Mar/2026 10:35:50] "GET /SING-Service/consultar_integracao_IDCliente.js HTTP/1.1" 200 -
::1 - - [26/Mar/2026 10:35:50] "GET /SING-Service/obter-token.js HTTP/1.1" 200 -
::1 - - [26/Mar/2026 10:35:51] "GET /raio-x/index.html HTTP/1.1" 200 -
::1 - - [26/Mar/2026 10:35:51] "GET /raio-x/styles.css HTTP/1.1" 200 -
::1 - - [26/Mar/2026 10:35:51] "GET /raio-x/script.js HTTP/1.1" 200 -
::1 - - [26/Mar/2026 10:35:51] "GET /portal-function/portal.js HTTP/1.1" 200 -
::1 - - [26/Mar/2026 10:35:54] "GET /tryvia.png HTTP/1.1" 200 -
::1 - - [26/Mar/2026 10:37:32] "GET /Portal.html HTTP/1.1" 200 -
::1 - - [26/Mar/2026 10:37:32] "GET /css/portal.css HTTP/1.1" 200 -
::1 - - [26/Mar/2026 10:37:32] "GET /portal-function/function-ocultarabas.js HTTP/1.1" 200 -
::1 - - [26/Mar/2026 10:37:32] "GET /logo111.png HTTP/1.1" 200 -
::1 - - [26/Mar/2026 10:37:32] "GET /tryvia.png HTTP/1.1" 200 -
::1 - - [26/Mar/2026 10:37:32] "GET /portal-function/audit.js HTTP/1.1" 200 -
::1 - - [26/Mar/2026 10:37:32] "GET /portal-function/audit-utility.js HTTP/1.1" 200 -
::1 - - [26/Mar/2026 10:37:32] "GET /SING-Service/consultar_integracao_IDCliente.js HTTP/1.1" 200 -
::1 - - [26/Mar/2026 10:37:32] "GET /SING-Service/obter-token.js HTTP/1.1" 200 -
::1 - - [26/Mar/2026 10:37:32] "GET /raio-x/index.html HTTP/1.1" 200 -
::1 - - [26/Mar/2026 10:37:32] "GET /raio-x/styles.css HTTP/1.1" 200 -
::1 - - [26/Mar/2026 10:37:32] "GET /raio-x/script.js HTTP/1.1" 200 -
::1 - - [26/Mar/2026 10:37:32] "GET /portal-function/portal.js HTTP/1.1" 200 -
::1 - - [26/Mar/2026 10:37:36] "GET /tryvia.png HTTP/1.1" 200 -
::1 - - [26/Mar/2026 10:37:47] "GET /Portal.html HTTP/1.1" 200 -
::1 - - [26/Mar/2026 10:37:47] "GET /css/portal.css HTTP/1.1" 200 -
::1 - - [26/Mar/2026 10:37:47] "GET /portal-function/function-ocultarabas.js HTTP/1.1" 200 -
::1 - - [26/Mar/2026 10:37:47] "GET /logo111.png HTTP/1.1" 200 -
::1 - - [26/Mar/2026 10:37:47] "GET /tryvia.png HTTP/1.1" 200 -
::1 - - [26/Mar/2026 10:37:47] "GET /portal-function/portal.js HTTP/1.1" 200 -
::1 - - [26/Mar/2026 10:37:47] "GET /portal-function/audit.js HTTP/1.1" 200 -
::1 - - [26/Mar/2026 10:37:47] "GET /portal-function/audit-utility.js HTTP/1.1" 200 -
::1 - - [26/Mar/2026 10:37:47] "GET /SING-Service/consultar_integracao_IDCliente.js HTTP/1.1" 200 -
::1 - - [26/Mar/2026 10:37:47] "GET /SING-Service/obter-token.js HTTP/1.1" 200 -
::1 - - [26/Mar/2026 10:37:47] "GET /raio-x/index.html HTTP/1.1" 200 -
::1 - - [26/Mar/2026 10:37:47] "GET /raio-x/styles.css HTTP/1.1" 200 -
::1 - - [26/Mar/2026 10:37:47] "GET /raio-x/script.js HTTP/1.1" 200 -
::1 - - [26/Mar/2026 10:37:54] "GET /tryvia.png HTTP/1.1" 200 -
::1 - - [26/Mar/2026 10:40:12] "GET /Portal.html HTTP/1.1" 200 -
::1 - - [26/Mar/2026 10:40:12] "GET /css/portal.css HTTP/1.1" 200 -
::1 - - [26/Mar/2026 10:40:12] "GET /portal-function/function-ocultarabas.js HTTP/1.1" 200 -
::1 - - [26/Mar/2026 10:40:12] "GET /logo111.png HTTP/1.1" 200 -
::1 - - [26/Mar/2026 10:40:12] "GET /tryvia.png HTTP/1.1" 200 -
::1 - - [26/Mar/2026 10:40:12] "GET /portal-function/audit.js HTTP/1.1" 200 -
::1 - - [26/Mar/2026 10:40:12] "GET /portal-function/audit-utility.js HTTP/1.1" 200 -
::1 - - [26/Mar/2026 10:40:12] "GET /SING-Service/consultar_integracao_IDCliente.js HTTP/1.1" 200 -
::1 - - [26/Mar/2026 10:40:12] "GET /SING-Service/obter-token.js HTTP/1.1" 200 -
::1 - - [26/Mar/2026 10:40:13] "GET /portal-function/portal.js HTTP/1.1" 200 -
::1 - - [26/Mar/2026 10:40:13] "GET /raio-x/index.html HTTP/1.1" 200 -
::1 - - [26/Mar/2026 10:40:13] "GET /raio-x/styles.css HTTP/1.1" 200 -
::1 - - [26/Mar/2026 10:40:13] "GET /raio-x/script.js HTTP/1.1" 200 -
::1 - - [26/Mar/2026 10:40:19] "GET /tryvia.png HTTP/1.1" 200 -
::1 - - [26/Mar/2026 10:42:09] "GET /Portal.html HTTP/1.1" 200 -
::1 - - [26/Mar/2026 10:42:09] "GET /css/portal.css HTTP/1.1" 200 -
::1 - - [26/Mar/2026 10:42:09] "GET /logo111.png HTTP/1.1" 200 -
::1 - - [26/Mar/2026 10:42:09] "GET /portal-function/function-ocultarabas.js HTTP/1.1" 200 -
::1 - - [26/Mar/2026 10:42:09] "GET /tryvia.png HTTP/1.1" 200 -
::1 - - [26/Mar/2026 10:42:09] "GET /portal-function/portal.js HTTP/1.1" 200 -
::1 - - [26/Mar/2026 10:42:09] "GET /portal-function/audit.js HTTP/1.1" 200 -
::1 - - [26/Mar/2026 10:42:09] "GET /portal-function/audit-utility.js HTTP/1.1" 200 -
::1 - - [26/Mar/2026 10:42:09] "GET /SING-Service/consultar_integracao_IDCliente.js HTTP/1.1" 200 -
::1 - - [26/Mar/2026 10:42:09] "GET /SING-Service/obter-token.js HTTP/1.1" 200 -
::1 - - [26/Mar/2026 10:42:09] "GET /raio-x/index.html HTTP/1.1" 200 -
::1 - - [26/Mar/2026 10:42:09] "GET /raio-x/styles.css HTTP/1.1" 200 -
::1 - - [26/Mar/2026 10:42:09] "GET /raio-x/script.js HTTP/1.1" 200 -
::1 - - [26/Mar/2026 10:45:09] "GET /tryvia.png HTTP/1.1" 200 -
