[07/03/2026  0:27:30,20] Servidor iniciado 
::1 - - [07/Mar/2026 00:27:31] "GET / HTTP/1.1" 200 -
::1 - - [07/Mar/2026 00:27:31] code 404, message File not found
::1 - - [07/Mar/2026 00:27:31] "GET /favicon.ico HTTP/1.1" 404 -
::1 - - [07/Mar/2026 00:27:38] "GET /Portal.html HTTP/1.1" 200 -
::1 - - [07/Mar/2026 00:27:38] "GET /css/portal.css HTTP/1.1" 304 -
::1 - - [07/Mar/2026 00:27:38] "GET /logo111.png HTTP/1.1" 200 -
::1 - - [07/Mar/2026 00:27:38] "GET /tryvia.png HTTP/1.1" 200 -
::1 - - [07/Mar/2026 00:27:38] "GET /portal-function/function-ocultarabas.js HTTP/1.1" 200 -
::1 - - [07/Mar/2026 00:27:38] "GET /portal-function/audit.js HTTP/1.1" 200 -
::1 - - [07/Mar/2026 00:27:38] "GET /SING-Service/consultar_integracao_IDCliente.js HTTP/1.1" 200 -
::1 - - [07/Mar/2026 00:27:38] "GET /SING-Service/obter-token.js HTTP/1.1" 200 -
::1 - - [07/Mar/2026 00:27:38] "GET /portal-function/audit-utility.js HTTP/1.1" 200 -
::1 - - [07/Mar/2026 00:27:38] "GET /portal-function/portal.js HTTP/1.1" 200 -
::1 - - [07/Mar/2026 00:27:38] "GET /raio-x/index.html HTTP/1.1" 200 -
::1 - - [07/Mar/2026 00:27:38] "GET /login/index.html HTTP/1.1" 200 -
::1 - - [07/Mar/2026 00:27:39] "GET /login/images/logo-target.png HTTP/1.1" 200 -
::1 - - [07/Mar/2026 00:27:39] "GET /login/images/logo-compass.png HTTP/1.1" 200 -
::1 - - [07/Mar/2026 00:27:39] "GET /login/images/logo-clock.png HTTP/1.1" 200 -
::1 - - [07/Mar/2026 00:27:39] "GET /login/images/logo-globe.png HTTP/1.1" 200 -
::1 - - [07/Mar/2026 00:27:39] "GET /login/styles.css HTTP/1.1" 200 -
::1 - - [07/Mar/2026 00:27:39] "GET /login/images/logo-group.png HTTP/1.1" 200 -
::1 - - [07/Mar/2026 00:27:39] "GET /login/script.js HTTP/1.1" 200 -
::1 - - [07/Mar/2026 00:28:07] "GET /raio-x/styles.css HTTP/1.1" 200 -
::1 - - [07/Mar/2026 00:28:07] "GET /raio-x/script.js HTTP/1.1" 200 -
::1 - - [07/Mar/2026 00:28:53] "GET /implantacao/index.html HTTP/1.1" 200 -
::1 - - [07/Mar/2026 00:28:53] "GET /implantacao/style.css HTTP/1.1" 304 -
::1 - - [07/Mar/2026 00:28:53] "GET /implantacao/supabase-config.js HTTP/1.1" 200 -
::1 - - [07/Mar/2026 00:28:53] "GET /implantacao/script_modificado.js HTTP/1.1" 200 -
::1 - - [07/Mar/2026 00:32:18] "GET /implantacao/index.html HTTP/1.1" 304 -
::1 - - [07/Mar/2026 00:32:32] "GET /implantacao/index.html HTTP/1.1" 200 -
::1 - - [07/Mar/2026 00:32:32] "GET /implantacao/supabase-config.js HTTP/1.1" 200 -
::1 - - [07/Mar/2026 00:32:32] "GET /implantacao/style.css HTTP/1.1" 200 -
::1 - - [07/Mar/2026 00:32:33] "GET /implantacao/script_modificado.js HTTP/1.1" 200 -
::1 - - [07/Mar/2026 00:32:34] "GET /tryvia.png HTTP/1.1" 200 -
::1 - - [07/Mar/2026 00:33:11] "GET /implantacao/index.html HTTP/1.1" 200 -
::1 - - [07/Mar/2026 00:33:11] "GET /implantacao/style.css HTTP/1.1" 200 -
::1 - - [07/Mar/2026 00:33:11] "GET /implantacao/supabase-config.js HTTP/1.1" 200 -
::1 - - [07/Mar/2026 00:33:11] "GET /implantacao/script_modificado.js HTTP/1.1" 200 -
::1 - - [07/Mar/2026 00:33:12] "GET /tryvia.png HTTP/1.1" 200 -
::1 - - [07/Mar/2026 00:34:56] "GET /implantacao/index.html HTTP/1.1" 304 -
::1 - - [07/Mar/2026 00:34:56] "GET /implantacao/style.css HTTP/1.1" 304 -
::1 - - [07/Mar/2026 00:34:56] "GET /implantacao/script_modificado.js HTTP/1.1" 200 -
::1 - - [07/Mar/2026 00:36:10] "GET /implantacao/index.html HTTP/1.1" 304 -
::1 - - [07/Mar/2026 00:36:10] "GET /implantacao/style.css HTTP/1.1" 200 -
::1 - - [07/Mar/2026 00:36:10] "GET /implantacao/script_modificado.js HTTP/1.1" 200 -
::1 - - [07/Mar/2026 00:36:23] "GET /implantacao/index.html HTTP/1.1" 304 -
::1 - - [07/Mar/2026 00:36:23] "GET /implantacao/style.css HTTP/1.1" 200 -
::1 - - [07/Mar/2026 00:36:23] "GET /implantacao/script_modificado.js HTTP/1.1" 200 -
::1 - - [07/Mar/2026 00:36:27] "GET /melhorias/index.html HTTP/1.1" 200 -
::1 - - [07/Mar/2026 00:36:27] "GET /melhorias/app.js HTTP/1.1" 200 -
::1 - - [07/Mar/2026 00:36:27] "GET /melhorias/styles.css HTTP/1.1" 200 -
::1 - - [07/Mar/2026 00:40:47] "GET /implantacao/script_modificado.js HTTP/1.1" 200 -
::1 - - [07/Mar/2026 00:40:47] "GET /implantacao/style.css HTTP/1.1" 200 -
::1 - - [07/Mar/2026 00:43:55] "GET /implantacao/index.html HTTP/1.1" 304 -
::1 - - [07/Mar/2026 00:43:55] "GET /implantacao/style.css HTTP/1.1" 200 -
::1 - - [07/Mar/2026 00:43:55] "GET /implantacao/script_modificado.js HTTP/1.1" 200 -
::1 - - [07/Mar/2026 00:44:19] "GET /implantacao/style.css HTTP/1.1" 200 -
::1 - - [07/Mar/2026 00:44:19] "GET /implantacao/script_modificado.js HTTP/1.1" 200 -
::1 - - [07/Mar/2026 01:03:07] "GET /Portal.html HTTP/1.1" 200 -
::1 - - [07/Mar/2026 01:03:07] "GET /css/portal.css HTTP/1.1" 200 -
::1 - - [07/Mar/2026 01:03:07] "GET /portal-function/function-ocultarabas.js HTTP/1.1" 200 -
::1 - - [07/Mar/2026 01:03:07] "GET /logo111.png HTTP/1.1" 200 -
::1 - - [07/Mar/2026 01:03:07] "GET /tryvia.png HTTP/1.1" 200 -
::1 - - [07/Mar/2026 01:03:07] "GET /portal-function/audit.js HTTP/1.1" 200 -
::1 - - [07/Mar/2026 01:03:07] "GET /portal-function/audit-utility.js HTTP/1.1" 200 -
::1 - - [07/Mar/2026 01:03:07] "GET /SING-Service/consultar_integracao_IDCliente.js HTTP/1.1" 200 -
::1 - - [07/Mar/2026 01:03:07] "GET /SING-Service/obter-token.js HTTP/1.1" 200 -
::1 - - [07/Mar/2026 01:03:07] "GET /raio-x/index.html HTTP/1.1" 200 -
::1 - - [07/Mar/2026 01:03:07] "GET /raio-x/styles.css HTTP/1.1" 200 -
::1 - - [07/Mar/2026 01:03:07] "GET /raio-x/script.js HTTP/1.1" 200 -
::1 - - [07/Mar/2026 01:03:07] "GET /portal-function/portal.js HTTP/1.1" 200 -
::1 - - [07/Mar/2026 01:03:14] "GET /tryvia.png HTTP/1.1" 200 -
::1 - - [07/Mar/2026 01:05:50] "GET /Portal.html HTTP/1.1" 304 -
::1 - - [07/Mar/2026 01:05:50] "GET /portal-function/portal.js HTTP/1.1" 200 -
::1 - - [07/Mar/2026 01:07:11] "GET /Portal.html HTTP/1.1" 304 -
::1 - - [07/Mar/2026 01:07:11] "GET /portal-function/portal.js HTTP/1.1" 200 -
::1 - - [07/Mar/2026 01:07:24] "GET /Portal.html HTTP/1.1" 200 -
::1 - - [07/Mar/2026 01:07:24] "GET /css/portal.css HTTP/1.1" 200 -
::1 - - [07/Mar/2026 01:07:24] "GET /portal-function/function-ocultarabas.js HTTP/1.1" 200 -
::1 - - [07/Mar/2026 01:07:26] "GET /logo111.png HTTP/1.1" 200 -
::1 - - [07/Mar/2026 01:07:26] "GET /tryvia.png HTTP/1.1" 200 -
::1 - - [07/Mar/2026 01:07:26] "GET /portal-function/portal.js HTTP/1.1" 200 -
::1 - - [07/Mar/2026 01:07:26] "GET /portal-function/audit.js HTTP/1.1" 200 -
::1 - - [07/Mar/2026 01:07:26] "GET /portal-function/audit-utility.js HTTP/1.1" 200 -
::1 - - [07/Mar/2026 01:07:26] "GET /SING-Service/consultar_integracao_IDCliente.js HTTP/1.1" 200 -
::1 - - [07/Mar/2026 01:07:26] "GET /SING-Service/obter-token.js HTTP/1.1" 200 -
::1 - - [07/Mar/2026 01:07:26] "GET /raio-x/index.html HTTP/1.1" 200 -
::1 - - [07/Mar/2026 01:07:26] "GET /raio-x/styles.css HTTP/1.1" 200 -
::1 - - [07/Mar/2026 01:07:26] "GET /raio-x/script.js HTTP/1.1" 200 -
::1 - - [07/Mar/2026 01:07:30] "GET /tryvia.png HTTP/1.1" 200 -
::1 - - [07/Mar/2026 01:09:10] code 404, message File not found
::1 - - [07/Mar/2026 01:09:10] "GET /.well-known/appspecific/com.chrome.devtools.json HTTP/1.1" 404 -
::1 - - [07/Mar/2026 01:12:11] "GET /Portal.html HTTP/1.1" 304 -
::1 - - [07/Mar/2026 01:12:11] code 404, message File not found
::1 - - [07/Mar/2026 01:12:11] "GET /.well-known/appspecific/com.chrome.devtools.json HTTP/1.1" 404 -
::1 - - [07/Mar/2026 01:12:11] "GET /portal-function/portal.js HTTP/1.1" 200 -
::1 - - [07/Mar/2026 01:13:21] "GET /Portal.html HTTP/1.1" 304 -
::1 - - [07/Mar/2026 01:13:21] code 404, message File not found
::1 - - [07/Mar/2026 01:13:21] "GET /.well-known/appspecific/com.chrome.devtools.json HTTP/1.1" 404 -
::1 - - [07/Mar/2026 01:13:21] "GET /portal-function/portal.js HTTP/1.1" 200 -
::1 - - [07/Mar/2026 01:13:34] "GET /Portal.html HTTP/1.1" 200 -
::1 - - [07/Mar/2026 01:13:34] "GET /css/portal.css HTTP/1.1" 200 -
::1 - - [07/Mar/2026 01:13:34] "GET /portal-function/function-ocultarabas.js HTTP/1.1" 200 -
::1 - - [07/Mar/2026 01:13:34] "GET /logo111.png HTTP/1.1" 200 -
::1 - - [07/Mar/2026 01:13:34] "GET /tryvia.png HTTP/1.1" 200 -
::1 - - [07/Mar/2026 01:13:43] "GET /portal-function/portal.js HTTP/1.1" 200 -
::1 - - [07/Mar/2026 01:13:43] "GET /portal-function/audit.js HTTP/1.1" 200 -
::1 - - [07/Mar/2026 01:13:43] "GET /portal-function/audit-utility.js HTTP/1.1" 200 -
::1 - - [07/Mar/2026 01:13:43] "GET /SING-Service/consultar_integracao_IDCliente.js HTTP/1.1" 200 -
::1 - - [07/Mar/2026 01:13:43] "GET /SING-Service/obter-token.js HTTP/1.1" 200 -
::1 - - [07/Mar/2026 01:13:43] "GET /raio-x/index.html HTTP/1.1" 200 -
::1 - - [07/Mar/2026 01:13:43] "GET /raio-x/styles.css HTTP/1.1" 200 -
::1 - - [07/Mar/2026 01:13:43] "GET /raio-x/script.js HTTP/1.1" 200 -
::1 - - [07/Mar/2026 01:13:51] "GET /tryvia.png HTTP/1.1" 200 -
::1 - - [07/Mar/2026 01:15:05] "GET /Portal.html HTTP/1.1" 304 -
::1 - - [07/Mar/2026 01:15:05] "GET /portal-function/portal.js HTTP/1.1" 200 -
::1 - - [07/Mar/2026 01:15:48] code 404, message File not found
::1 - - [07/Mar/2026 01:15:48] "GET /.well-known/appspecific/com.chrome.devtools.json HTTP/1.1" 404 -
::1 - - [07/Mar/2026 01:15:54] "GET /Portal.html HTTP/1.1" 304 -
::1 - - [07/Mar/2026 01:15:54] "GET /portal-function/portal.js HTTP/1.1" 304 -
::1 - - [07/Mar/2026 01:15:54] code 404, message File not found
::1 - - [07/Mar/2026 01:15:54] "GET /.well-known/appspecific/com.chrome.devtools.json HTTP/1.1" 404 -
::1 - - [07/Mar/2026 01:16:52] "GET /Portal.html HTTP/1.1" 304 -
::1 - - [07/Mar/2026 01:16:52] code 404, message File not found
::1 - - [07/Mar/2026 01:16:52] "GET /.well-known/appspecific/com.chrome.devtools.json HTTP/1.1" 404 -
::1 - - [07/Mar/2026 01:16:52] "GET /portal-function/portal.js HTTP/1.1" 200 -
::1 - - [07/Mar/2026 01:18:29] "GET /Portal.html HTTP/1.1" 304 -
::1 - - [07/Mar/2026 01:18:29] code 404, message File not found
::1 - - [07/Mar/2026 01:18:29] "GET /.well-known/appspecific/com.chrome.devtools.json HTTP/1.1" 404 -
::1 - - [07/Mar/2026 01:18:29] "GET /portal-function/portal.js HTTP/1.1" 200 -
::1 - - [07/Mar/2026 01:19:13] "GET /implantacao/style.css HTTP/1.1" 304 -
::1 - - [07/Mar/2026 01:19:13] "GET /implantacao/script_modificado.js HTTP/1.1" 304 -
::1 - - [07/Mar/2026 01:41:53] "GET /implantacao/index.html HTTP/1.1" 200 -
::1 - - [07/Mar/2026 01:41:53] "GET /implantacao/style.css HTTP/1.1" 304 -
::1 - - [07/Mar/2026 01:41:53] "GET /implantacao/script_modificado.js HTTP/1.1" 304 -
::1 - - [07/Mar/2026 01:41:53] "GET /implantacao/painel-views.css HTTP/1.1" 200 -
::1 - - [07/Mar/2026 01:41:53] "GET /implantacao/painel-views.js HTTP/1.1" 200 -
::1 - - [07/Mar/2026 01:42:21] "GET /implantacao/index.html HTTP/1.1" 200 -
::1 - - [07/Mar/2026 01:42:21] "GET /implantacao/painel-views.css HTTP/1.1" 304 -
::1 - - [07/Mar/2026 01:42:21] "GET /implantacao/painel-views.js HTTP/1.1" 304 -
::1 - - [07/Mar/2026 01:42:21] "GET /implantacao/script_novo.js HTTP/1.1" 200 -
::1 - - [07/Mar/2026 01:44:11] "GET /implantacao/index.html HTTP/1.1" 200 -
::1 - - [07/Mar/2026 01:44:11] "GET /implantacao/painel-views.css HTTP/1.1" 304 -
::1 - - [07/Mar/2026 01:44:11] "GET /implantacao/painel-views.js HTTP/1.1" 304 -
::1 - - [07/Mar/2026 01:44:11] "GET /implantacao/script_novo.js HTTP/1.1" 304 -
::1 - - [07/Mar/2026 01:44:28] "GET /implantacao/index.html HTTP/1.1" 200 -
::1 - - [07/Mar/2026 01:44:28] "GET /implantacao/script_novo.js HTTP/1.1" 304 -
::1 - - [07/Mar/2026 01:50:18] "GET /implantacao/index.html HTTP/1.1" 304 -
::1 - - [07/Mar/2026 01:50:18] "GET /implantacao/style.css HTTP/1.1" 304 -
::1 - - [07/Mar/2026 01:50:18] "GET /implantacao/painel-views.css HTTP/1.1" 304 -
::1 - - [07/Mar/2026 01:50:18] "GET /implantacao/painel-views.js HTTP/1.1" 304 -
::1 - - [07/Mar/2026 01:50:18] "GET /implantacao/script_novo.js HTTP/1.1" 200 -
::1 - - [07/Mar/2026 01:50:30] "GET /implantacao/script_novo.js HTTP/1.1" 304 -
::1 - - [07/Mar/2026 01:51:05] "GET /implantacao/index.html HTTP/1.1" 200 -
::1 - - [07/Mar/2026 01:51:05] "GET /implantacao/script_modificado.js HTTP/1.1" 200 -
::1 - - [07/Mar/2026 01:51:30] "GET /implantacao/index.html HTTP/1.1" 304 -
::1 - - [07/Mar/2026 01:51:30] "GET /implantacao/script_modificado.js HTTP/1.1" 200 -
^C