[18/03/2026 11:39:31,49] Servidor iniciado 
::1 - - [18/Mar/2026 11:39:43] "GET / HTTP/1.1" 200 -
::1 - - [18/Mar/2026 11:39:43] code 404, message File not found
::1 - - [18/Mar/2026 11:39:43] "GET /favicon.ico HTTP/1.1" 404 -
::1 - - [18/Mar/2026 11:39:46] "GET /Portal.html HTTP/1.1" 200 -
::1 - - [18/Mar/2026 11:39:46] "GET /css/portal.css HTTP/1.1" 200 -
::1 - - [18/Mar/2026 11:39:46] "GET /portal-function/function-ocultarabas.js HTTP/1.1" 200 -
::1 - - [18/Mar/2026 11:39:46] "GET /logo111.png HTTP/1.1" 200 -
::1 - - [18/Mar/2026 11:39:46] "GET /tryvia.png HTTP/1.1" 200 -
::1 - - [18/Mar/2026 11:39:46] "GET /portal-function/portal.js HTTP/1.1" 200 -
::1 - - [18/Mar/2026 11:39:46] "GET /portal-function/audit.js HTTP/1.1" 200 -
::1 - - [18/Mar/2026 11:39:46] "GET /portal-function/audit-utility.js HTTP/1.1" 200 -
::1 - - [18/Mar/2026 11:39:46] "GET /SING-Service/consultar_integracao_IDCliente.js HTTP/1.1" 200 -
::1 - - [18/Mar/2026 11:39:46] "GET /SING-Service/obter-token.js HTTP/1.1" 200 -
::1 - - [18/Mar/2026 11:39:46] "GET /raio-x/index.html HTTP/1.1" 200 -
::1 - - [18/Mar/2026 11:39:46] "GET /login/index.html HTTP/1.1" 200 -
::1 - - [18/Mar/2026 11:39:46] "GET /raio-x/styles.css HTTP/1.1" 200 -
::1 - - [18/Mar/2026 11:39:46] "GET /raio-x/script.js HTTP/1.1" 200 -
::1 - - [18/Mar/2026 11:39:46] "GET /login/styles.css HTTP/1.1" 200 -
::1 - - [18/Mar/2026 11:39:46] "GET /login/images/logo-compass.png HTTP/1.1" 200 -
::1 - - [18/Mar/2026 11:39:46] "GET /login/images/logo-target.png HTTP/1.1" 200 -
::1 - - [18/Mar/2026 11:39:46] "GET /login/script.js HTTP/1.1" 200 -
::1 - - [18/Mar/2026 11:39:46] "GET /login/images/logo-globe.png HTTP/1.1" 200 -
::1 - - [18/Mar/2026 11:39:46] "GET /login/images/logo-clock.png HTTP/1.1" 200 -
::1 - - [18/Mar/2026 11:39:46] "GET /login/images/logo-group.png HTTP/1.1" 200 -
::1 - - [18/Mar/2026 11:54:05] "GET /Portal.html HTTP/1.1" 304 -
::1 - - [18/Mar/2026 11:54:05] "GET /css/portal.css HTTP/1.1" 304 -
::1 - - [18/Mar/2026 11:54:05] "GET /logo111.png HTTP/1.1" 304 -
::1 - - [18/Mar/2026 11:54:05] "GET /portal-function/function-ocultarabas.js HTTP/1.1" 304 -
::1 - - [18/Mar/2026 11:54:05] "GET /tryvia.png HTTP/1.1" 304 -
::1 - - [18/Mar/2026 11:54:05] "GET /portal-function/portal.js HTTP/1.1" 304 -
::1 - - [18/Mar/2026 11:54:05] "GET /portal-function/audit.js HTTP/1.1" 304 -
::1 - - [18/Mar/2026 11:54:05] "GET /portal-function/audit-utility.js HTTP/1.1" 304 -
::1 - - [18/Mar/2026 11:54:05] "GET /SING-Service/consultar_integracao_IDCliente.js HTTP/1.1" 304 -
::1 - - [18/Mar/2026 11:54:05] "GET /SING-Service/obter-token.js HTTP/1.1" 304 -
::1 - - [18/Mar/2026 11:54:05] "GET /raio-x/index.html HTTP/1.1" 304 -
::1 - - [18/Mar/2026 11:54:05] "GET /raio-x/styles.css HTTP/1.1" 200 -
::1 - - [18/Mar/2026 11:54:05] "GET /raio-x/script.js HTTP/1.1" 200 -
::1 - - [18/Mar/2026 11:55:28] "GET /Portal.html HTTP/1.1" 304 -
::1 - - [18/Mar/2026 11:55:28] "GET /raio-x/styles.css HTTP/1.1" 304 -
::1 - - [18/Mar/2026 11:55:28] "GET /raio-x/script.js HTTP/1.1" 304 -
::1 - - [18/Mar/2026 11:55:38] "GET /raio-x/styles.css HTTP/1.1" 304 -
::1 - - [18/Mar/2026 11:55:38] code 404, message File not found
::1 - - [18/Mar/2026 11:55:38] "GET /.well-known/appspecific/com.chrome.devtools.json HTTP/1.1" 404 -
::1 - - [18/Mar/2026 11:57:50] "GET /Portal.html HTTP/1.1" 304 -
::1 - - [18/Mar/2026 11:57:50] "GET /css/portal.css HTTP/1.1" 304 -
::1 - - [18/Mar/2026 11:57:50] "GET /portal-function/function-ocultarabas.js HTTP/1.1" 304 -
::1 - - [18/Mar/2026 11:57:50] "GET /logo111.png HTTP/1.1" 304 -
::1 - - [18/Mar/2026 11:57:50] "GET /tryvia.png HTTP/1.1" 304 -
::1 - - [18/Mar/2026 11:57:50] "GET /portal-function/portal.js HTTP/1.1" 304 -
::1 - - [18/Mar/2026 11:57:50] "GET /portal-function/audit.js HTTP/1.1" 304 -
::1 - - [18/Mar/2026 11:57:50] "GET /portal-function/audit-utility.js HTTP/1.1" 304 -
::1 - - [18/Mar/2026 11:57:50] "GET /SING-Service/consultar_integracao_IDCliente.js HTTP/1.1" 304 -
::1 - - [18/Mar/2026 11:57:50] "GET /SING-Service/obter-token.js HTTP/1.1" 304 -
::1 - - [18/Mar/2026 11:57:50] "GET /raio-x/index.html HTTP/1.1" 304 -
::1 - - [18/Mar/2026 11:57:50] "GET /raio-x/styles.css HTTP/1.1" 200 -
::1 - - [18/Mar/2026 11:57:50] "GET /raio-x/script.js HTTP/1.1" 200 -
::1 - - [18/Mar/2026 12:01:15] "GET /css/portal.css HTTP/1.1" 304 -
::1 - - [18/Mar/2026 12:01:16] "GET /raio-x/styles.css HTTP/1.1" 200 -
::1 - - [18/Mar/2026 12:01:16] code 404, message File not found
::1 - - [18/Mar/2026 12:01:16] "GET /.well-known/appspecific/com.chrome.devtools.json HTTP/1.1" 404 -
::1 - - [18/Mar/2026 12:01:56] "GET /Portal.html HTTP/1.1" 304 -
::1 - - [18/Mar/2026 12:01:56] "GET /portal-function/function-ocultarabas.js HTTP/1.1" 304 -
::1 - - [18/Mar/2026 12:01:56] "GET /tryvia.png HTTP/1.1" 304 -
::1 - - [18/Mar/2026 12:01:56] "GET /logo111.png HTTP/1.1" 304 -
::1 - - [18/Mar/2026 12:01:56] "GET /portal-function/portal.js HTTP/1.1" 304 -
::1 - - [18/Mar/2026 12:01:56] "GET /portal-function/audit.js HTTP/1.1" 304 -
::1 - - [18/Mar/2026 12:01:56] "GET /portal-function/audit-utility.js HTTP/1.1" 304 -
::1 - - [18/Mar/2026 12:01:56] "GET /SING-Service/consultar_integracao_IDCliente.js HTTP/1.1" 304 -
::1 - - [18/Mar/2026 12:01:56] "GET /SING-Service/obter-token.js HTTP/1.1" 304 -
::1 - - [18/Mar/2026 12:01:56] "GET /raio-x/index.html HTTP/1.1" 304 -
::1 - - [18/Mar/2026 12:01:56] "GET /raio-x/styles.css HTTP/1.1" 304 -
::1 - - [18/Mar/2026 12:01:56] "GET /raio-x/script.js HTTP/1.1" 200 -
::1 - - [18/Mar/2026 12:02:28] "GET /Portal.html HTTP/1.1" 304 -
::1 - - [18/Mar/2026 12:02:28] "GET /raio-x/styles.css HTTP/1.1" 304 -
::1 - - [18/Mar/2026 12:02:28] "GET /raio-x/script.js HTTP/1.1" 200 -
::1 - - [18/Mar/2026 12:02:43] "GET /Portal.html HTTP/1.1" 304 -
::1 - - [18/Mar/2026 12:02:43] "GET /raio-x/styles.css HTTP/1.1" 304 -
::1 - - [18/Mar/2026 12:02:43] "GET /raio-x/script.js HTTP/1.1" 304 -
::1 - - [18/Mar/2026 12:03:20] "GET /Portal.html HTTP/1.1" 304 -
::1 - - [18/Mar/2026 12:03:20] "GET /raio-x/styles.css HTTP/1.1" 304 -
::1 - - [18/Mar/2026 12:03:20] "GET /raio-x/script.js HTTP/1.1" 304 -
::1 - - [18/Mar/2026 12:04:23] "GET /Portal.html HTTP/1.1" 304 -
::1 - - [18/Mar/2026 12:04:23] "GET /css/portal.css HTTP/1.1" 304 -
::1 - - [18/Mar/2026 12:04:23] "GET /raio-x/styles.css HTTP/1.1" 304 -
::1 - - [18/Mar/2026 12:04:23] "GET /raio-x/script.js HTTP/1.1" 200 -
::1 - - [18/Mar/2026 12:04:46] "GET /Portal.html HTTP/1.1" 304 -
::1 - - [18/Mar/2026 12:04:46] "GET /raio-x/script.js HTTP/1.1" 304 -
::1 - - [18/Mar/2026 12:08:50] "GET /raio-x/styles.css HTTP/1.1" 304 -
::1 - - [18/Mar/2026 12:08:50] "GET /css/portal.css HTTP/1.1" 304 -
::1 - - [18/Mar/2026 12:08:50] code 404, message File not found
::1 - - [18/Mar/2026 12:08:50] "GET /.well-known/appspecific/com.chrome.devtools.json HTTP/1.1" 404 -
::1 - - [18/Mar/2026 12:09:55] "GET /Portal.html HTTP/1.1" 304 -
::1 - - [18/Mar/2026 12:09:55] "GET /portal-function/function-ocultarabas.js HTTP/1.1" 304 -
::1 - - [18/Mar/2026 12:09:55] "GET /logo111.png HTTP/1.1" 304 -
::1 - - [18/Mar/2026 12:09:55] "GET /tryvia.png HTTP/1.1" 304 -
::1 - - [18/Mar/2026 12:09:55] "GET /portal-function/portal.js HTTP/1.1" 304 -
::1 - - [18/Mar/2026 12:09:55] "GET /portal-function/audit.js HTTP/1.1" 304 -
::1 - - [18/Mar/2026 12:09:55] "GET /portal-function/audit-utility.js HTTP/1.1" 304 -
::1 - - [18/Mar/2026 12:09:55] "GET /SING-Service/consultar_integracao_IDCliente.js HTTP/1.1" 304 -
::1 - - [18/Mar/2026 12:09:56] "GET /SING-Service/obter-token.js HTTP/1.1" 304 -
::1 - - [18/Mar/2026 12:09:56] "GET /raio-x/index.html HTTP/1.1" 200 -
::1 - - [18/Mar/2026 12:09:56] "GET /raio-x/styles.css HTTP/1.1" 304 -
::1 - - [18/Mar/2026 12:09:56] "GET /raio-x/script.js HTTP/1.1" 200 -
::1 - - [18/Mar/2026 12:10:32] "GET /Portal.html HTTP/1.1" 304 -
::1 - - [18/Mar/2026 12:10:32] "GET /raio-x/index.html HTTP/1.1" 200 -
::1 - - [18/Mar/2026 12:10:32] "GET /raio-x/script.js HTTP/1.1" 304 -
::1 - - [18/Mar/2026 12:12:13] "GET /raio-x/styles.css HTTP/1.1" 304 -
::1 - - [18/Mar/2026 12:12:13] code 404, message File not found
::1 - - [18/Mar/2026 12:12:13] "GET /.well-known/appspecific/com.chrome.devtools.json HTTP/1.1" 404 -
::1 - - [18/Mar/2026 12:12:58] "GET /Portal.html HTTP/1.1" 304 -
::1 - - [18/Mar/2026 12:12:58] code 404, message File not found
::1 - - [18/Mar/2026 12:12:58] "GET /.well-known/appspecific/com.chrome.devtools.json HTTP/1.1" 404 -
::1 - - [18/Mar/2026 12:12:58] "GET /css/portal.css HTTP/1.1" 304 -
::1 - - [18/Mar/2026 12:12:59] "GET /raio-x/index.html HTTP/1.1" 304 -
::1 - - [18/Mar/2026 12:12:59] "GET /raio-x/script.js HTTP/1.1" 200 -
::1 - - [18/Mar/2026 12:13:23] "GET /Portal.html HTTP/1.1" 304 -
::1 - - [18/Mar/2026 12:13:24] "GET /raio-x/index.html HTTP/1.1" 304 -
::1 - - [18/Mar/2026 12:13:24] "GET /raio-x/script.js HTTP/1.1" 200 -
::1 - - [18/Mar/2026 12:13:42] "GET /Portal.html HTTP/1.1" 304 -
::1 - - [18/Mar/2026 12:13:42] "GET /portal-function/function-ocultarabas.js HTTP/1.1" 304 -
::1 - - [18/Mar/2026 12:13:42] "GET /logo111.png HTTP/1.1" 304 -
::1 - - [18/Mar/2026 12:13:42] "GET /tryvia.png HTTP/1.1" 304 -
::1 - - [18/Mar/2026 12:13:42] "GET /portal-function/portal.js HTTP/1.1" 304 -
::1 - - [18/Mar/2026 12:13:42] "GET /portal-function/audit.js HTTP/1.1" 304 -
::1 - - [18/Mar/2026 12:13:42] "GET /portal-function/audit-utility.js HTTP/1.1" 304 -
::1 - - [18/Mar/2026 12:13:42] "GET /SING-Service/consultar_integracao_IDCliente.js HTTP/1.1" 304 -
::1 - - [18/Mar/2026 12:13:42] "GET /SING-Service/obter-token.js HTTP/1.1" 304 -
::1 - - [18/Mar/2026 12:13:42] "GET /raio-x/index.html HTTP/1.1" 304 -
::1 - - [18/Mar/2026 12:13:42] "GET /raio-x/styles.css HTTP/1.1" 304 -
::1 - - [18/Mar/2026 12:13:42] "GET /raio-x/script.js HTTP/1.1" 200 -
::1 - - [18/Mar/2026 12:20:43] "GET /Portal.html HTTP/1.1" 304 -
::1 - - [18/Mar/2026 12:20:43] "GET /css/portal.css HTTP/1.1" 304 -
::1 - - [18/Mar/2026 12:20:43] "GET /portal-function/function-ocultarabas.js HTTP/1.1" 304 -
::1 - - [18/Mar/2026 12:20:43] "GET /logo111.png HTTP/1.1" 304 -
::1 - - [18/Mar/2026 12:20:43] "GET /tryvia.png HTTP/1.1" 304 -
::1 - - [18/Mar/2026 12:20:43] "GET /portal-function/portal.js HTTP/1.1" 304 -
::1 - - [18/Mar/2026 12:20:43] "GET /portal-function/audit.js HTTP/1.1" 304 -
::1 - - [18/Mar/2026 12:20:43] "GET /SING-Service/consultar_integracao_IDCliente.js HTTP/1.1" 304 -
::1 - - [18/Mar/2026 12:20:43] "GET /portal-function/audit-utility.js HTTP/1.1" 304 -
::1 - - [18/Mar/2026 12:20:43] "GET /SING-Service/obter-token.js HTTP/1.1" 304 -
::1 - - [18/Mar/2026 12:20:43] "GET /raio-x/index.html HTTP/1.1" 304 -
::1 - - [18/Mar/2026 12:20:43] "GET /raio-x/styles.css HTTP/1.1" 304 -
::1 - - [18/Mar/2026 12:20:43] "GET /raio-x/script.js HTTP/1.1" 200 -
::1 - - [18/Mar/2026 12:23:07] "GET /Portal.html HTTP/1.1" 304 -
::1 - - [18/Mar/2026 12:23:07] "GET /raio-x/index.html HTTP/1.1" 304 -
::1 - - [18/Mar/2026 12:23:07] "GET /raio-x/styles.css HTTP/1.1" 304 -
::1 - - [18/Mar/2026 12:23:07] "GET /raio-x/script.js HTTP/1.1" 304 -
::1 - - [18/Mar/2026 12:37:02] "GET /melhorias/index.html HTTP/1.1" 200 -
::1 - - [18/Mar/2026 12:37:02] "GET /melhorias/styles.css HTTP/1.1" 200 -
::1 - - [18/Mar/2026 12:37:02] "GET /melhorias/app.js HTTP/1.1" 200 -
::1 - - [18/Mar/2026 12:37:25] "GET /melhorias/index.html HTTP/1.1" 200 -
::1 - - [18/Mar/2026 12:37:25] "GET /melhorias/styles.css HTTP/1.1" 200 -
::1 - - [18/Mar/2026 12:37:25] "GET /melhorias/app.js HTTP/1.1" 200 -
::1 - - [18/Mar/2026 12:37:25] "GET /tryvia.png HTTP/1.1" 200 -
::1 - - [18/Mar/2026 12:38:18] "GET /melhorias/index.html HTTP/1.1" 200 -
::1 - - [18/Mar/2026 12:38:21] "GET /acompanhamento/index.html HTTP/1.1" 200 -
::1 - - [18/Mar/2026 12:38:21] "GET /acompanhamento/style.css HTTP/1.1" 200 -
::1 - - [18/Mar/2026 12:38:21] "GET /acompanhamento/script.js HTTP/1.1" 200 -
::1 - - [18/Mar/2026 12:38:21] "GET /login/index.html HTTP/1.1" 304 -
::1 - - [18/Mar/2026 12:38:21] "GET /login/styles.css HTTP/1.1" 304 -
::1 - - [18/Mar/2026 12:38:21] "GET /login/images/logo-compass.png HTTP/1.1" 304 -
::1 - - [18/Mar/2026 12:38:21] "GET /login/images/logo-target.png HTTP/1.1" 304 -
::1 - - [18/Mar/2026 12:38:21] "GET /login/images/logo-globe.png HTTP/1.1" 304 -
::1 - - [18/Mar/2026 12:38:21] "GET /login/images/logo-group.png HTTP/1.1" 304 -
::1 - - [18/Mar/2026 12:38:21] "GET /login/images/logo-clock.png HTTP/1.1" 304 -
::1 - - [18/Mar/2026 12:38:21] "GET /login/script.js HTTP/1.1" 304 -
::1 - - [18/Mar/2026 12:38:35] "GET /melhorias/index.html HTTP/1.1" 200 -
::1 - - [18/Mar/2026 12:38:35] "GET /melhorias/styles.css HTTP/1.1" 200 -
::1 - - [18/Mar/2026 12:38:35] "GET /melhorias/app.js HTTP/1.1" 200 -
::1 - - [18/Mar/2026 12:38:36] "GET /tryvia.png HTTP/1.1" 200 -
::1 - - [18/Mar/2026 12:38:42] "GET /acompanhamento/script.js HTTP/1.1" 304 -
::1 - - [18/Mar/2026 12:39:33] "GET /melhorias/index.html HTTP/1.1" 200 -
::1 - - [18/Mar/2026 12:39:33] "GET /melhorias/styles.css HTTP/1.1" 200 -
::1 - - [18/Mar/2026 12:39:33] "GET /melhorias/app.js HTTP/1.1" 200 -
::1 - - [18/Mar/2026 12:39:33] "GET /tryvia.png HTTP/1.1" 200 -
::1 - - [18/Mar/2026 12:39:36] "GET /acompanhamento/script.js HTTP/1.1" 200 -
::1 - - [18/Mar/2026 12:39:47] "GET /melhorias/index.html HTTP/1.1" 304 -
::1 - - [18/Mar/2026 12:40:05] "GET /acompanhamento/script.js HTTP/1.1" 304 -
::1 - - [18/Mar/2026 12:41:04] "GET /melhorias/index.html HTTP/1.1" 304 -
::1 - - [18/Mar/2026 12:41:07] "GET /acompanhamento/script.js HTTP/1.1" 200 -
::1 - - [18/Mar/2026 12:41:07] code 404, message File not found
::1 - - [18/Mar/2026 12:41:07] "GET /favicon.ico HTTP/1.1" 404 -
::1 - - [18/Mar/2026 12:41:18] "GET /acompanhamento/script.js HTTP/1.1" 304 -
::1 - - [18/Mar/2026 12:41:25] "GET /melhorias/index.html HTTP/1.1" 304 -
::1 - - [18/Mar/2026 12:42:41] "GET /login/index.html HTTP/1.1" 304 -
::1 - - [18/Mar/2026 12:42:46] "GET /Portal.html HTTP/1.1" 304 -
::1 - - [18/Mar/2026 12:42:46] "GET /css/portal.css HTTP/1.1" 304 -
::1 - - [18/Mar/2026 12:42:46] "GET /portal-function/function-ocultarabas.js HTTP/1.1" 304 -
::1 - - [18/Mar/2026 12:42:46] "GET /logo111.png HTTP/1.1" 304 -
::1 - - [18/Mar/2026 12:42:46] "GET /portal-function/portal.js HTTP/1.1" 304 -
::1 - - [18/Mar/2026 12:42:46] "GET /portal-function/audit.js HTTP/1.1" 304 -
::1 - - [18/Mar/2026 12:42:46] "GET /portal-function/audit-utility.js HTTP/1.1" 304 -
::1 - - [18/Mar/2026 12:42:46] "GET /SING-Service/consultar_integracao_IDCliente.js HTTP/1.1" 304 -
::1 - - [18/Mar/2026 12:42:46] "GET /SING-Service/obter-token.js HTTP/1.1" 304 -
::1 - - [18/Mar/2026 12:42:46] "GET /raio-x/index.html HTTP/1.1" 304 -
::1 - - [18/Mar/2026 12:42:46] "GET /raio-x/styles.css HTTP/1.1" 304 -
::1 - - [18/Mar/2026 12:42:46] "GET /raio-x/script.js HTTP/1.1" 200 -
::1 - - [18/Mar/2026 12:42:48] "GET /melhorias/index.html HTTP/1.1" 304 -
::1 - - [18/Mar/2026 12:42:51] "GET /acompanhamento/script.js HTTP/1.1" 304 -
::1 - - [18/Mar/2026 12:43:42] "GET /acompanhamento/index.html HTTP/1.1" 304 -
::1 - - [18/Mar/2026 12:43:42] "GET /acompanhamento/script.js HTTP/1.1" 304 -
::1 - - [18/Mar/2026 12:43:45] "GET /melhorias/index.html HTTP/1.1" 304 -
::1 - - [18/Mar/2026 12:44:00] "GET /acompanhamento/index.html HTTP/1.1" 304 -
::1 - - [18/Mar/2026 12:44:00] "GET /acompanhamento/script.js HTTP/1.1" 304 -
::1 - - [18/Mar/2026 12:44:07] "GET /melhorias/index.html HTTP/1.1" 304 -
::1 - - [18/Mar/2026 12:45:36] "GET /melhorias/index.html HTTP/1.1" 304 -
::1 - - [18/Mar/2026 12:45:39] "GET /acompanhamento/script.js HTTP/1.1" 200 -
::1 - - [18/Mar/2026 12:45:46] "GET /login/styles.css HTTP/1.1" 304 -
::1 - - [18/Mar/2026 12:45:46] "GET /login/images/logo-compass.png HTTP/1.1" 304 -
::1 - - [18/Mar/2026 12:45:46] "GET /login/images/logo-target.png HTTP/1.1" 304 -
::1 - - [18/Mar/2026 12:45:46] "GET /login/images/logo-globe.png HTTP/1.1" 304 -
::1 - - [18/Mar/2026 12:45:46] "GET /login/images/logo-clock.png HTTP/1.1" 304 -
::1 - - [18/Mar/2026 12:45:46] "GET /login/images/logo-group.png HTTP/1.1" 304 -
::1 - - [18/Mar/2026 12:45:46] "GET /login/script.js HTTP/1.1" 304 -
::1 - - [18/Mar/2026 12:45:59] "GET /login/styles.css HTTP/1.1" 304 -
::1 - - [18/Mar/2026 12:45:59] "GET /login/images/logo-compass.png HTTP/1.1" 304 -
::1 - - [18/Mar/2026 12:45:59] "GET /login/images/logo-target.png HTTP/1.1" 304 -
::1 - - [18/Mar/2026 12:45:59] "GET /login/images/logo-globe.png HTTP/1.1" 304 -
::1 - - [18/Mar/2026 12:45:59] "GET /login/images/logo-clock.png HTTP/1.1" 304 -
::1 - - [18/Mar/2026 12:45:59] "GET /login/images/logo-group.png HTTP/1.1" 304 -
::1 - - [18/Mar/2026 12:45:59] "GET /login/script.js HTTP/1.1" 304 -
::1 - - [18/Mar/2026 12:47:59] "GET /Portal.html HTTP/1.1" 304 -
::1 - - [18/Mar/2026 12:47:59] "GET /tryvia.png HTTP/1.1" 304 -
::1 - - [18/Mar/2026 12:47:59] "GET /raio-x/index.html HTTP/1.1" 304 -
::1 - - [18/Mar/2026 12:47:59] "GET /raio-x/styles.css HTTP/1.1" 304 -
::1 - - [18/Mar/2026 12:47:59] "GET /raio-x/script.js HTTP/1.1" 304 -
::1 - - [18/Mar/2026 12:48:04] "GET /melhorias/index.html HTTP/1.1" 304 -
::1 - - [18/Mar/2026 12:48:04] "GET /melhorias/styles.css HTTP/1.1" 304 -
::1 - - [18/Mar/2026 12:48:04] "GET /melhorias/app.js HTTP/1.1" 200 -
::1 - - [18/Mar/2026 12:48:06] "GET /acompanhamento/script.js HTTP/1.1" 304 -
::1 - - [18/Mar/2026 12:48:08] "GET /melhorias/app.js HTTP/1.1" 304 -
::1 - - [18/Mar/2026 12:48:26] "GET /melhorias/index.html HTTP/1.1" 304 -
::1 - - [18/Mar/2026 12:48:27] "GET /melhorias/app.js HTTP/1.1" 200 -
::1 - - [18/Mar/2026 12:48:29] "GET /melhorias/index.html HTTP/1.1" 304 -
::1 - - [18/Mar/2026 12:48:29] "GET /melhorias/app.js HTTP/1.1" 304 -
::1 - - [18/Mar/2026 12:48:31] "GET /acompanhamento/script.js HTTP/1.1" 304 -
::1 - - [18/Mar/2026 12:48:34] "GET /acompanhamento/index.html HTTP/1.1" 304 -
::1 - - [18/Mar/2026 12:48:35] "GET /melhorias/app.js HTTP/1.1" 304 -
::1 - - [18/Mar/2026 12:50:54] "GET /Portal.html HTTP/1.1" 304 -
::1 - - [18/Mar/2026 12:50:54] "GET /css/portal.css HTTP/1.1" 304 -
::1 - - [18/Mar/2026 12:50:54] "GET /portal-function/function-ocultarabas.js HTTP/1.1" 304 -
::1 - - [18/Mar/2026 12:50:54] "GET /logo111.png HTTP/1.1" 304 -
::1 - - [18/Mar/2026 12:50:54] "GET /portal-function/portal.js HTTP/1.1" 304 -
::1 - - [18/Mar/2026 12:50:54] "GET /portal-function/audit.js HTTP/1.1" 304 -
::1 - - [18/Mar/2026 12:50:54] "GET /portal-function/audit-utility.js HTTP/1.1" 304 -
::1 - - [18/Mar/2026 12:50:54] "GET /SING-Service/consultar_integracao_IDCliente.js HTTP/1.1" 304 -
::1 - - [18/Mar/2026 12:50:54] "GET /SING-Service/obter-token.js HTTP/1.1" 304 -
::1 - - [18/Mar/2026 12:50:54] "GET /raio-x/script.js HTTP/1.1" 304 -
::1 - - [18/Mar/2026 12:50:57] "GET /Portal.html HTTP/1.1" 304 -
::1 - - [18/Mar/2026 12:51:00] "GET /melhorias/index.html HTTP/1.1" 304 -
::1 - - [18/Mar/2026 12:51:01] "GET /melhorias/app.js HTTP/1.1" 200 -
::1 - - [18/Mar/2026 12:51:05] "GET /melhorias/index.html HTTP/1.1" 304 -
::1 - - [18/Mar/2026 12:51:05] "GET /melhorias/app.js HTTP/1.1" 304 -
::1 - - [18/Mar/2026 12:51:08] "GET /acompanhamento/script.js HTTP/1.1" 200 -
::1 - - [18/Mar/2026 12:51:12] "GET /acompanhamento/index.html HTTP/1.1" 304 -
::1 - - [18/Mar/2026 12:51:12] "GET /acompanhamento/script.js HTTP/1.1" 304 -
::1 - - [18/Mar/2026 12:51:14] "GET /melhorias/app.js HTTP/1.1" 304 -
::1 - - [18/Mar/2026 12:51:23] "GET /melhorias/app.js HTTP/1.1" 304 -
::1 - - [18/Mar/2026 12:51:23] "GET /login/index.html HTTP/1.1" 304 -
::1 - - [18/Mar/2026 12:51:25] "GET /acompanhamento/script.js HTTP/1.1" 304 -
::1 - - [18/Mar/2026 12:51:32] "GET /acompanhamento/script.js HTTP/1.1" 304 -
::1 - - [18/Mar/2026 12:51:55] "GET /melhorias/app.js HTTP/1.1" 200 -
::1 - - [18/Mar/2026 12:54:23] "GET /melhorias/index.html HTTP/1.1" 304 -
::1 - - [18/Mar/2026 12:54:23] "GET /melhorias/app.js HTTP/1.1" 304 -
::1 - - [18/Mar/2026 12:55:16] code 404, message File not found
::1 - - [18/Mar/2026 12:55:16] "GET /.well-known/appspecific/com.chrome.devtools.json HTTP/1.1" 404 -
::1 - - [18/Mar/2026 12:55:39] "GET /melhorias/index.html HTTP/1.1" 304 -
::1 - - [18/Mar/2026 12:55:39] "GET /melhorias/styles.css HTTP/1.1" 304 -
::1 - - [18/Mar/2026 12:55:39] "GET /melhorias/app.js HTTP/1.1" 304 -
::1 - - [18/Mar/2026 12:55:39] "GET /tryvia.png HTTP/1.1" 304 -
::1 - - [18/Mar/2026 12:56:41] "GET /melhorias/index.html HTTP/1.1" 304 -
::1 - - [18/Mar/2026 12:56:41] "GET /melhorias/app.js HTTP/1.1" 304 -
::1 - - [18/Mar/2026 12:56:45] "GET /melhorias/index.html HTTP/1.1" 304 -
::1 - - [18/Mar/2026 12:57:18] "GET /melhorias/index.html HTTP/1.1" 304 -
::1 - - [18/Mar/2026 12:57:18] "GET /melhorias/app.js HTTP/1.1" 304 -
::1 - - [18/Mar/2026 12:57:22] "GET /melhorias/index.html HTTP/1.1" 304 -
::1 - - [18/Mar/2026 12:57:45] "GET /melhorias/index.html HTTP/1.1" 304 -
::1 - - [18/Mar/2026 12:58:11] "GET /melhorias/index.html HTTP/1.1" 304 -
::1 - - [18/Mar/2026 12:58:11] "GET /melhorias/app.js HTTP/1.1" 304 -
::1 - - [18/Mar/2026 12:58:18] "GET /melhorias/index.html HTTP/1.1" 304 -
::1 - - [18/Mar/2026 12:58:21] "GET /melhorias/index.html HTTP/1.1" 304 -
::1 - - [18/Mar/2026 12:58:46] "GET /melhorias/index.html HTTP/1.1" 304 -
::1 - - [18/Mar/2026 12:58:48] "GET /melhorias/index.html HTTP/1.1" 304 -
::1 - - [18/Mar/2026 13:00:14] "GET /melhorias/index.html HTTP/1.1" 200 -
::1 - - [18/Mar/2026 13:00:14] "GET /melhorias/app.js HTTP/1.1" 304 -
::1 - - [18/Mar/2026 13:00:17] "GET /acompanhamento/script.js HTTP/1.1" 200 -
::1 - - [18/Mar/2026 13:00:31] "GET /melhorias/index.html HTTP/1.1" 200 -
::1 - - [18/Mar/2026 13:00:44] "GET /melhorias/index.html HTTP/1.1" 304 -
::1 - - [18/Mar/2026 14:09:06] "GET /Portal.html HTTP/1.1" 304 -
::1 - - [18/Mar/2026 14:09:06] "GET /css/portal.css HTTP/1.1" 304 -
::1 - - [18/Mar/2026 14:09:06] "GET /portal-function/function-ocultarabas.js HTTP/1.1" 304 -
::1 - - [18/Mar/2026 14:09:06] "GET /logo111.png HTTP/1.1" 304 -
::1 - - [18/Mar/2026 14:09:06] "GET /tryvia.png HTTP/1.1" 304 -
::1 - - [18/Mar/2026 14:09:06] "GET /portal-function/portal.js HTTP/1.1" 304 -
::1 - - [18/Mar/2026 14:09:06] "GET /portal-function/audit.js HTTP/1.1" 304 -
::1 - - [18/Mar/2026 14:09:06] "GET /portal-function/audit-utility.js HTTP/1.1" 304 -
::1 - - [18/Mar/2026 14:09:06] "GET /SING-Service/consultar_integracao_IDCliente.js HTTP/1.1" 304 -
::1 - - [18/Mar/2026 14:09:06] "GET /SING-Service/obter-token.js HTTP/1.1" 304 -
::1 - - [18/Mar/2026 14:09:06] "GET /raio-x/index.html HTTP/1.1" 200 -
::1 - - [18/Mar/2026 14:09:06] "GET /raio-x/styles.css HTTP/1.1" 304 -
::1 - - [18/Mar/2026 14:09:06] "GET /raio-x/script.js HTTP/1.1" 304 -
::1 - - [18/Mar/2026 14:10:14] "GET /Portal.html HTTP/1.1" 304 -
::1 - - [18/Mar/2026 14:10:14] "GET /raio-x/index.html HTTP/1.1" 304 -
::1 - - [18/Mar/2026 14:11:13] "GET /Portal.html HTTP/1.1" 304 -
::1 - - [18/Mar/2026 14:11:13] "GET /raio-x/index.html HTTP/1.1" 304 -
::1 - - [18/Mar/2026 14:12:35] "GET /Portal.html HTTP/1.1" 304 -
::1 - - [18/Mar/2026 14:12:35] "GET /raio-x/index.html HTTP/1.1" 304 -
::1 - - [18/Mar/2026 14:12:45] "GET /Portal.html HTTP/1.1" 304 -
::1 - - [18/Mar/2026 14:13:06] "GET /Portal.html HTTP/1.1" 304 -
::1 - - [18/Mar/2026 14:13:06] "GET /raio-x/index.html HTTP/1.1" 304 -
::1 - - [18/Mar/2026 14:13:28] "GET /Portal.html HTTP/1.1" 304 -
::1 - - [18/Mar/2026 14:13:41] code 404, message File not found
::1 - - [18/Mar/2026 14:13:41] "GET /.well-known/appspecific/com.chrome.devtools.json HTTP/1.1" 404 -
::1 - - [18/Mar/2026 14:15:57] "GET /Portal.html HTTP/1.1" 304 -
::1 - - [18/Mar/2026 14:15:57] "GET /raio-x/index.html HTTP/1.1" 200 -
::1 - - [18/Mar/2026 14:21:58] "GET /implantacao/index.html HTTP/1.1" 200 -
::1 - - [18/Mar/2026 14:21:58] "GET /implantacao/style.css HTTP/1.1" 200 -
::1 - - [18/Mar/2026 14:21:58] "GET /implantacao/supabase-config.js HTTP/1.1" 200 -
::1 - - [18/Mar/2026 14:21:58] "GET /implantacao/script_modificado.js HTTP/1.1" 200 -
::1 - - [18/Mar/2026 14:22:28] "GET /raio-x/index.html HTTP/1.1" 304 -
::1 - - [18/Mar/2026 14:22:28] "GET /raio-x/styles.css HTTP/1.1" 200 -
::1 - - [18/Mar/2026 14:22:28] "GET /raio-x/script.js HTTP/1.1" 200 -
