[10/03/2026 17:20:13,56] Servidor iniciado 
::1 - - [10/Mar/2026 17:20:16] "GET / HTTP/1.1" 200 -
::1 - - [10/Mar/2026 17:20:16] code 404, message File not found
::1 - - [10/Mar/2026 17:20:16] "GET /favicon.ico HTTP/1.1" 404 -
::1 - - [10/Mar/2026 17:20:20] "GET /Portal.html HTTP/1.1" 200 -
::1 - - [10/Mar/2026 17:20:20] "GET /css/portal.css HTTP/1.1" 200 -
::1 - - [10/Mar/2026 17:20:20] "GET /portal-function/function-ocultarabas.js HTTP/1.1" 200 -
::1 - - [10/Mar/2026 17:20:20] "GET /logo111.png HTTP/1.1" 200 -
::1 - - [10/Mar/2026 17:20:20] "GET /tryvia.png HTTP/1.1" 200 -
::1 - - [10/Mar/2026 17:20:20] "GET /portal-function/portal.js HTTP/1.1" 200 -
::1 - - [10/Mar/2026 17:20:20] "GET /portal-function/audit.js HTTP/1.1" 200 -
::1 - - [10/Mar/2026 17:20:20] "GET /portal-function/audit-utility.js HTTP/1.1" 200 -
::1 - - [10/Mar/2026 17:20:20] "GET /SING-Service/consultar_integracao_IDCliente.js HTTP/1.1" 200 -
::1 - - [10/Mar/2026 17:20:20] "GET /SING-Service/obter-token.js HTTP/1.1" 200 -
::1 - - [10/Mar/2026 17:20:21] "GET /raio-x/index.html HTTP/1.1" 200 -
::1 - - [10/Mar/2026 17:20:21] "GET /login/index.html HTTP/1.1" 200 -
::1 - - [10/Mar/2026 17:20:21] "GET /raio-x/styles.css HTTP/1.1" 200 -
::1 - - [10/Mar/2026 17:20:21] "GET /raio-x/script.js HTTP/1.1" 200 -
----------------------------------------
Exception occurred during processing of request from ('::1', 59093, 0, 0)
Traceback (most recent call last):
  File "C:\Program Files\WindowsApps\PythonSoftwareFoundation.Python.3.13_3.13.3312.0_x64__qbz5n2kfra8p0\Lib\socketserver.py", line 697, in process_request_thread
    self.finish_request(request, client_address)
    ~~~~~~~~~~~~~~~~~~~^^^^^^^^^^^^^^^^^^^^^^^^^
  File "C:\Program Files\WindowsApps\PythonSoftwareFoundation.Python.3.13_3.13.3312.0_x64__qbz5n2kfra8p0\Lib\http\server.py", line 1342, in finish_request
    self.RequestHandlerClass(request, client_address, self,
    ~~~~~~~~~~~~~~~~~~~~~~~~^^^^^^^^^^^^^^^^^^^^^^^^^^^^^^^
                             directory=args.directory)
                             ^^^^^^^^^^^^^^^^^^^^^^^^^
  File "C:\Program Files\WindowsApps\PythonSoftwareFoundation.Python.3.13_3.13.3312.0_x64__qbz5n2kfra8p0\Lib\http\server.py", line 683, in __init__
    super().__init__(*args, **kwargs)
    ~~~~~~~~~~~~~~~~^^^^^^^^^^^^^^^^^
  File "C:\Program Files\WindowsApps\PythonSoftwareFoundation.Python.3.13_3.13.3312.0_x64__qbz5n2kfra8p0\Lib\socketserver.py", line 766, in __init__
    self.handle()
    ~~~~~~~~~~~^^
  File "C:\Program Files\WindowsApps\PythonSoftwareFoundation.Python.3.13_3.13.3312.0_x64__qbz5n2kfra8p0\Lib\http\server.py", line 447, in handle
    self.handle_one_request()
    ~~~~~~~~~~~~~~~~~~~~~~~^^
  File "C:\Program Files\WindowsApps\PythonSoftwareFoundation.Python.3.13_3.13.3312.0_x64__qbz5n2kfra8p0\Lib\http\server.py", line 435, in handle_one_request
    method()
    ~~~~~~^^
  File "C:\Program Files\WindowsApps\PythonSoftwareFoundation.Python.3.13_3.13.3312.0_x64__qbz5n2kfra8p0\Lib\http\server.py", line 690, in do_GET
    self.copyfile(f, self.wfile)
    ~~~~~~~~~~~~~^^^^^^^^^^^^^^^
  File "C:\Program Files\WindowsApps\PythonSoftwareFoundation.Python.3.13_3.13.3312.0_x64__qbz5n2kfra8p0\Lib\http\server.py", line 892, in copyfile
    shutil.copyfileobj(source, outputfile)
    ~~~~~~~~~~~~~~~~~~^^^^^^^^^^^^^^^^^^^^
  File "C:\Program Files\WindowsApps\PythonSoftwareFoundation.Python.3.13_3.13.3312.0_x64__qbz5n2kfra8p0\Lib\shutil.py", line 204, in copyfileobj
    fdst_write(buf)
    ~~~~~~~~~~^^^^^
  File "C:\Program Files\WindowsApps\PythonSoftwareFoundation.Python.3.13_3.13.3312.0_x64__qbz5n2kfra8p0\Lib\socketserver.py", line 845, in write
    self._sock.sendall(b)
    ~~~~~~~~~~~~~~~~~~^^^
ConnectionAbortedError: [WinError 10053] Uma conexăo estabelecida foi anulada pelo software no computador host
----------------------------------------
::1 - - [10/Mar/2026 17:20:21] "GET /login/styles.css HTTP/1.1" 200 -
::1 - - [10/Mar/2026 17:20:21] "GET /login/images/logo-target.png HTTP/1.1" 200 -
::1 - - [10/Mar/2026 17:20:21] "GET /login/images/logo-compass.png HTTP/1.1" 200 -
::1 - - [10/Mar/2026 17:20:21] "GET /login/images/logo-clock.png HTTP/1.1" 200 -
::1 - - [10/Mar/2026 17:20:21] "GET /login/images/logo-globe.png HTTP/1.1" 200 -
::1 - - [10/Mar/2026 17:20:21] "GET /login/images/logo-group.png HTTP/1.1" 200 -
::ffff:127.0.0.1 - - [10/Mar/2026 17:20:21] "GET /login/script.js HTTP/1.1" 200 -
::1 - - [10/Mar/2026 17:20:40] "GET /raio-x/script.js HTTP/1.1" 200 -
::1 - - [10/Mar/2026 17:20:50] "GET /melhorias/index.html HTTP/1.1" 200 -
::1 - - [10/Mar/2026 17:20:50] "GET /melhorias/styles.css HTTP/1.1" 200 -
::1 - - [10/Mar/2026 17:20:50] "GET /melhorias/app.js HTTP/1.1" 200 -
::1 - - [11/Mar/2026 09:02:27] "GET /melhorias/index.html HTTP/1.1" 304 -
::1 - - [11/Mar/2026 09:02:27] "GET /melhorias/styles.css HTTP/1.1" 304 -
::1 - - [11/Mar/2026 09:02:27] "GET /melhorias/app.js HTTP/1.1" 200 -
::1 - - [11/Mar/2026 09:02:28] "GET /tryvia.png HTTP/1.1" 304 -
::1 - - [11/Mar/2026 09:02:47] "GET /login/index.html HTTP/1.1" 304 -
::1 - - [11/Mar/2026 09:02:47] "GET /login/styles.css HTTP/1.1" 304 -
::1 - - [11/Mar/2026 09:02:47] "GET /login/images/logo-target.png HTTP/1.1" 304 -
::1 - - [11/Mar/2026 09:02:47] "GET /login/images/logo-compass.png HTTP/1.1" 304 -
::1 - - [11/Mar/2026 09:02:47] "GET /login/images/logo-globe.png HTTP/1.1" 304 -
::1 - - [11/Mar/2026 09:02:47] "GET /login/images/logo-clock.png HTTP/1.1" 304 -
::1 - - [11/Mar/2026 09:02:47] "GET /login/images/logo-group.png HTTP/1.1" 304 -
::1 - - [11/Mar/2026 09:02:47] "GET /login/script.js HTTP/1.1" 304 -
::1 - - [11/Mar/2026 09:03:05] "GET /Portal.html HTTP/1.1" 304 -
::1 - - [11/Mar/2026 09:03:05] "GET /css/portal.css HTTP/1.1" 304 -
::1 - - [11/Mar/2026 09:03:05] "GET /logo111.png HTTP/1.1" 304 -
::1 - - [11/Mar/2026 09:03:05] "GET /portal-function/function-ocultarabas.js HTTP/1.1" 304 -
::1 - - [11/Mar/2026 09:03:05] "GET /portal-function/audit.js HTTP/1.1" 304 -
::1 - - [11/Mar/2026 09:03:06] "GET /SING-Service/obter-token.js HTTP/1.1" 304 -
::1 - - [11/Mar/2026 09:03:06] "GET /portal-function/audit-utility.js HTTP/1.1" 304 -
::1 - - [11/Mar/2026 09:03:06] "GET /SING-Service/consultar_integracao_IDCliente.js HTTP/1.1" 304 -
::1 - - [11/Mar/2026 09:03:06] "GET /raio-x/index.html HTTP/1.1" 304 -
::1 - - [11/Mar/2026 09:03:06] "GET /raio-x/styles.css HTTP/1.1" 304 -
::1 - - [11/Mar/2026 09:03:06] "GET /portal-function/portal.js HTTP/1.1" 304 -
::1 - - [11/Mar/2026 09:03:06] "GET /raio-x/script.js HTTP/1.1" 304 -
::1 - - [11/Mar/2026 09:06:05] "GET /melhorias/app.js HTTP/1.1" 200 -
::1 - - [11/Mar/2026 09:06:56] "GET /melhorias/app.js HTTP/1.1" 304 -
::1 - - [11/Mar/2026 09:07:45] "GET /melhorias/app.js HTTP/1.1" 304 -
::1 - - [11/Mar/2026 09:09:04] "GET /melhorias/index.html HTTP/1.1" 304 -
::1 - - [11/Mar/2026 09:09:16] "GET /melhorias/index.html HTTP/1.1" 304 -
::1 - - [11/Mar/2026 09:09:16] "GET /melhorias/app.js HTTP/1.1" 200 -
::1 - - [11/Mar/2026 09:09:50] "GET /melhorias/index.html HTTP/1.1" 304 -
::1 - - [11/Mar/2026 09:09:50] "GET /melhorias/app.js HTTP/1.1" 200 -
::1 - - [11/Mar/2026 09:10:29] "GET /melhorias/app.js HTTP/1.1" 304 -
::1 - - [11/Mar/2026 09:38:15] "GET /melhorias/index.html HTTP/1.1" 304 -
::1 - - [11/Mar/2026 09:38:16] "GET /melhorias/app.js HTTP/1.1" 200 -
::1 - - [11/Mar/2026 09:38:40] "GET /melhorias/index.html HTTP/1.1" 304 -
::1 - - [11/Mar/2026 09:38:40] "GET /melhorias/app.js HTTP/1.1" 200 -
::1 - - [11/Mar/2026 09:38:57] code 404, message File not found
::1 - - [11/Mar/2026 09:38:57] "GET /.well-known/appspecific/com.chrome.devtools.json HTTP/1.1" 404 -
::1 - - [11/Mar/2026 09:39:39] "GET /melhorias/index.html HTTP/1.1" 200 -
::1 - - [11/Mar/2026 09:39:39] "GET /melhorias/styles.css HTTP/1.1" 200 -
::1 - - [11/Mar/2026 09:39:39] "GET /melhorias/app.js HTTP/1.1" 200 -
::1 - - [11/Mar/2026 09:39:39] "GET /tryvia.png HTTP/1.1" 200 -
::1 - - [11/Mar/2026 09:44:01] "GET /melhorias/index.html HTTP/1.1" 304 -
::1 - - [11/Mar/2026 09:44:01] "GET /melhorias/app.js HTTP/1.1" 200 -
::1 - - [11/Mar/2026 09:44:23] "GET /melhorias/index.html HTTP/1.1" 304 -
::1 - - [11/Mar/2026 09:44:23] "GET /melhorias/app.js HTTP/1.1" 200 -
::1 - - [11/Mar/2026 09:44:42] "GET /melhorias/index.html HTTP/1.1" 200 -
::1 - - [11/Mar/2026 09:44:42] "GET /melhorias/styles.css HTTP/1.1" 200 -
::1 - - [11/Mar/2026 09:44:42] "GET /melhorias/app.js HTTP/1.1" 200 -
::1 - - [11/Mar/2026 09:44:43] "GET /tryvia.png HTTP/1.1" 200 -
::1 - - [11/Mar/2026 09:45:01] code 404, message File not found
::1 - - [11/Mar/2026 09:45:01] "GET /.well-known/appspecific/com.chrome.devtools.json HTTP/1.1" 404 -
::1 - - [11/Mar/2026 09:45:21] code 404, message File not found
::1 - - [11/Mar/2026 09:45:21] "GET /.well-known/appspecific/com.chrome.devtools.json HTTP/1.1" 404 -
::1 - - [11/Mar/2026 09:45:59] "GET /melhorias/index.html HTTP/1.1" 200 -
::1 - - [11/Mar/2026 09:45:59] "GET /melhorias/styles.css HTTP/1.1" 200 -
::1 - - [11/Mar/2026 09:45:59] "GET /melhorias/app.js HTTP/1.1" 200 -
::1 - - [11/Mar/2026 09:45:59] "GET /tryvia.png HTTP/1.1" 200 -
::1 - - [11/Mar/2026 09:47:38] "GET /melhorias/index.html HTTP/1.1" 304 -
::1 - - [11/Mar/2026 09:47:38] "GET /melhorias/app.js HTTP/1.1" 200 -
::1 - - [11/Mar/2026 09:47:48] code 404, message File not found
::1 - - [11/Mar/2026 09:47:48] "GET /.well-known/appspecific/com.chrome.devtools.json HTTP/1.1" 404 -
::1 - - [11/Mar/2026 09:50:03] "GET /melhorias/index.html HTTP/1.1" 200 -
::1 - - [11/Mar/2026 09:50:03] "GET /melhorias/styles.css HTTP/1.1" 200 -
::1 - - [11/Mar/2026 09:50:04] "GET /melhorias/app.js HTTP/1.1" 200 -
::1 - - [11/Mar/2026 09:50:04] "GET /tryvia.png HTTP/1.1" 200 -
::1 - - [11/Mar/2026 09:50:18] code 404, message File not found
::1 - - [11/Mar/2026 09:50:18] "GET /.well-known/appspecific/com.chrome.devtools.json HTTP/1.1" 404 -
::1 - - [11/Mar/2026 09:52:46] "GET /melhorias/index.html HTTP/1.1" 304 -
::1 - - [11/Mar/2026 09:52:46] "GET /melhorias/app.js HTTP/1.1" 304 -
::1 - - [11/Mar/2026 09:52:59] code 404, message File not found
::1 - - [11/Mar/2026 09:52:59] "GET /.well-known/appspecific/com.chrome.devtools.json HTTP/1.1" 404 -
::1 - - [11/Mar/2026 09:55:02] "GET /melhorias/index.html HTTP/1.1" 304 -
::1 - - [11/Mar/2026 09:55:02] "GET /melhorias/app.js HTTP/1.1" 200 -
::1 - - [11/Mar/2026 09:57:12] "GET /melhorias/index.html HTTP/1.1" 304 -
::1 - - [11/Mar/2026 09:57:12] "GET /melhorias/app.js HTTP/1.1" 200 -
::1 - - [11/Mar/2026 09:58:08] code 404, message File not found
::1 - - [11/Mar/2026 09:58:08] "GET /.well-known/appspecific/com.chrome.devtools.json HTTP/1.1" 404 -
::1 - - [11/Mar/2026 09:59:20] "GET /melhorias/index.html HTTP/1.1" 304 -
::1 - - [11/Mar/2026 09:59:20] code 404, message File not found
::1 - - [11/Mar/2026 09:59:20] "GET /.well-known/appspecific/com.chrome.devtools.json HTTP/1.1" 404 -
::1 - - [11/Mar/2026 09:59:20] "GET /melhorias/app.js HTTP/1.1" 200 -
::1 - - [11/Mar/2026 10:00:13] "GET /melhorias/index.html HTTP/1.1" 200 -
::1 - - [11/Mar/2026 10:00:13] "GET /melhorias/styles.css HTTP/1.1" 200 -
::1 - - [11/Mar/2026 10:00:13] "GET /melhorias/app.js HTTP/1.1" 200 -
::1 - - [11/Mar/2026 10:00:13] "GET /tryvia.png HTTP/1.1" 200 -
::1 - - [11/Mar/2026 10:01:59] "GET /melhorias/index.html HTTP/1.1" 200 -
::1 - - [11/Mar/2026 10:01:59] "GET /melhorias/styles.css HTTP/1.1" 200 -
::1 - - [11/Mar/2026 10:01:59] "GET /melhorias/app.js HTTP/1.1" 200 -
::1 - - [11/Mar/2026 10:01:59] "GET /tryvia.png HTTP/1.1" 200 -
::1 - - [11/Mar/2026 10:02:10] code 404, message File not found
::1 - - [11/Mar/2026 10:02:10] "GET /.well-known/appspecific/com.chrome.devtools.json HTTP/1.1" 404 -
::1 - - [11/Mar/2026 10:04:59] "GET /melhorias/index.html HTTP/1.1" 304 -
::1 - - [11/Mar/2026 10:04:59] "GET /melhorias/app.js HTTP/1.1" 200 -
::1 - - [11/Mar/2026 10:09:12] "GET /melhorias/index.html HTTP/1.1" 304 -
::1 - - [11/Mar/2026 10:09:12] "GET /melhorias/app.js HTTP/1.1" 200 -
::1 - - [11/Mar/2026 10:17:31] code 404, message File not found
::1 - - [11/Mar/2026 10:17:31] "GET /.well-known/appspecific/com.chrome.devtools.json HTTP/1.1" 404 -
::1 - - [11/Mar/2026 14:27:00] code 404, message File not found
::1 - - [11/Mar/2026 14:27:00] "GET /.well-known/appspecific/com.chrome.devtools.json HTTP/1.1" 404 -
::1 - - [11/Mar/2026 14:30:02] "GET /melhorias/index.html HTTP/1.1" 304 -
::1 - - [11/Mar/2026 14:30:02] code 404, message File not found
::1 - - [11/Mar/2026 14:30:02] "GET /.well-known/appspecific/com.chrome.devtools.json HTTP/1.1" 404 -
::1 - - [11/Mar/2026 14:30:02] "GET /melhorias/styles.css HTTP/1.1" 200 -
::1 - - [11/Mar/2026 14:30:02] "GET /melhorias/app.js HTTP/1.1" 200 -
::1 - - [11/Mar/2026 14:30:03] "GET /tryvia.png HTTP/1.1" 304 -
